[1.048s] Invoking command in '/home/karthik/turtlesim_ws/build/turtlesim_catch_them_all': PYTHONPATH=/home/karthik/turtlesim_ws/build/turtlesim_catch_them_all/prefix_override:/home/karthik/turtlesim_ws/install/turtlesim_catch_them_all/lib/python3.8/site-packages:/home/karthik/turtlesim_ws/install/turtlesim_interfaces/lib/python3.8/site-packages:/home/karthik/turtlesim_ws/install/turtlesim_catch_them_all/lib/python3.8/site-packages:/home/karthik/turtlesim_ws/install/snake_turtle/lib/python3.8/site-packages:/home/karthik/turtlesim_ws/install/my_robot_interfaces/lib/python3.8/site-packages:/home/karthik/ros2_ws/build/my_py_pkg:/home/karthik/ros2_ws/install/my_py_pkg/lib/python3.8/site-packages:/home/karthik/ros2_ws/install/my_robot_interfaces/lib/python3.8/site-packages:/opt/ros/foxy/lib/python3.8/site-packages /usr/bin/python3 setup.py develop --uninstall --editable --build-directory /home/karthik/turtlesim_ws/build/turtlesim_catch_them_all/build
[1.242s] running develop
[1.370s] Invoked command in '/home/karthik/turtlesim_ws/build/turtlesim_catch_them_all' returned '0': PYTHONPATH=/home/karthik/turtlesim_ws/build/turtlesim_catch_them_all/prefix_override:/home/karthik/turtlesim_ws/install/turtlesim_catch_them_all/lib/python3.8/site-packages:/home/karthik/turtlesim_ws/install/turtlesim_interfaces/lib/python3.8/site-packages:/home/karthik/turtlesim_ws/install/turtlesim_catch_them_all/lib/python3.8/site-packages:/home/karthik/turtlesim_ws/install/snake_turtle/lib/python3.8/site-packages:/home/karthik/turtlesim_ws/install/my_robot_interfaces/lib/python3.8/site-packages:/home/karthik/ros2_ws/build/my_py_pkg:/home/karthik/ros2_ws/install/my_py_pkg/lib/python3.8/site-packages:/home/karthik/ros2_ws/install/my_robot_interfaces/lib/python3.8/site-packages:/opt/ros/foxy/lib/python3.8/site-packages /usr/bin/python3 setup.py develop --uninstall --editable --build-directory /home/karthik/turtlesim_ws/build/turtlesim_catch_them_all/build
[1.371s] Invoking command in '/home/karthik/turtlesim_ws/src/turtlesim_catch_them_all': PYTHONPATH=/home/karthik/turtlesim_ws/build/turtlesim_catch_them_all/prefix_override:/home/karthik/turtlesim_ws/install/turtlesim_catch_them_all/lib/python3.8/site-packages:/home/karthik/turtlesim_ws/install/turtlesim_interfaces/lib/python3.8/site-packages:/home/karthik/turtlesim_ws/install/turtlesim_catch_them_all/lib/python3.8/site-packages:/home/karthik/turtlesim_ws/install/snake_turtle/lib/python3.8/site-packages:/home/karthik/turtlesim_ws/install/my_robot_interfaces/lib/python3.8/site-packages:/home/karthik/ros2_ws/build/my_py_pkg:/home/karthik/ros2_ws/install/my_py_pkg/lib/python3.8/site-packages:/home/karthik/ros2_ws/install/my_robot_interfaces/lib/python3.8/site-packages:/opt/ros/foxy/lib/python3.8/site-packages /usr/bin/python3 setup.py egg_info --egg-base ../../build/turtlesim_catch_them_all build --build-base /home/karthik/turtlesim_ws/build/turtlesim_catch_them_all/build install --record /home/karthik/turtlesim_ws/build/turtlesim_catch_them_all/install.log --install-scripts $base/lib/turtlesim_catch_them_all --single-version-externally-managed
[1.552s] running egg_info
[1.552s] writing ../../build/turtlesim_catch_them_all/turtlesim_catch_them_all.egg-info/PKG-INFO
[1.552s] writing dependency_links to ../../build/turtlesim_catch_them_all/turtlesim_catch_them_all.egg-info/dependency_links.txt
[1.552s] writing entry points to ../../build/turtlesim_catch_them_all/turtlesim_catch_them_all.egg-info/entry_points.txt
[1.552s] writing requirements to ../../build/turtlesim_catch_them_all/turtlesim_catch_them_all.egg-info/requires.txt
[1.552s] writing top-level names to ../../build/turtlesim_catch_them_all/turtlesim_catch_them_all.egg-info/top_level.txt
[1.579s] reading manifest file '../../build/turtlesim_catch_them_all/turtlesim_catch_them_all.egg-info/SOURCES.txt'
[1.580s] writing manifest file '../../build/turtlesim_catch_them_all/turtlesim_catch_them_all.egg-info/SOURCES.txt'
[1.580s] running build
[1.580s] running build_py
[1.580s] copying turtlesim_catch_them_all/turtle_spawner.py -> /home/karthik/turtlesim_ws/build/turtlesim_catch_them_all/build/lib/turtlesim_catch_them_all
[1.580s] copying turtlesim_catch_them_all/turtle_controller.py -> /home/karthik/turtlesim_ws/build/turtlesim_catch_them_all/build/lib/turtlesim_catch_them_all
[1.581s] running install
[1.581s] running install_lib
[1.582s] copying /home/karthik/turtlesim_ws/build/turtlesim_catch_them_all/build/lib/turtlesim_catch_them_all/turtle_spawner.py -> /home/karthik/turtlesim_ws/install/turtlesim_catch_them_all/lib/python3.8/site-packages/turtlesim_catch_them_all
[1.582s] copying /home/karthik/turtlesim_ws/build/turtlesim_catch_them_all/build/lib/turtlesim_catch_them_all/turtle_controller.py -> /home/karthik/turtlesim_ws/install/turtlesim_catch_them_all/lib/python3.8/site-packages/turtlesim_catch_them_all
[1.583s] byte-compiling /home/karthik/turtlesim_ws/install/turtlesim_catch_them_all/lib/python3.8/site-packages/turtlesim_catch_them_all/turtle_spawner.py to turtle_spawner.cpython-38.pyc
[1.584s] byte-compiling /home/karthik/turtlesim_ws/install/turtlesim_catch_them_all/lib/python3.8/site-packages/turtlesim_catch_them_all/turtle_controller.py to turtle_controller.cpython-38.pyc
[1.585s] running install_data
[1.585s] running install_egg_info
[1.586s] removing '/home/karthik/turtlesim_ws/install/turtlesim_catch_them_all/lib/python3.8/site-packages/turtlesim_catch_them_all-0.0.0-py3.8.egg-info' (and everything under it)
[1.586s] Copying ../../build/turtlesim_catch_them_all/turtlesim_catch_them_all.egg-info to /home/karthik/turtlesim_ws/install/turtlesim_catch_them_all/lib/python3.8/site-packages/turtlesim_catch_them_all-0.0.0-py3.8.egg-info
[1.587s] running install_scripts
[1.600s] Installing turtle_spawner script to /home/karthik/turtlesim_ws/install/turtlesim_catch_them_all/lib/turtlesim_catch_them_all
[1.601s] Installing turtlesim_controller script to /home/karthik/turtlesim_ws/install/turtlesim_catch_them_all/lib/turtlesim_catch_them_all
[1.601s] writing list of installed files to '/home/karthik/turtlesim_ws/build/turtlesim_catch_them_all/install.log'
[1.620s] Invoked command in '/home/karthik/turtlesim_ws/src/turtlesim_catch_them_all' returned '0': PYTHONPATH=/home/karthik/turtlesim_ws/build/turtlesim_catch_them_all/prefix_override:/home/karthik/turtlesim_ws/install/turtlesim_catch_them_all/lib/python3.8/site-packages:/home/karthik/turtlesim_ws/install/turtlesim_interfaces/lib/python3.8/site-packages:/home/karthik/turtlesim_ws/install/turtlesim_catch_them_all/lib/python3.8/site-packages:/home/karthik/turtlesim_ws/install/snake_turtle/lib/python3.8/site-packages:/home/karthik/turtlesim_ws/install/my_robot_interfaces/lib/python3.8/site-packages:/home/karthik/ros2_ws/build/my_py_pkg:/home/karthik/ros2_ws/install/my_py_pkg/lib/python3.8/site-packages:/home/karthik/ros2_ws/install/my_robot_interfaces/lib/python3.8/site-packages:/opt/ros/foxy/lib/python3.8/site-packages /usr/bin/python3 setup.py egg_info --egg-base ../../build/turtlesim_catch_them_all build --build-base /home/karthik/turtlesim_ws/build/turtlesim_catch_them_all/build install --record /home/karthik/turtlesim_ws/build/turtlesim_catch_them_all/install.log --install-scripts $base/lib/turtlesim_catch_them_all --single-version-externally-managed
