running egg_info
creating ../../build/snake_turtle/snake_turtle.egg-info
writing ../../build/snake_turtle/snake_turtle.egg-info/PKG-INFO
writing dependency_links to ../../build/snake_turtle/snake_turtle.egg-info/dependency_links.txt
writing entry points to ../../build/snake_turtle/snake_turtle.egg-info/entry_points.txt
writing requirements to ../../build/snake_turtle/snake_turtle.egg-info/requires.txt
writing top-level names to ../../build/snake_turtle/snake_turtle.egg-info/top_level.txt
writing manifest file '../../build/snake_turtle/snake_turtle.egg-info/SOURCES.txt'
reading manifest file '../../build/snake_turtle/snake_turtle.egg-info/SOURCES.txt'
writing manifest file '../../build/snake_turtle/snake_turtle.egg-info/SOURCES.txt'
running build
running build_py
creating /home/karthik/turtlesim_ws/build/snake_turtle/build
creating /home/karthik/turtlesim_ws/build/snake_turtle/build/lib
creating /home/karthik/turtlesim_ws/build/snake_turtle/build/lib/snake_turtle
copying snake_turtle/turtle_controller.py -> /home/karthik/turtlesim_ws/build/snake_turtle/build/lib/snake_turtle
copying snake_turtle/__init__.py -> /home/karthik/turtlesim_ws/build/snake_turtle/build/lib/snake_turtle
running install
running install_lib
creating /home/karthik/turtlesim_ws/install/snake_turtle/lib/python3.8/site-packages/snake_turtle
copying /home/karthik/turtlesim_ws/build/snake_turtle/build/lib/snake_turtle/turtle_controller.py -> /home/karthik/turtlesim_ws/install/snake_turtle/lib/python3.8/site-packages/snake_turtle
copying /home/karthik/turtlesim_ws/build/snake_turtle/build/lib/snake_turtle/__init__.py -> /home/karthik/turtlesim_ws/install/snake_turtle/lib/python3.8/site-packages/snake_turtle
byte-compiling /home/karthik/turtlesim_ws/install/snake_turtle/lib/python3.8/site-packages/snake_turtle/turtle_controller.py to turtle_controller.cpython-38.pyc
byte-compiling /home/karthik/turtlesim_ws/install/snake_turtle/lib/python3.8/site-packages/snake_turtle/__init__.py to __init__.cpython-38.pyc
running install_data
creating /home/karthik/turtlesim_ws/install/snake_turtle/share/ament_index
creating /home/karthik/turtlesim_ws/install/snake_turtle/share/ament_index/resource_index
creating /home/karthik/turtlesim_ws/install/snake_turtle/share/ament_index/resource_index/packages
copying resource/snake_turtle -> /home/karthik/turtlesim_ws/install/snake_turtle/share/ament_index/resource_index/packages
copying package.xml -> /home/karthik/turtlesim_ws/install/snake_turtle/share/snake_turtle
running install_egg_info
Copying ../../build/snake_turtle/snake_turtle.egg-info to /home/karthik/turtlesim_ws/install/snake_turtle/lib/python3.8/site-packages/snake_turtle-0.0.0-py3.8.egg-info
running install_scripts
Installing turtlesim_controller script to /home/karthik/turtlesim_ws/install/snake_turtle/lib/snake_turtle
writing list of installed files to '/home/karthik/turtlesim_ws/build/snake_turtle/install.log'
