[0.522s] Invoking command in '/home/karthik/turtlesim_ws/build/turtlesim_catch_them_all': PYTHONPATH=/home/karthik/turtlesim_ws/build/turtlesim_catch_them_all/prefix_override:/home/karthik/turtlesim_ws/install/turtlesim_catch_them_all/lib/python3.8/site-packages:${PYTHONPATH} /usr/bin/python3 setup.py develop --uninstall --editable --build-directory /home/karthik/turtlesim_ws/build/turtlesim_catch_them_all/build
[0.718s] running develop
[0.846s] Invoked command in '/home/karthik/turtlesim_ws/build/turtlesim_catch_them_all' returned '0': PYTHONPATH=/home/karthik/turtlesim_ws/build/turtlesim_catch_them_all/prefix_override:/home/karthik/turtlesim_ws/install/turtlesim_catch_them_all/lib/python3.8/site-packages:${PYTHONPATH} /usr/bin/python3 setup.py develop --uninstall --editable --build-directory /home/karthik/turtlesim_ws/build/turtlesim_catch_them_all/build
[0.847s] Invoking command in '/home/karthik/turtlesim_ws/src/turtlesim_catch_them_all': PYTHONPATH=/home/karthik/turtlesim_ws/build/turtlesim_catch_them_all/prefix_override:/home/karthik/turtlesim_ws/install/turtlesim_catch_them_all/lib/python3.8/site-packages:${PYTHONPATH} /usr/bin/python3 setup.py egg_info --egg-base ../../build/turtlesim_catch_them_all build --build-base /home/karthik/turtlesim_ws/build/turtlesim_catch_them_all/build install --record /home/karthik/turtlesim_ws/build/turtlesim_catch_them_all/install.log --install-scripts $base/lib/turtlesim_catch_them_all --single-version-externally-managed
[1.027s] running egg_info
[1.028s] writing ../../build/turtlesim_catch_them_all/turtlesim_catch_them_all.egg-info/PKG-INFO
[1.028s] writing dependency_links to ../../build/turtlesim_catch_them_all/turtlesim_catch_them_all.egg-info/dependency_links.txt
[1.028s] writing entry points to ../../build/turtlesim_catch_them_all/turtlesim_catch_them_all.egg-info/entry_points.txt
[1.028s] writing requirements to ../../build/turtlesim_catch_them_all/turtlesim_catch_them_all.egg-info/requires.txt
[1.028s] writing top-level names to ../../build/turtlesim_catch_them_all/turtlesim_catch_them_all.egg-info/top_level.txt
[1.055s] reading manifest file '../../build/turtlesim_catch_them_all/turtlesim_catch_them_all.egg-info/SOURCES.txt'
[1.056s] writing manifest file '../../build/turtlesim_catch_them_all/turtlesim_catch_them_all.egg-info/SOURCES.txt'
[1.056s] running build
[1.056s] running build_py
[1.056s] copying turtlesim_catch_them_all/turtle_spawner.py -> /home/karthik/turtlesim_ws/build/turtlesim_catch_them_all/build/lib/turtlesim_catch_them_all
[1.057s] copying turtlesim_catch_them_all/turtle_controller.py -> /home/karthik/turtlesim_ws/build/turtlesim_catch_them_all/build/lib/turtlesim_catch_them_all
[1.057s] running install
[1.057s] running install_lib
[1.058s] copying /home/karthik/turtlesim_ws/build/turtlesim_catch_them_all/build/lib/turtlesim_catch_them_all/turtle_spawner.py -> /home/karthik/turtlesim_ws/install/turtlesim_catch_them_all/lib/python3.8/site-packages/turtlesim_catch_them_all
[1.058s] copying /home/karthik/turtlesim_ws/build/turtlesim_catch_them_all/build/lib/turtlesim_catch_them_all/turtle_controller.py -> /home/karthik/turtlesim_ws/install/turtlesim_catch_them_all/lib/python3.8/site-packages/turtlesim_catch_them_all
[1.058s] byte-compiling /home/karthik/turtlesim_ws/install/turtlesim_catch_them_all/lib/python3.8/site-packages/turtlesim_catch_them_all/turtle_spawner.py to turtle_spawner.cpython-38.pyc
[1.060s] byte-compiling /home/karthik/turtlesim_ws/install/turtlesim_catch_them_all/lib/python3.8/site-packages/turtlesim_catch_them_all/turtle_controller.py to turtle_controller.cpython-38.pyc
[1.060s] running install_data
[1.061s] running install_egg_info
[1.062s] removing '/home/karthik/turtlesim_ws/install/turtlesim_catch_them_all/lib/python3.8/site-packages/turtlesim_catch_them_all-0.0.0-py3.8.egg-info' (and everything under it)
[1.062s] Copying ../../build/turtlesim_catch_them_all/turtlesim_catch_them_all.egg-info to /home/karthik/turtlesim_ws/install/turtlesim_catch_them_all/lib/python3.8/site-packages/turtlesim_catch_them_all-0.0.0-py3.8.egg-info
[1.063s] running install_scripts
[1.076s] Installing turtle_spawner script to /home/karthik/turtlesim_ws/install/turtlesim_catch_them_all/lib/turtlesim_catch_them_all
[1.076s] Installing turtlesim_controller script to /home/karthik/turtlesim_ws/install/turtlesim_catch_them_all/lib/turtlesim_catch_them_all
[1.077s] writing list of installed files to '/home/karthik/turtlesim_ws/build/turtlesim_catch_them_all/install.log'
[1.092s] Invoked command in '/home/karthik/turtlesim_ws/src/turtlesim_catch_them_all' returned '0': PYTHONPATH=/home/karthik/turtlesim_ws/build/turtlesim_catch_them_all/prefix_override:/home/karthik/turtlesim_ws/install/turtlesim_catch_them_all/lib/python3.8/site-packages:${PYTHONPATH} /usr/bin/python3 setup.py egg_info --egg-base ../../build/turtlesim_catch_them_all build --build-base /home/karthik/turtlesim_ws/build/turtlesim_catch_them_all/build install --record /home/karthik/turtlesim_ws/build/turtlesim_catch_them_all/install.log --install-scripts $base/lib/turtlesim_catch_them_all --single-version-externally-managed
