[0.255s] DEBUG:colcon:Command line arguments: ['/usr/bin/colcon', 'build', '--packages-select', 'turtlesim_bringup']
[0.255s] DEBUG:colcon:Parsed command line arguments: Namespace(allow_overriding=[], ament_cmake_args=None, base_paths=['.'], build_base='build', catkin_cmake_args=None, catkin_skip_building_tests=False, cmake_args=None, cmake_clean_cache=False, cmake_clean_first=False, cmake_force_configure=False, cmake_target=None, cmake_target_skip_unavailable=False, continue_on_error=False, event_handlers=None, executor='parallel', ignore_user_meta=False, install_base='install', log_base=None, log_level=None, main=<bound method BuildVerb.main of <colcon_core.verb.build.BuildVerb object at 0x7f090c272af0>>, merge_install=False, metas=['./colcon.meta'], packages_above=None, packages_above_and_dependencies=None, packages_above_depth=None, packages_end=None, packages_ignore=None, packages_ignore_regex=None, packages_select=['turtlesim_bringup'], packages_select_build_failed=False, packages_select_by_dep=None, packages_select_regex=None, packages_select_test_failures=False, packages_skip=None, packages_skip_build_finished=False, packages_skip_by_dep=None, packages_skip_regex=None, packages_skip_test_passed=False, packages_skip_up_to=None, packages_start=None, packages_up_to=None, packages_up_to_regex=None, parallel_workers=8, paths=None, symlink_install=False, test_result_base=None, verb_extension=<colcon_core.verb.build.BuildVerb object at 0x7f090c272af0>, verb_name='build', verb_parser=<colcon_defaults.argument_parser.defaults.DefaultArgumentsDecorator object at 0x7f090c27b0a0>)
[0.276s] Level 1:colcon.colcon_core.package_discovery:discover_packages(colcon_meta) check parameters
[0.277s] Level 1:colcon.colcon_core.package_discovery:discover_packages(recursive) check parameters
[0.277s] Level 1:colcon.colcon_core.package_discovery:discover_packages(ignore) check parameters
[0.277s] Level 1:colcon.colcon_core.package_discovery:discover_packages(path) check parameters
[0.277s] Level 1:colcon.colcon_core.package_discovery:discover_packages(colcon_meta) discover
[0.277s] Level 1:colcon.colcon_core.package_discovery:discover_packages(recursive) discover
[0.277s] INFO:colcon.colcon_core.package_discovery:Crawling recursively for packages in '/home/karthik/turtlesim_ws'
[0.277s] Level 1:colcon.colcon_core.package_identification:_identify(.) by extensions ['ignore', 'ignore_ament_install']
[0.277s] Level 1:colcon.colcon_core.package_identification:_identify(.) by extension 'ignore'
[0.277s] Level 1:colcon.colcon_core.package_identification:_identify(.) by extension 'ignore_ament_install'
[0.277s] Level 1:colcon.colcon_core.package_identification:_identify(.) by extensions ['colcon_pkg']
[0.277s] Level 1:colcon.colcon_core.package_identification:_identify(.) by extension 'colcon_pkg'
[0.277s] Level 1:colcon.colcon_core.package_identification:_identify(.) by extensions ['colcon_meta']
[0.277s] Level 1:colcon.colcon_core.package_identification:_identify(.) by extension 'colcon_meta'
[0.277s] Level 1:colcon.colcon_core.package_identification:_identify(.) by extensions ['ros']
[0.277s] Level 1:colcon.colcon_core.package_identification:_identify(.) by extension 'ros'
[0.293s] Level 1:colcon.colcon_core.package_identification:_identify(.) by extensions ['cmake', 'python']
[0.293s] Level 1:colcon.colcon_core.package_identification:_identify(.) by extension 'cmake'
[0.293s] Level 1:colcon.colcon_core.package_identification:_identify(.) by extension 'python'
[0.293s] Level 1:colcon.colcon_core.package_identification:_identify(.) by extensions ['python_setup_py']
[0.293s] Level 1:colcon.colcon_core.package_identification:_identify(.) by extension 'python_setup_py'
[0.293s] Level 1:colcon.colcon_core.package_identification:_identify(build) by extensions ['ignore', 'ignore_ament_install']
[0.293s] Level 1:colcon.colcon_core.package_identification:_identify(build) by extension 'ignore'
[0.293s] Level 1:colcon.colcon_core.package_identification:_identify(build) ignored
[0.293s] Level 1:colcon.colcon_core.package_identification:_identify(install) by extensions ['ignore', 'ignore_ament_install']
[0.294s] Level 1:colcon.colcon_core.package_identification:_identify(install) by extension 'ignore'
[0.294s] Level 1:colcon.colcon_core.package_identification:_identify(install) ignored
[0.294s] Level 1:colcon.colcon_core.package_identification:_identify(log) by extensions ['ignore', 'ignore_ament_install']
[0.294s] Level 1:colcon.colcon_core.package_identification:_identify(log) by extension 'ignore'
[0.294s] Level 1:colcon.colcon_core.package_identification:_identify(log) ignored
[0.294s] Level 1:colcon.colcon_core.package_identification:_identify(src) by extensions ['ignore', 'ignore_ament_install']
[0.294s] Level 1:colcon.colcon_core.package_identification:_identify(src) by extension 'ignore'
[0.294s] Level 1:colcon.colcon_core.package_identification:_identify(src) by extension 'ignore_ament_install'
[0.294s] Level 1:colcon.colcon_core.package_identification:_identify(src) by extensions ['colcon_pkg']
[0.294s] Level 1:colcon.colcon_core.package_identification:_identify(src) by extension 'colcon_pkg'
[0.294s] Level 1:colcon.colcon_core.package_identification:_identify(src) by extensions ['colcon_meta']
[0.294s] Level 1:colcon.colcon_core.package_identification:_identify(src) by extension 'colcon_meta'
[0.294s] Level 1:colcon.colcon_core.package_identification:_identify(src) by extensions ['ros']
[0.294s] Level 1:colcon.colcon_core.package_identification:_identify(src) by extension 'ros'
[0.295s] Level 1:colcon.colcon_core.package_identification:_identify(src) by extensions ['cmake', 'python']
[0.295s] Level 1:colcon.colcon_core.package_identification:_identify(src) by extension 'cmake'
[0.295s] Level 1:colcon.colcon_core.package_identification:_identify(src) by extension 'python'
[0.295s] Level 1:colcon.colcon_core.package_identification:_identify(src) by extensions ['python_setup_py']
[0.295s] Level 1:colcon.colcon_core.package_identification:_identify(src) by extension 'python_setup_py'
[0.295s] Level 1:colcon.colcon_core.package_identification:_identify(src/turtlesim_bringup) by extensions ['ignore', 'ignore_ament_install']
[0.295s] Level 1:colcon.colcon_core.package_identification:_identify(src/turtlesim_bringup) by extension 'ignore'
[0.295s] Level 1:colcon.colcon_core.package_identification:_identify(src/turtlesim_bringup) by extension 'ignore_ament_install'
[0.295s] Level 1:colcon.colcon_core.package_identification:_identify(src/turtlesim_bringup) by extensions ['colcon_pkg']
[0.295s] Level 1:colcon.colcon_core.package_identification:_identify(src/turtlesim_bringup) by extension 'colcon_pkg'
[0.295s] Level 1:colcon.colcon_core.package_identification:_identify(src/turtlesim_bringup) by extensions ['colcon_meta']
[0.295s] Level 1:colcon.colcon_core.package_identification:_identify(src/turtlesim_bringup) by extension 'colcon_meta'
[0.295s] Level 1:colcon.colcon_core.package_identification:_identify(src/turtlesim_bringup) by extensions ['ros']
[0.295s] Level 1:colcon.colcon_core.package_identification:_identify(src/turtlesim_bringup) by extension 'ros'
[0.298s] DEBUG:colcon.colcon_core.package_identification:Package 'src/turtlesim_bringup' with type 'ros.ament_cmake' and name 'turtlesim_bringup'
[0.298s] Level 1:colcon.colcon_core.package_identification:_identify(src/turtlesim_catch_them_all) by extensions ['ignore', 'ignore_ament_install']
[0.298s] Level 1:colcon.colcon_core.package_identification:_identify(src/turtlesim_catch_them_all) by extension 'ignore'
[0.298s] Level 1:colcon.colcon_core.package_identification:_identify(src/turtlesim_catch_them_all) by extension 'ignore_ament_install'
[0.298s] Level 1:colcon.colcon_core.package_identification:_identify(src/turtlesim_catch_them_all) by extensions ['colcon_pkg']
[0.298s] Level 1:colcon.colcon_core.package_identification:_identify(src/turtlesim_catch_them_all) by extension 'colcon_pkg'
[0.298s] Level 1:colcon.colcon_core.package_identification:_identify(src/turtlesim_catch_them_all) by extensions ['colcon_meta']
[0.298s] Level 1:colcon.colcon_core.package_identification:_identify(src/turtlesim_catch_them_all) by extension 'colcon_meta'
[0.298s] Level 1:colcon.colcon_core.package_identification:_identify(src/turtlesim_catch_them_all) by extensions ['ros']
[0.298s] Level 1:colcon.colcon_core.package_identification:_identify(src/turtlesim_catch_them_all) by extension 'ros'
[0.299s] DEBUG:colcon.colcon_core.package_identification:Package 'src/turtlesim_catch_them_all' with type 'ros.ament_python' and name 'turtlesim_catch_them_all'
[0.300s] Level 1:colcon.colcon_core.package_identification:_identify(src/turtlesim_interfaces) by extensions ['ignore', 'ignore_ament_install']
[0.300s] Level 1:colcon.colcon_core.package_identification:_identify(src/turtlesim_interfaces) by extension 'ignore'
[0.300s] Level 1:colcon.colcon_core.package_identification:_identify(src/turtlesim_interfaces) by extension 'ignore_ament_install'
[0.300s] Level 1:colcon.colcon_core.package_identification:_identify(src/turtlesim_interfaces) by extensions ['colcon_pkg']
[0.300s] Level 1:colcon.colcon_core.package_identification:_identify(src/turtlesim_interfaces) by extension 'colcon_pkg'
[0.300s] Level 1:colcon.colcon_core.package_identification:_identify(src/turtlesim_interfaces) by extensions ['colcon_meta']
[0.300s] Level 1:colcon.colcon_core.package_identification:_identify(src/turtlesim_interfaces) by extension 'colcon_meta'
[0.300s] Level 1:colcon.colcon_core.package_identification:_identify(src/turtlesim_interfaces) by extensions ['ros']
[0.300s] Level 1:colcon.colcon_core.package_identification:_identify(src/turtlesim_interfaces) by extension 'ros'
[0.301s] DEBUG:colcon.colcon_core.package_identification:Package 'src/turtlesim_interfaces' with type 'ros.ament_cmake' and name 'turtlesim_interfaces'
[0.301s] Level 1:colcon.colcon_core.package_discovery:discover_packages(recursive) using defaults
[0.301s] Level 1:colcon.colcon_core.package_discovery:discover_packages(ignore) discover
[0.301s] Level 1:colcon.colcon_core.package_discovery:discover_packages(ignore) using defaults
[0.301s] Level 1:colcon.colcon_core.package_discovery:discover_packages(path) discover
[0.301s] Level 1:colcon.colcon_core.package_discovery:discover_packages(path) using defaults
[0.317s] INFO:colcon.colcon_core.package_selection:Skipping not selected package 'turtlesim_interfaces' in 'src/turtlesim_interfaces'
[0.317s] INFO:colcon.colcon_core.package_selection:Skipping not selected package 'turtlesim_catch_them_all' in 'src/turtlesim_catch_them_all'
[0.318s] Level 1:colcon.colcon_core.package_discovery:discover_packages(prefix_path) check parameters
[0.318s] Level 1:colcon.colcon_core.package_discovery:discover_packages(prefix_path) discover
[0.320s] DEBUG:colcon.colcon_installed_package_information.package_discovery:Found 4 installed packages in /home/karthik/turtlesim_ws/install
[0.321s] DEBUG:colcon.colcon_installed_package_information.package_discovery:Found 3 installed packages in /home/karthik/ros2_ws/install
[0.322s] DEBUG:colcon.colcon_installed_package_information.package_discovery:Found 256 installed packages in /opt/ros/foxy
[0.323s] Level 1:colcon.colcon_core.package_discovery:discover_packages(prefix_path) using defaults
[0.381s] Level 5:colcon.colcon_core.verb:set package 'turtlesim_bringup' build argument 'cmake_args' from command line to 'None'
[0.381s] Level 5:colcon.colcon_core.verb:set package 'turtlesim_bringup' build argument 'cmake_target' from command line to 'None'
[0.381s] Level 5:colcon.colcon_core.verb:set package 'turtlesim_bringup' build argument 'cmake_target_skip_unavailable' from command line to 'False'
[0.381s] Level 5:colcon.colcon_core.verb:set package 'turtlesim_bringup' build argument 'cmake_clean_cache' from command line to 'False'
[0.381s] Level 5:colcon.colcon_core.verb:set package 'turtlesim_bringup' build argument 'cmake_clean_first' from command line to 'False'
[0.381s] Level 5:colcon.colcon_core.verb:set package 'turtlesim_bringup' build argument 'cmake_force_configure' from command line to 'False'
[0.381s] Level 5:colcon.colcon_core.verb:set package 'turtlesim_bringup' build argument 'ament_cmake_args' from command line to 'None'
[0.381s] Level 5:colcon.colcon_core.verb:set package 'turtlesim_bringup' build argument 'catkin_cmake_args' from command line to 'None'
[0.381s] Level 5:colcon.colcon_core.verb:set package 'turtlesim_bringup' build argument 'catkin_skip_building_tests' from command line to 'False'
[0.381s] DEBUG:colcon.colcon_core.verb:Building package 'turtlesim_bringup' with the following arguments: {'ament_cmake_args': None, 'build_base': '/home/karthik/turtlesim_ws/build/turtlesim_bringup', 'catkin_cmake_args': None, 'catkin_skip_building_tests': False, 'cmake_args': None, 'cmake_clean_cache': False, 'cmake_clean_first': False, 'cmake_force_configure': False, 'cmake_target': None, 'cmake_target_skip_unavailable': False, 'install_base': '/home/karthik/turtlesim_ws/install/turtlesim_bringup', 'merge_install': False, 'path': '/home/karthik/turtlesim_ws/src/turtlesim_bringup', 'symlink_install': False, 'test_result_base': None}
[0.382s] INFO:colcon.colcon_core.executor:Executing jobs using 'parallel' executor
[0.385s] DEBUG:colcon.colcon_parallel_executor.executor.parallel:run_until_complete
[0.385s] INFO:colcon.colcon_ros.task.ament_cmake.build:Building ROS package in '/home/karthik/turtlesim_ws/src/turtlesim_bringup' with build type 'ament_cmake'
[0.385s] INFO:colcon.colcon_cmake.task.cmake.build:Building CMake package in '/home/karthik/turtlesim_ws/src/turtlesim_bringup'
[0.389s] INFO:colcon.colcon_core.plugin_system:Skipping extension 'colcon_core.shell.bat': Not used on non-Windows systems
[0.389s] INFO:colcon.colcon_core.shell:Skip shell extension 'powershell' for command environment: Not usable outside of PowerShell
[0.389s] DEBUG:colcon.colcon_core.shell:Skip shell extension 'dsv' for command environment
[0.401s] DEBUG:colcon.colcon_core.event_handler.log_command:Invoking command in '/home/karthik/turtlesim_ws/build/turtlesim_bringup': CMAKE_PREFIX_PATH=${CMAKE_PREFIX_PATH}:/home/karthik/turtlesim_ws/install/turtlesim_catch_them_all:/home/karthik/turtlesim_ws/install/snake_turtle:/home/karthik/ros2_ws/install/my_py_pkg:/opt/ros/foxy /usr/bin/cmake /home/karthik/turtlesim_ws/src/turtlesim_bringup -DCMAKE_INSTALL_PREFIX=/home/karthik/turtlesim_ws/install/turtlesim_bringup
[1.115s] DEBUG:colcon.colcon_core.event_handler.log_command:Invoked command in '/home/karthik/turtlesim_ws/build/turtlesim_bringup' returned '0': CMAKE_PREFIX_PATH=${CMAKE_PREFIX_PATH}:/home/karthik/turtlesim_ws/install/turtlesim_catch_them_all:/home/karthik/turtlesim_ws/install/snake_turtle:/home/karthik/ros2_ws/install/my_py_pkg:/opt/ros/foxy /usr/bin/cmake /home/karthik/turtlesim_ws/src/turtlesim_bringup -DCMAKE_INSTALL_PREFIX=/home/karthik/turtlesim_ws/install/turtlesim_bringup
[1.118s] DEBUG:colcon.colcon_core.event_handler.log_command:Invoking command in '/home/karthik/turtlesim_ws/build/turtlesim_bringup': CMAKE_PREFIX_PATH=${CMAKE_PREFIX_PATH}:/home/karthik/turtlesim_ws/install/turtlesim_catch_them_all:/home/karthik/turtlesim_ws/install/snake_turtle:/home/karthik/ros2_ws/install/my_py_pkg:/opt/ros/foxy /usr/bin/cmake --build /home/karthik/turtlesim_ws/build/turtlesim_bringup -- -j8 -l8
[1.153s] DEBUG:colcon.colcon_core.event_handler.log_command:Invoked command in '/home/karthik/turtlesim_ws/build/turtlesim_bringup' returned '0': CMAKE_PREFIX_PATH=${CMAKE_PREFIX_PATH}:/home/karthik/turtlesim_ws/install/turtlesim_catch_them_all:/home/karthik/turtlesim_ws/install/snake_turtle:/home/karthik/ros2_ws/install/my_py_pkg:/opt/ros/foxy /usr/bin/cmake --build /home/karthik/turtlesim_ws/build/turtlesim_bringup -- -j8 -l8
[1.183s] DEBUG:colcon.colcon_core.event_handler.log_command:Invoking command in '/home/karthik/turtlesim_ws/build/turtlesim_bringup': CMAKE_PREFIX_PATH=${CMAKE_PREFIX_PATH}:/home/karthik/turtlesim_ws/install/turtlesim_catch_them_all:/home/karthik/turtlesim_ws/install/snake_turtle:/home/karthik/ros2_ws/install/my_py_pkg:/opt/ros/foxy /usr/bin/cmake --install /home/karthik/turtlesim_ws/build/turtlesim_bringup
[1.193s] Level 1:colcon.colcon_core.environment:create_environment_scripts_only(turtlesim_bringup)
[1.194s] DEBUG:colcon.colcon_core.event_handler.log_command:Invoked command in '/home/karthik/turtlesim_ws/build/turtlesim_bringup' returned '0': CMAKE_PREFIX_PATH=${CMAKE_PREFIX_PATH}:/home/karthik/turtlesim_ws/install/turtlesim_catch_them_all:/home/karthik/turtlesim_ws/install/snake_turtle:/home/karthik/ros2_ws/install/my_py_pkg:/opt/ros/foxy /usr/bin/cmake --install /home/karthik/turtlesim_ws/build/turtlesim_bringup
[1.199s] Level 1:colcon.colcon_core.environment:checking '/home/karthik/turtlesim_ws/install/turtlesim_bringup' for CMake module files
[1.199s] Level 1:colcon.colcon_core.environment:checking '/home/karthik/turtlesim_ws/install/turtlesim_bringup' for CMake config files
[1.200s] Level 1:colcon.colcon_core.shell:create_environment_hook('turtlesim_bringup', 'cmake_prefix_path')
[1.201s] INFO:colcon.colcon_core.shell:Creating environment hook '/home/karthik/turtlesim_ws/install/turtlesim_bringup/share/turtlesim_bringup/hook/cmake_prefix_path.ps1'
[1.201s] INFO:colcon.colcon_core.shell:Creating environment descriptor '/home/karthik/turtlesim_ws/install/turtlesim_bringup/share/turtlesim_bringup/hook/cmake_prefix_path.dsv'
[1.202s] INFO:colcon.colcon_core.shell:Creating environment hook '/home/karthik/turtlesim_ws/install/turtlesim_bringup/share/turtlesim_bringup/hook/cmake_prefix_path.sh'
[1.202s] Level 1:colcon.colcon_core.environment:checking '/home/karthik/turtlesim_ws/install/turtlesim_bringup/bin'
[1.202s] Level 1:colcon.colcon_core.environment:checking '/home/karthik/turtlesim_ws/install/turtlesim_bringup/lib/pkgconfig/turtlesim_bringup.pc'
[1.202s] Level 1:colcon.colcon_core.environment:checking '/home/karthik/turtlesim_ws/install/turtlesim_bringup/lib/python3.8/site-packages'
[1.203s] Level 1:colcon.colcon_core.environment:checking '/home/karthik/turtlesim_ws/install/turtlesim_bringup/bin'
[1.204s] INFO:colcon.colcon_core.shell:Creating package script '/home/karthik/turtlesim_ws/install/turtlesim_bringup/share/turtlesim_bringup/package.ps1'
[1.204s] INFO:colcon.colcon_core.shell:Creating package descriptor '/home/karthik/turtlesim_ws/install/turtlesim_bringup/share/turtlesim_bringup/package.dsv'
[1.205s] INFO:colcon.colcon_core.shell:Creating package script '/home/karthik/turtlesim_ws/install/turtlesim_bringup/share/turtlesim_bringup/package.sh'
[1.205s] INFO:colcon.colcon_core.shell:Creating package script '/home/karthik/turtlesim_ws/install/turtlesim_bringup/share/turtlesim_bringup/package.bash'
[1.206s] INFO:colcon.colcon_core.shell:Creating package script '/home/karthik/turtlesim_ws/install/turtlesim_bringup/share/turtlesim_bringup/package.zsh'
[1.206s] Level 1:colcon.colcon_core.environment:create_file_with_runtime_dependencies(/home/karthik/turtlesim_ws/install/turtlesim_bringup/share/colcon-core/packages/turtlesim_bringup)
[1.227s] Level 1:colcon.colcon_core.environment:create_environment_scripts_only(turtlesim_bringup)
[1.228s] Level 1:colcon.colcon_core.environment:checking '/home/karthik/turtlesim_ws/install/turtlesim_bringup' for CMake module files
[1.229s] Level 1:colcon.colcon_core.environment:checking '/home/karthik/turtlesim_ws/install/turtlesim_bringup' for CMake config files
[1.229s] Level 1:colcon.colcon_core.shell:create_environment_hook('turtlesim_bringup', 'cmake_prefix_path')
[1.230s] INFO:colcon.colcon_core.shell:Creating environment hook '/home/karthik/turtlesim_ws/install/turtlesim_bringup/share/turtlesim_bringup/hook/cmake_prefix_path.ps1'
[1.231s] INFO:colcon.colcon_core.shell:Creating environment descriptor '/home/karthik/turtlesim_ws/install/turtlesim_bringup/share/turtlesim_bringup/hook/cmake_prefix_path.dsv'
[1.231s] INFO:colcon.colcon_core.shell:Creating environment hook '/home/karthik/turtlesim_ws/install/turtlesim_bringup/share/turtlesim_bringup/hook/cmake_prefix_path.sh'
[1.231s] Level 1:colcon.colcon_core.environment:checking '/home/karthik/turtlesim_ws/install/turtlesim_bringup/bin'
[1.231s] Level 1:colcon.colcon_core.environment:checking '/home/karthik/turtlesim_ws/install/turtlesim_bringup/lib/pkgconfig/turtlesim_bringup.pc'
[1.232s] Level 1:colcon.colcon_core.environment:checking '/home/karthik/turtlesim_ws/install/turtlesim_bringup/lib/python3.8/site-packages'
[1.232s] Level 1:colcon.colcon_core.environment:checking '/home/karthik/turtlesim_ws/install/turtlesim_bringup/bin'
[1.233s] INFO:colcon.colcon_core.shell:Creating package script '/home/karthik/turtlesim_ws/install/turtlesim_bringup/share/turtlesim_bringup/package.ps1'
[1.234s] INFO:colcon.colcon_core.shell:Creating package descriptor '/home/karthik/turtlesim_ws/install/turtlesim_bringup/share/turtlesim_bringup/package.dsv'
[1.234s] INFO:colcon.colcon_core.shell:Creating package script '/home/karthik/turtlesim_ws/install/turtlesim_bringup/share/turtlesim_bringup/package.sh'
[1.235s] INFO:colcon.colcon_core.shell:Creating package script '/home/karthik/turtlesim_ws/install/turtlesim_bringup/share/turtlesim_bringup/package.bash'
[1.235s] INFO:colcon.colcon_core.shell:Creating package script '/home/karthik/turtlesim_ws/install/turtlesim_bringup/share/turtlesim_bringup/package.zsh'
[1.235s] Level 1:colcon.colcon_core.environment:create_file_with_runtime_dependencies(/home/karthik/turtlesim_ws/install/turtlesim_bringup/share/colcon-core/packages/turtlesim_bringup)
[1.236s] DEBUG:colcon.colcon_parallel_executor.executor.parallel:closing loop
[1.236s] DEBUG:colcon.colcon_parallel_executor.executor.parallel:loop closed
[1.236s] DEBUG:colcon.colcon_parallel_executor.executor.parallel:run_until_complete finished with '0'
[1.236s] DEBUG:colcon.colcon_core.event_reactor:joining thread
[1.241s] INFO:colcon.colcon_core.plugin_system:Skipping extension 'colcon_notification.desktop_notification.terminal_notifier': Not used on non-Darwin systems
[1.241s] INFO:colcon.colcon_core.plugin_system:Skipping extension 'colcon_notification.desktop_notification.win32': Not used on non-Windows systems
[1.241s] INFO:colcon.colcon_notification.desktop_notification:Sending desktop notification using 'notify2'
[1.252s] DEBUG:colcon.colcon_core.event_reactor:joined thread
[1.254s] INFO:colcon.colcon_core.shell:Creating prefix script '/home/karthik/turtlesim_ws/install/local_setup.ps1'
[1.254s] INFO:colcon.colcon_core.shell:Creating prefix util module '/home/karthik/turtlesim_ws/install/_local_setup_util_ps1.py'
[1.256s] INFO:colcon.colcon_core.shell:Creating prefix chain script '/home/karthik/turtlesim_ws/install/setup.ps1'
[1.257s] INFO:colcon.colcon_core.shell:Creating prefix script '/home/karthik/turtlesim_ws/install/local_setup.sh'
[1.257s] INFO:colcon.colcon_core.shell:Creating prefix util module '/home/karthik/turtlesim_ws/install/_local_setup_util_sh.py'
[1.258s] INFO:colcon.colcon_core.shell:Creating prefix chain script '/home/karthik/turtlesim_ws/install/setup.sh'
[1.259s] INFO:colcon.colcon_core.shell:Creating prefix script '/home/karthik/turtlesim_ws/install/local_setup.bash'
[1.260s] INFO:colcon.colcon_core.shell:Creating prefix chain script '/home/karthik/turtlesim_ws/install/setup.bash'
[1.261s] INFO:colcon.colcon_core.shell:Creating prefix script '/home/karthik/turtlesim_ws/install/local_setup.zsh'
[1.262s] INFO:colcon.colcon_core.shell:Creating prefix chain script '/home/karthik/turtlesim_ws/install/setup.zsh'
