[0.014s] Invoking command in '/home/karthik/turtlesim_ws/build/my_robot_interfaces': CMAKE_PREFIX_PATH=${CMAKE_PREFIX_PATH}:/home/karthik/turtlesim_ws/install/turtlesim_catch_them_all:/home/karthik/turtlesim_ws/install/snake_turtle:/home/karthik/ros2_ws/install/my_py_pkg:/opt/ros/foxy /usr/bin/cmake --build /home/karthik/turtlesim_ws/build/my_robot_interfaces -- -j8 -l8
[0.063s] [  2%] Built target my_robot_interfaces__cpp
[0.063s] [ 12%] Built target my_robot_interfaces__rosidl_generator_c
[0.085s] [ 34%] Built target my_robot_interfaces__rosidl_typesupport_introspection_cpp
[0.086s] [ 34%] Built target my_robot_interfaces__rosidl_typesupport_c
[0.086s] [ 44%] Built target my_robot_interfaces__rosidl_typesupport_cpp
[0.095s] [ 55%] Built target my_robot_interfaces__rosidl_typesupport_fastrtps_cpp
[0.122s] [ 65%] Built target my_robot_interfaces__rosidl_typesupport_introspection_c
[0.129s] [ 76%] Built target my_robot_interfaces__rosidl_typesupport_fastrtps_c
[0.148s] [ 76%] Built target my_robot_interfaces
[0.166s] [ 78%] Built target my_robot_interfaces__py
[0.190s] [ 87%] Built target my_robot_interfaces__python
[0.213s] [ 95%] Built target my_robot_interfaces__rosidl_typesupport_introspection_c__pyext
[0.213s] [ 95%] Built target my_robot_interfaces__rosidl_typesupport_c__pyext
[0.213s] [100%] Built target my_robot_interfaces__rosidl_typesupport_fastrtps_c__pyext
[0.223s] Invoked command in '/home/karthik/turtlesim_ws/build/my_robot_interfaces' returned '0': CMAKE_PREFIX_PATH=${CMAKE_PREFIX_PATH}:/home/karthik/turtlesim_ws/install/turtlesim_catch_them_all:/home/karthik/turtlesim_ws/install/snake_turtle:/home/karthik/ros2_ws/install/my_py_pkg:/opt/ros/foxy /usr/bin/cmake --build /home/karthik/turtlesim_ws/build/my_robot_interfaces -- -j8 -l8
[0.302s] Invoking command in '/home/karthik/turtlesim_ws/build/my_robot_interfaces': CMAKE_PREFIX_PATH=${CMAKE_PREFIX_PATH}:/home/karthik/turtlesim_ws/install/turtlesim_catch_them_all:/home/karthik/turtlesim_ws/install/snake_turtle:/home/karthik/ros2_ws/install/my_py_pkg:/opt/ros/foxy /usr/bin/cmake --install /home/karthik/turtlesim_ws/build/my_robot_interfaces
[0.309s] -- Install configuration: ""
[0.309s] -- Up-to-date: /home/karthik/turtlesim_ws/install/my_robot_interfaces/share/ament_index/resource_index/rosidl_interfaces/my_robot_interfaces
[0.310s] -- Up-to-date: /home/karthik/turtlesim_ws/install/my_robot_interfaces/include/my_robot_interfaces
[0.310s] -- Up-to-date: /home/karthik/turtlesim_ws/install/my_robot_interfaces/include/my_robot_interfaces/msg
[0.310s] -- Up-to-date: /home/karthik/turtlesim_ws/install/my_robot_interfaces/include/my_robot_interfaces/msg/turtle_array.h
[0.310s] -- Up-to-date: /home/karthik/turtlesim_ws/install/my_robot_interfaces/include/my_robot_interfaces/msg/detail
[0.310s] -- Up-to-date: /home/karthik/turtlesim_ws/install/my_robot_interfaces/include/my_robot_interfaces/msg/detail/turtle__type_support.h
[0.310s] -- Up-to-date: /home/karthik/turtlesim_ws/install/my_robot_interfaces/include/my_robot_interfaces/msg/detail/turtle__functions.c
[0.310s] -- Up-to-date: /home/karthik/turtlesim_ws/install/my_robot_interfaces/include/my_robot_interfaces/msg/detail/turtle_array__functions.h
[0.310s] -- Up-to-date: /home/karthik/turtlesim_ws/install/my_robot_interfaces/include/my_robot_interfaces/msg/detail/turtle_array__struct.h
[0.310s] -- Up-to-date: /home/karthik/turtlesim_ws/install/my_robot_interfaces/include/my_robot_interfaces/msg/detail/turtle_array__functions.c
[0.310s] -- Up-to-date: /home/karthik/turtlesim_ws/install/my_robot_interfaces/include/my_robot_interfaces/msg/detail/turtle__functions.h
[0.310s] -- Up-to-date: /home/karthik/turtlesim_ws/install/my_robot_interfaces/include/my_robot_interfaces/msg/detail/turtle__struct.h
[0.310s] -- Up-to-date: /home/karthik/turtlesim_ws/install/my_robot_interfaces/include/my_robot_interfaces/msg/detail/turtle_array__type_support.h
[0.310s] -- Up-to-date: /home/karthik/turtlesim_ws/install/my_robot_interfaces/include/my_robot_interfaces/msg/rosidl_generator_c__visibility_control.h
[0.310s] -- Up-to-date: /home/karthik/turtlesim_ws/install/my_robot_interfaces/include/my_robot_interfaces/msg/turtle.h
[0.311s] -- Up-to-date: /home/karthik/turtlesim_ws/install/my_robot_interfaces/include/my_robot_interfaces/srv
[0.311s] -- Up-to-date: /home/karthik/turtlesim_ws/install/my_robot_interfaces/include/my_robot_interfaces/srv/catch_turtle.h
[0.311s] -- Up-to-date: /home/karthik/turtlesim_ws/install/my_robot_interfaces/include/my_robot_interfaces/srv/detail
[0.311s] -- Up-to-date: /home/karthik/turtlesim_ws/install/my_robot_interfaces/include/my_robot_interfaces/srv/detail/catch_turtle__struct.h
[0.311s] -- Up-to-date: /home/karthik/turtlesim_ws/install/my_robot_interfaces/include/my_robot_interfaces/srv/detail/catch_turtle__functions.c
[0.311s] -- Up-to-date: /home/karthik/turtlesim_ws/install/my_robot_interfaces/include/my_robot_interfaces/srv/detail/catch_turtle__functions.h
[0.311s] -- Up-to-date: /home/karthik/turtlesim_ws/install/my_robot_interfaces/include/my_robot_interfaces/srv/detail/catch_turtle__type_support.h
[0.311s] -- Up-to-date: /home/karthik/turtlesim_ws/install/my_robot_interfaces/share/my_robot_interfaces/environment/library_path.sh
[0.311s] -- Up-to-date: /home/karthik/turtlesim_ws/install/my_robot_interfaces/share/my_robot_interfaces/environment/library_path.dsv
[0.311s] -- Up-to-date: /home/karthik/turtlesim_ws/install/my_robot_interfaces/lib/libmy_robot_interfaces__rosidl_generator_c.so
[0.311s] -- Up-to-date: /home/karthik/turtlesim_ws/install/my_robot_interfaces/include/my_robot_interfaces
[0.311s] -- Up-to-date: /home/karthik/turtlesim_ws/install/my_robot_interfaces/include/my_robot_interfaces/msg
[0.311s] -- Up-to-date: /home/karthik/turtlesim_ws/install/my_robot_interfaces/include/my_robot_interfaces/msg/rosidl_typesupport_fastrtps_c__visibility_control.h
[0.311s] -- Up-to-date: /home/karthik/turtlesim_ws/install/my_robot_interfaces/include/my_robot_interfaces/msg/detail
[0.311s] -- Up-to-date: /home/karthik/turtlesim_ws/install/my_robot_interfaces/include/my_robot_interfaces/msg/detail/turtle_array__rosidl_typesupport_fastrtps_c.h
[0.311s] -- Up-to-date: /home/karthik/turtlesim_ws/install/my_robot_interfaces/include/my_robot_interfaces/msg/detail/turtle__rosidl_typesupport_fastrtps_c.h
[0.312s] -- Up-to-date: /home/karthik/turtlesim_ws/install/my_robot_interfaces/include/my_robot_interfaces/srv
[0.312s] -- Up-to-date: /home/karthik/turtlesim_ws/install/my_robot_interfaces/include/my_robot_interfaces/srv/detail
[0.312s] -- Up-to-date: /home/karthik/turtlesim_ws/install/my_robot_interfaces/include/my_robot_interfaces/srv/detail/catch_turtle__rosidl_typesupport_fastrtps_c.h
[0.312s] -- Up-to-date: /home/karthik/turtlesim_ws/install/my_robot_interfaces/lib/libmy_robot_interfaces__rosidl_typesupport_fastrtps_c.so
[0.312s] -- Up-to-date: /home/karthik/turtlesim_ws/install/my_robot_interfaces/include/my_robot_interfaces
[0.312s] -- Up-to-date: /home/karthik/turtlesim_ws/install/my_robot_interfaces/include/my_robot_interfaces/msg
[0.312s] -- Up-to-date: /home/karthik/turtlesim_ws/install/my_robot_interfaces/include/my_robot_interfaces/msg/rosidl_typesupport_fastrtps_cpp__visibility_control.h
[0.312s] -- Up-to-date: /home/karthik/turtlesim_ws/install/my_robot_interfaces/include/my_robot_interfaces/msg/detail
[0.312s] -- Up-to-date: /home/karthik/turtlesim_ws/install/my_robot_interfaces/include/my_robot_interfaces/msg/detail/turtle__rosidl_typesupport_fastrtps_cpp.hpp
[0.312s] -- Up-to-date: /home/karthik/turtlesim_ws/install/my_robot_interfaces/include/my_robot_interfaces/msg/detail/dds_fastrtps
[0.312s] -- Up-to-date: /home/karthik/turtlesim_ws/install/my_robot_interfaces/include/my_robot_interfaces/msg/detail/turtle_array__rosidl_typesupport_fastrtps_cpp.hpp
[0.312s] -- Up-to-date: /home/karthik/turtlesim_ws/install/my_robot_interfaces/include/my_robot_interfaces/srv
[0.312s] -- Up-to-date: /home/karthik/turtlesim_ws/install/my_robot_interfaces/include/my_robot_interfaces/srv/detail
[0.312s] -- Up-to-date: /home/karthik/turtlesim_ws/install/my_robot_interfaces/include/my_robot_interfaces/srv/detail/dds_fastrtps
[0.312s] -- Up-to-date: /home/karthik/turtlesim_ws/install/my_robot_interfaces/include/my_robot_interfaces/srv/detail/catch_turtle__rosidl_typesupport_fastrtps_cpp.hpp
[0.312s] -- Up-to-date: /home/karthik/turtlesim_ws/install/my_robot_interfaces/lib/libmy_robot_interfaces__rosidl_typesupport_fastrtps_cpp.so
[0.313s] -- Up-to-date: /home/karthik/turtlesim_ws/install/my_robot_interfaces/include/my_robot_interfaces
[0.313s] -- Up-to-date: /home/karthik/turtlesim_ws/install/my_robot_interfaces/include/my_robot_interfaces/msg
[0.313s] -- Up-to-date: /home/karthik/turtlesim_ws/install/my_robot_interfaces/include/my_robot_interfaces/msg/detail
[0.313s] -- Up-to-date: /home/karthik/turtlesim_ws/install/my_robot_interfaces/include/my_robot_interfaces/msg/detail/turtle__rosidl_typesupport_introspection_c.h
[0.313s] -- Up-to-date: /home/karthik/turtlesim_ws/install/my_robot_interfaces/include/my_robot_interfaces/msg/detail/turtle_array__type_support.c
[0.313s] -- Up-to-date: /home/karthik/turtlesim_ws/install/my_robot_interfaces/include/my_robot_interfaces/msg/detail/turtle_array__rosidl_typesupport_introspection_c.h
[0.313s] -- Up-to-date: /home/karthik/turtlesim_ws/install/my_robot_interfaces/include/my_robot_interfaces/msg/detail/turtle__type_support.c
[0.313s] -- Up-to-date: /home/karthik/turtlesim_ws/install/my_robot_interfaces/include/my_robot_interfaces/msg/rosidl_typesupport_introspection_c__visibility_control.h
[0.313s] -- Up-to-date: /home/karthik/turtlesim_ws/install/my_robot_interfaces/include/my_robot_interfaces/srv
[0.313s] -- Up-to-date: /home/karthik/turtlesim_ws/install/my_robot_interfaces/include/my_robot_interfaces/srv/detail
[0.313s] -- Up-to-date: /home/karthik/turtlesim_ws/install/my_robot_interfaces/include/my_robot_interfaces/srv/detail/catch_turtle__rosidl_typesupport_introspection_c.h
[0.314s] -- Up-to-date: /home/karthik/turtlesim_ws/install/my_robot_interfaces/include/my_robot_interfaces/srv/detail/catch_turtle__type_support.c
[0.314s] -- Up-to-date: /home/karthik/turtlesim_ws/install/my_robot_interfaces/lib/libmy_robot_interfaces__rosidl_typesupport_introspection_c.so
[0.314s] -- Up-to-date: /home/karthik/turtlesim_ws/install/my_robot_interfaces/lib/libmy_robot_interfaces__rosidl_typesupport_c.so
[0.314s] -- Up-to-date: /home/karthik/turtlesim_ws/install/my_robot_interfaces/include/my_robot_interfaces
[0.314s] -- Up-to-date: /home/karthik/turtlesim_ws/install/my_robot_interfaces/include/my_robot_interfaces/msg
[0.314s] -- Up-to-date: /home/karthik/turtlesim_ws/install/my_robot_interfaces/include/my_robot_interfaces/msg/turtle.hpp
[0.314s] -- Up-to-date: /home/karthik/turtlesim_ws/install/my_robot_interfaces/include/my_robot_interfaces/msg/turtle_array.hpp
[0.314s] -- Up-to-date: /home/karthik/turtlesim_ws/install/my_robot_interfaces/include/my_robot_interfaces/msg/detail
[0.314s] -- Up-to-date: /home/karthik/turtlesim_ws/install/my_robot_interfaces/include/my_robot_interfaces/msg/detail/turtle_array__struct.hpp
[0.314s] -- Up-to-date: /home/karthik/turtlesim_ws/install/my_robot_interfaces/include/my_robot_interfaces/msg/detail/turtle_array__traits.hpp
[0.315s] -- Up-to-date: /home/karthik/turtlesim_ws/install/my_robot_interfaces/include/my_robot_interfaces/msg/detail/turtle__struct.hpp
[0.315s] -- Up-to-date: /home/karthik/turtlesim_ws/install/my_robot_interfaces/include/my_robot_interfaces/msg/detail/turtle__builder.hpp
[0.315s] -- Up-to-date: /home/karthik/turtlesim_ws/install/my_robot_interfaces/include/my_robot_interfaces/msg/detail/turtle__traits.hpp
[0.315s] -- Up-to-date: /home/karthik/turtlesim_ws/install/my_robot_interfaces/include/my_robot_interfaces/msg/detail/turtle_array__builder.hpp
[0.315s] -- Up-to-date: /home/karthik/turtlesim_ws/install/my_robot_interfaces/include/my_robot_interfaces/srv
[0.315s] -- Up-to-date: /home/karthik/turtlesim_ws/install/my_robot_interfaces/include/my_robot_interfaces/srv/detail
[0.315s] -- Up-to-date: /home/karthik/turtlesim_ws/install/my_robot_interfaces/include/my_robot_interfaces/srv/detail/catch_turtle__struct.hpp
[0.315s] -- Up-to-date: /home/karthik/turtlesim_ws/install/my_robot_interfaces/include/my_robot_interfaces/srv/detail/catch_turtle__traits.hpp
[0.315s] -- Up-to-date: /home/karthik/turtlesim_ws/install/my_robot_interfaces/include/my_robot_interfaces/srv/detail/catch_turtle__builder.hpp
[0.315s] -- Up-to-date: /home/karthik/turtlesim_ws/install/my_robot_interfaces/include/my_robot_interfaces/srv/catch_turtle.hpp
[0.316s] -- Up-to-date: /home/karthik/turtlesim_ws/install/my_robot_interfaces/include/my_robot_interfaces
[0.316s] -- Up-to-date: /home/karthik/turtlesim_ws/install/my_robot_interfaces/include/my_robot_interfaces/msg
[0.316s] -- Up-to-date: /home/karthik/turtlesim_ws/install/my_robot_interfaces/include/my_robot_interfaces/msg/detail
[0.316s] -- Up-to-date: /home/karthik/turtlesim_ws/install/my_robot_interfaces/include/my_robot_interfaces/msg/detail/turtle_array__type_support.cpp
[0.316s] -- Up-to-date: /home/karthik/turtlesim_ws/install/my_robot_interfaces/include/my_robot_interfaces/msg/detail/turtle__rosidl_typesupport_introspection_cpp.hpp
[0.316s] -- Up-to-date: /home/karthik/turtlesim_ws/install/my_robot_interfaces/include/my_robot_interfaces/msg/detail/turtle__type_support.cpp
[0.316s] -- Up-to-date: /home/karthik/turtlesim_ws/install/my_robot_interfaces/include/my_robot_interfaces/msg/detail/turtle_array__rosidl_typesupport_introspection_cpp.hpp
[0.316s] -- Up-to-date: /home/karthik/turtlesim_ws/install/my_robot_interfaces/include/my_robot_interfaces/srv
[0.316s] -- Up-to-date: /home/karthik/turtlesim_ws/install/my_robot_interfaces/include/my_robot_interfaces/srv/detail
[0.316s] -- Up-to-date: /home/karthik/turtlesim_ws/install/my_robot_interfaces/include/my_robot_interfaces/srv/detail/catch_turtle__rosidl_typesupport_introspection_cpp.hpp
[0.316s] -- Up-to-date: /home/karthik/turtlesim_ws/install/my_robot_interfaces/include/my_robot_interfaces/srv/detail/catch_turtle__type_support.cpp
[0.317s] -- Up-to-date: /home/karthik/turtlesim_ws/install/my_robot_interfaces/lib/libmy_robot_interfaces__rosidl_typesupport_introspection_cpp.so
[0.317s] -- Up-to-date: /home/karthik/turtlesim_ws/install/my_robot_interfaces/lib/libmy_robot_interfaces__rosidl_typesupport_cpp.so
[0.317s] -- Up-to-date: /home/karthik/turtlesim_ws/install/my_robot_interfaces/share/my_robot_interfaces/environment/pythonpath.sh
[0.317s] -- Up-to-date: /home/karthik/turtlesim_ws/install/my_robot_interfaces/share/my_robot_interfaces/environment/pythonpath.dsv
[0.317s] -- Up-to-date: /home/karthik/turtlesim_ws/install/my_robot_interfaces/lib/python3.8/site-packages/my_robot_interfaces/__init__.py
[0.346s] -- Up-to-date: /home/karthik/turtlesim_ws/install/my_robot_interfaces/lib/python3.8/site-packages/my_robot_interfaces/msg
[0.346s] -- Up-to-date: /home/karthik/turtlesim_ws/install/my_robot_interfaces/lib/python3.8/site-packages/my_robot_interfaces/msg/_turtle_array_s.c
[0.346s] -- Up-to-date: /home/karthik/turtlesim_ws/install/my_robot_interfaces/lib/python3.8/site-packages/my_robot_interfaces/msg/_turtle_array.py
[0.346s] -- Up-to-date: /home/karthik/turtlesim_ws/install/my_robot_interfaces/lib/python3.8/site-packages/my_robot_interfaces/msg/_turtle.py
[0.346s] -- Up-to-date: /home/karthik/turtlesim_ws/install/my_robot_interfaces/lib/python3.8/site-packages/my_robot_interfaces/msg/_turtle_s.c
[0.346s] -- Up-to-date: /home/karthik/turtlesim_ws/install/my_robot_interfaces/lib/python3.8/site-packages/my_robot_interfaces/msg/__init__.py
[0.346s] -- Up-to-date: /home/karthik/turtlesim_ws/install/my_robot_interfaces/lib/python3.8/site-packages/my_robot_interfaces/srv
[0.346s] -- Up-to-date: /home/karthik/turtlesim_ws/install/my_robot_interfaces/lib/python3.8/site-packages/my_robot_interfaces/srv/_catch_turtle_s.c
[0.346s] -- Up-to-date: /home/karthik/turtlesim_ws/install/my_robot_interfaces/lib/python3.8/site-packages/my_robot_interfaces/srv/_catch_turtle.py
[0.346s] -- Up-to-date: /home/karthik/turtlesim_ws/install/my_robot_interfaces/lib/python3.8/site-packages/my_robot_interfaces/srv/__init__.py
[0.347s] -- Up-to-date: /home/karthik/turtlesim_ws/install/my_robot_interfaces/lib/python3.8/site-packages/my_robot_interfaces/my_robot_interfaces_s__rosidl_typesupport_fastrtps_c.cpython-38-x86_64-linux-gnu.so
[0.347s] -- Up-to-date: /home/karthik/turtlesim_ws/install/my_robot_interfaces/lib/python3.8/site-packages/my_robot_interfaces/my_robot_interfaces_s__rosidl_typesupport_introspection_c.cpython-38-x86_64-linux-gnu.so
[0.347s] -- Up-to-date: /home/karthik/turtlesim_ws/install/my_robot_interfaces/lib/python3.8/site-packages/my_robot_interfaces/my_robot_interfaces_s__rosidl_typesupport_c.cpython-38-x86_64-linux-gnu.so
[0.348s] -- Up-to-date: /home/karthik/turtlesim_ws/install/my_robot_interfaces/lib/libmy_robot_interfaces__python.so
[0.348s] -- Up-to-date: /home/karthik/turtlesim_ws/install/my_robot_interfaces/share/my_robot_interfaces/msg/Turtle.idl
[0.348s] -- Up-to-date: /home/karthik/turtlesim_ws/install/my_robot_interfaces/share/my_robot_interfaces/msg/TurtleArray.idl
[0.348s] -- Up-to-date: /home/karthik/turtlesim_ws/install/my_robot_interfaces/share/my_robot_interfaces/srv/CatchTurtle.idl
[0.348s] -- Up-to-date: /home/karthik/turtlesim_ws/install/my_robot_interfaces/share/my_robot_interfaces/msg/Turtle.msg
[0.348s] -- Up-to-date: /home/karthik/turtlesim_ws/install/my_robot_interfaces/share/my_robot_interfaces/msg/TurtleArray.msg
[0.349s] -- Up-to-date: /home/karthik/turtlesim_ws/install/my_robot_interfaces/share/my_robot_interfaces/srv/CatchTurtle.srv
[0.349s] -- Up-to-date: /home/karthik/turtlesim_ws/install/my_robot_interfaces/share/my_robot_interfaces/srv/CatchTurtle_Request.msg
[0.349s] -- Up-to-date: /home/karthik/turtlesim_ws/install/my_robot_interfaces/share/my_robot_interfaces/srv/CatchTurtle_Response.msg
[0.349s] -- Up-to-date: /home/karthik/turtlesim_ws/install/my_robot_interfaces/share/ament_index/resource_index/package_run_dependencies/my_robot_interfaces
[0.349s] -- Up-to-date: /home/karthik/turtlesim_ws/install/my_robot_interfaces/share/ament_index/resource_index/parent_prefix_path/my_robot_interfaces
[0.349s] -- Up-to-date: /home/karthik/turtlesim_ws/install/my_robot_interfaces/share/my_robot_interfaces/environment/ament_prefix_path.sh
[0.349s] -- Up-to-date: /home/karthik/turtlesim_ws/install/my_robot_interfaces/share/my_robot_interfaces/environment/ament_prefix_path.dsv
[0.349s] -- Up-to-date: /home/karthik/turtlesim_ws/install/my_robot_interfaces/share/my_robot_interfaces/environment/path.sh
[0.349s] -- Up-to-date: /home/karthik/turtlesim_ws/install/my_robot_interfaces/share/my_robot_interfaces/environment/path.dsv
[0.350s] -- Up-to-date: /home/karthik/turtlesim_ws/install/my_robot_interfaces/share/my_robot_interfaces/local_setup.bash
[0.350s] -- Up-to-date: /home/karthik/turtlesim_ws/install/my_robot_interfaces/share/my_robot_interfaces/local_setup.sh
[0.350s] -- Up-to-date: /home/karthik/turtlesim_ws/install/my_robot_interfaces/share/my_robot_interfaces/local_setup.zsh
[0.350s] -- Up-to-date: /home/karthik/turtlesim_ws/install/my_robot_interfaces/share/my_robot_interfaces/local_setup.dsv
[0.350s] -- Installing: /home/karthik/turtlesim_ws/install/my_robot_interfaces/share/my_robot_interfaces/package.dsv
[0.350s] -- Up-to-date: /home/karthik/turtlesim_ws/install/my_robot_interfaces/share/ament_index/resource_index/packages/my_robot_interfaces
[0.350s] -- Up-to-date: /home/karthik/turtlesim_ws/install/my_robot_interfaces/share/my_robot_interfaces/cmake/my_robot_interfaces__rosidl_generator_cExport.cmake
[0.350s] -- Up-to-date: /home/karthik/turtlesim_ws/install/my_robot_interfaces/share/my_robot_interfaces/cmake/my_robot_interfaces__rosidl_generator_cExport-noconfig.cmake
[0.350s] -- Up-to-date: /home/karthik/turtlesim_ws/install/my_robot_interfaces/share/my_robot_interfaces/cmake/my_robot_interfaces__rosidl_typesupport_introspection_cExport.cmake
[0.351s] -- Up-to-date: /home/karthik/turtlesim_ws/install/my_robot_interfaces/share/my_robot_interfaces/cmake/my_robot_interfaces__rosidl_typesupport_introspection_cExport-noconfig.cmake
[0.351s] -- Up-to-date: /home/karthik/turtlesim_ws/install/my_robot_interfaces/share/my_robot_interfaces/cmake/my_robot_interfaces__rosidl_typesupport_cExport.cmake
[0.351s] -- Up-to-date: /home/karthik/turtlesim_ws/install/my_robot_interfaces/share/my_robot_interfaces/cmake/my_robot_interfaces__rosidl_typesupport_cExport-noconfig.cmake
[0.351s] -- Up-to-date: /home/karthik/turtlesim_ws/install/my_robot_interfaces/share/my_robot_interfaces/cmake/my_robot_interfaces__rosidl_generator_cppExport.cmake
[0.351s] -- Up-to-date: /home/karthik/turtlesim_ws/install/my_robot_interfaces/share/my_robot_interfaces/cmake/my_robot_interfaces__rosidl_typesupport_introspection_cppExport.cmake
[0.351s] -- Up-to-date: /home/karthik/turtlesim_ws/install/my_robot_interfaces/share/my_robot_interfaces/cmake/my_robot_interfaces__rosidl_typesupport_introspection_cppExport-noconfig.cmake
[0.351s] -- Up-to-date: /home/karthik/turtlesim_ws/install/my_robot_interfaces/share/my_robot_interfaces/cmake/my_robot_interfaces__rosidl_typesupport_cppExport.cmake
[0.351s] -- Up-to-date: /home/karthik/turtlesim_ws/install/my_robot_interfaces/share/my_robot_interfaces/cmake/my_robot_interfaces__rosidl_typesupport_cppExport-noconfig.cmake
[0.351s] -- Up-to-date: /home/karthik/turtlesim_ws/install/my_robot_interfaces/share/my_robot_interfaces/cmake/rosidl_cmake-extras.cmake
[0.351s] -- Up-to-date: /home/karthik/turtlesim_ws/install/my_robot_interfaces/share/my_robot_interfaces/cmake/ament_cmake_export_dependencies-extras.cmake
[0.352s] -- Up-to-date: /home/karthik/turtlesim_ws/install/my_robot_interfaces/share/my_robot_interfaces/cmake/ament_cmake_export_libraries-extras.cmake
[0.352s] -- Up-to-date: /home/karthik/turtlesim_ws/install/my_robot_interfaces/share/my_robot_interfaces/cmake/ament_cmake_export_targets-extras.cmake
[0.352s] -- Up-to-date: /home/karthik/turtlesim_ws/install/my_robot_interfaces/share/my_robot_interfaces/cmake/ament_cmake_export_include_directories-extras.cmake
[0.352s] -- Up-to-date: /home/karthik/turtlesim_ws/install/my_robot_interfaces/share/my_robot_interfaces/cmake/rosidl_cmake_export_typesupport_libraries-extras.cmake
[0.352s] -- Up-to-date: /home/karthik/turtlesim_ws/install/my_robot_interfaces/share/my_robot_interfaces/cmake/rosidl_cmake_export_typesupport_targets-extras.cmake
[0.352s] -- Up-to-date: /home/karthik/turtlesim_ws/install/my_robot_interfaces/share/my_robot_interfaces/cmake/my_robot_interfacesConfig.cmake
[0.352s] -- Up-to-date: /home/karthik/turtlesim_ws/install/my_robot_interfaces/share/my_robot_interfaces/cmake/my_robot_interfacesConfig-version.cmake
[0.352s] -- Up-to-date: /home/karthik/turtlesim_ws/install/my_robot_interfaces/share/my_robot_interfaces/package.xml
[0.355s] Invoked command in '/home/karthik/turtlesim_ws/build/my_robot_interfaces' returned '0': CMAKE_PREFIX_PATH=${CMAKE_PREFIX_PATH}:/home/karthik/turtlesim_ws/install/turtlesim_catch_them_all:/home/karthik/turtlesim_ws/install/snake_turtle:/home/karthik/ros2_ws/install/my_py_pkg:/opt/ros/foxy /usr/bin/cmake --install /home/karthik/turtlesim_ws/build/my_robot_interfaces
