[0.014s] Invoking command in '/home/karthik/turtlesim_ws/build/turtlesim_interfaces': CMAKE_PREFIX_PATH=${CMAKE_PREFIX_PATH}:/home/karthik/turtlesim_ws/install/turtlesim_catch_them_all:/home/karthik/turtlesim_ws/install/snake_turtle:/home/karthik/ros2_ws/install/my_py_pkg:/opt/ros/foxy /usr/bin/cmake --build /home/karthik/turtlesim_ws/build/turtlesim_interfaces -- -j8 -l8
[0.062s] [  2%] Built target turtlesim_interfaces__cpp
[0.062s] [ 12%] Built target turtlesim_interfaces__rosidl_generator_c
[0.085s] [ 23%] Built target turtlesim_interfaces__rosidl_typesupport_c
[0.087s] [ 34%] Built target turtlesim_interfaces__rosidl_typesupport_cpp
[0.087s] [ 44%] Built target turtlesim_interfaces__rosidl_typesupport_introspection_cpp
[0.089s] [ 55%] Built target turtlesim_interfaces__rosidl_typesupport_introspection_c
[0.091s] [ 65%] Built target turtlesim_interfaces__rosidl_typesupport_fastrtps_cpp
[0.115s] [ 76%] Built target turtlesim_interfaces__rosidl_typesupport_fastrtps_c
[0.134s] [ 76%] Built target turtlesim_interfaces
[0.153s] [ 78%] Built target turtlesim_interfaces__py
[0.178s] [ 87%] Built target turtlesim_interfaces__python
[0.202s] [100%] Built target turtlesim_interfaces__rosidl_typesupport_c__pyext
[0.202s] [100%] Built target turtlesim_interfaces__rosidl_typesupport_fastrtps_c__pyext
[0.202s] [100%] Built target turtlesim_interfaces__rosidl_typesupport_introspection_c__pyext
[0.212s] Invoked command in '/home/karthik/turtlesim_ws/build/turtlesim_interfaces' returned '0': CMAKE_PREFIX_PATH=${CMAKE_PREFIX_PATH}:/home/karthik/turtlesim_ws/install/turtlesim_catch_them_all:/home/karthik/turtlesim_ws/install/snake_turtle:/home/karthik/ros2_ws/install/my_py_pkg:/opt/ros/foxy /usr/bin/cmake --build /home/karthik/turtlesim_ws/build/turtlesim_interfaces -- -j8 -l8
[0.293s] Invoking command in '/home/karthik/turtlesim_ws/build/turtlesim_interfaces': CMAKE_PREFIX_PATH=${CMAKE_PREFIX_PATH}:/home/karthik/turtlesim_ws/install/turtlesim_catch_them_all:/home/karthik/turtlesim_ws/install/snake_turtle:/home/karthik/ros2_ws/install/my_py_pkg:/opt/ros/foxy /usr/bin/cmake --install /home/karthik/turtlesim_ws/build/turtlesim_interfaces
[0.300s] -- Install configuration: ""
[0.301s] -- Execute custom install script
[0.301s] -- Up-to-date symlink: /home/karthik/turtlesim_ws/install/turtlesim_interfaces/share/ament_index/resource_index/rosidl_interfaces/turtlesim_interfaces
[0.302s] -- Up-to-date symlink: /home/karthik/turtlesim_ws/install/turtlesim_interfaces/include/turtlesim_interfaces/msg/detail/turtle__functions.h
[0.302s] -- Up-to-date symlink: /home/karthik/turtlesim_ws/install/turtlesim_interfaces/include/turtlesim_interfaces/msg/detail/turtle__struct.h
[0.302s] -- Up-to-date symlink: /home/karthik/turtlesim_ws/install/turtlesim_interfaces/include/turtlesim_interfaces/msg/detail/turtle__type_support.h
[0.302s] -- Up-to-date symlink: /home/karthik/turtlesim_ws/install/turtlesim_interfaces/include/turtlesim_interfaces/msg/detail/turtle_array__functions.h
[0.302s] -- Up-to-date symlink: /home/karthik/turtlesim_ws/install/turtlesim_interfaces/include/turtlesim_interfaces/msg/detail/turtle_array__struct.h
[0.302s] -- Up-to-date symlink: /home/karthik/turtlesim_ws/install/turtlesim_interfaces/include/turtlesim_interfaces/msg/detail/turtle_array__type_support.h
[0.303s] -- Up-to-date symlink: /home/karthik/turtlesim_ws/install/turtlesim_interfaces/include/turtlesim_interfaces/msg/rosidl_generator_c__visibility_control.h
[0.303s] -- Up-to-date symlink: /home/karthik/turtlesim_ws/install/turtlesim_interfaces/include/turtlesim_interfaces/msg/turtle.h
[0.303s] -- Up-to-date symlink: /home/karthik/turtlesim_ws/install/turtlesim_interfaces/include/turtlesim_interfaces/msg/turtle_array.h
[0.303s] -- Up-to-date symlink: /home/karthik/turtlesim_ws/install/turtlesim_interfaces/include/turtlesim_interfaces/srv/catch_turtle.h
[0.303s] -- Up-to-date symlink: /home/karthik/turtlesim_ws/install/turtlesim_interfaces/include/turtlesim_interfaces/srv/detail/catch_turtle__functions.h
[0.303s] -- Up-to-date symlink: /home/karthik/turtlesim_ws/install/turtlesim_interfaces/include/turtlesim_interfaces/srv/detail/catch_turtle__struct.h
[0.303s] -- Up-to-date symlink: /home/karthik/turtlesim_ws/install/turtlesim_interfaces/include/turtlesim_interfaces/srv/detail/catch_turtle__type_support.h
[0.304s] -- Up-to-date symlink: /home/karthik/turtlesim_ws/install/turtlesim_interfaces/share/turtlesim_interfaces/environment/library_path.sh
[0.304s] -- Up-to-date symlink: /home/karthik/turtlesim_ws/install/turtlesim_interfaces/share/turtlesim_interfaces/environment/library_path.dsv
[0.305s] -- Up-to-date symlink: /home/karthik/turtlesim_ws/install/turtlesim_interfaces/include/turtlesim_interfaces/msg/detail/turtle__rosidl_typesupport_fastrtps_c.h
[0.305s] -- Up-to-date symlink: /home/karthik/turtlesim_ws/install/turtlesim_interfaces/include/turtlesim_interfaces/msg/detail/turtle_array__rosidl_typesupport_fastrtps_c.h
[0.305s] -- Up-to-date symlink: /home/karthik/turtlesim_ws/install/turtlesim_interfaces/include/turtlesim_interfaces/msg/rosidl_typesupport_fastrtps_c__visibility_control.h
[0.305s] -- Up-to-date symlink: /home/karthik/turtlesim_ws/install/turtlesim_interfaces/include/turtlesim_interfaces/srv/detail/catch_turtle__rosidl_typesupport_fastrtps_c.h
[0.305s] -- Up-to-date symlink: /home/karthik/turtlesim_ws/install/turtlesim_interfaces/lib/libturtlesim_interfaces__rosidl_typesupport_fastrtps_c.so
[0.306s] -- Up-to-date symlink: /home/karthik/turtlesim_ws/install/turtlesim_interfaces/include/turtlesim_interfaces/msg/detail/turtle__rosidl_typesupport_fastrtps_cpp.hpp
[0.306s] -- Up-to-date symlink: /home/karthik/turtlesim_ws/install/turtlesim_interfaces/include/turtlesim_interfaces/msg/detail/turtle_array__rosidl_typesupport_fastrtps_cpp.hpp
[0.308s] -- Up-to-date symlink: /home/karthik/turtlesim_ws/install/turtlesim_interfaces/include/turtlesim_interfaces/msg/rosidl_typesupport_fastrtps_cpp__visibility_control.h
[0.308s] -- Up-to-date symlink: /home/karthik/turtlesim_ws/install/turtlesim_interfaces/include/turtlesim_interfaces/srv/detail/catch_turtle__rosidl_typesupport_fastrtps_cpp.hpp
[0.309s] -- Up-to-date symlink: /home/karthik/turtlesim_ws/install/turtlesim_interfaces/lib/libturtlesim_interfaces__rosidl_typesupport_fastrtps_cpp.so
[0.309s] -- Up-to-date symlink: /home/karthik/turtlesim_ws/install/turtlesim_interfaces/include/turtlesim_interfaces/msg/detail/turtle__rosidl_typesupport_introspection_c.h
[0.309s] -- Up-to-date symlink: /home/karthik/turtlesim_ws/install/turtlesim_interfaces/include/turtlesim_interfaces/msg/detail/turtle_array__rosidl_typesupport_introspection_c.h
[0.309s] -- Up-to-date symlink: /home/karthik/turtlesim_ws/install/turtlesim_interfaces/include/turtlesim_interfaces/msg/rosidl_typesupport_introspection_c__visibility_control.h
[0.309s] -- Up-to-date symlink: /home/karthik/turtlesim_ws/install/turtlesim_interfaces/include/turtlesim_interfaces/srv/detail/catch_turtle__rosidl_typesupport_introspection_c.h
[0.310s] -- Up-to-date symlink: /home/karthik/turtlesim_ws/install/turtlesim_interfaces/include/turtlesim_interfaces/msg/detail/turtle__builder.hpp
[0.310s] -- Up-to-date symlink: /home/karthik/turtlesim_ws/install/turtlesim_interfaces/include/turtlesim_interfaces/msg/detail/turtle__struct.hpp
[0.310s] -- Up-to-date symlink: /home/karthik/turtlesim_ws/install/turtlesim_interfaces/include/turtlesim_interfaces/msg/detail/turtle__traits.hpp
[0.311s] -- Up-to-date symlink: /home/karthik/turtlesim_ws/install/turtlesim_interfaces/include/turtlesim_interfaces/msg/detail/turtle_array__builder.hpp
[0.311s] -- Up-to-date symlink: /home/karthik/turtlesim_ws/install/turtlesim_interfaces/include/turtlesim_interfaces/msg/detail/turtle_array__struct.hpp
[0.311s] -- Up-to-date symlink: /home/karthik/turtlesim_ws/install/turtlesim_interfaces/include/turtlesim_interfaces/msg/detail/turtle_array__traits.hpp
[0.311s] -- Up-to-date symlink: /home/karthik/turtlesim_ws/install/turtlesim_interfaces/include/turtlesim_interfaces/msg/turtle.hpp
[0.311s] -- Up-to-date symlink: /home/karthik/turtlesim_ws/install/turtlesim_interfaces/include/turtlesim_interfaces/msg/turtle_array.hpp
[0.311s] -- Up-to-date symlink: /home/karthik/turtlesim_ws/install/turtlesim_interfaces/include/turtlesim_interfaces/srv/catch_turtle.hpp
[0.311s] -- Up-to-date symlink: /home/karthik/turtlesim_ws/install/turtlesim_interfaces/include/turtlesim_interfaces/srv/detail/catch_turtle__builder.hpp
[0.312s] -- Up-to-date symlink: /home/karthik/turtlesim_ws/install/turtlesim_interfaces/include/turtlesim_interfaces/srv/detail/catch_turtle__struct.hpp
[0.312s] -- Up-to-date symlink: /home/karthik/turtlesim_ws/install/turtlesim_interfaces/include/turtlesim_interfaces/srv/detail/catch_turtle__traits.hpp
[0.312s] -- Up-to-date symlink: /home/karthik/turtlesim_ws/install/turtlesim_interfaces/include/turtlesim_interfaces/msg/detail/turtle__rosidl_typesupport_introspection_cpp.hpp
[0.312s] -- Up-to-date symlink: /home/karthik/turtlesim_ws/install/turtlesim_interfaces/include/turtlesim_interfaces/msg/detail/turtle_array__rosidl_typesupport_introspection_cpp.hpp
[0.313s] -- Up-to-date symlink: /home/karthik/turtlesim_ws/install/turtlesim_interfaces/include/turtlesim_interfaces/srv/detail/catch_turtle__rosidl_typesupport_introspection_cpp.hpp
[0.313s] -- Up-to-date symlink: /home/karthik/turtlesim_ws/install/turtlesim_interfaces/share/turtlesim_interfaces/environment/pythonpath.sh
[0.313s] -- Up-to-date symlink: /home/karthik/turtlesim_ws/install/turtlesim_interfaces/share/turtlesim_interfaces/environment/pythonpath.dsv
[0.313s] -- Up-to-date symlink: /home/karthik/turtlesim_ws/install/turtlesim_interfaces/lib/python3.8/site-packages/turtlesim_interfaces/__init__.py
[0.314s] -- Up-to-date symlink: /home/karthik/turtlesim_ws/install/turtlesim_interfaces/lib/python3.8/site-packages/turtlesim_interfaces/msg/__init__.py
[0.314s] -- Up-to-date symlink: /home/karthik/turtlesim_ws/install/turtlesim_interfaces/lib/python3.8/site-packages/turtlesim_interfaces/msg/_turtle.py
[0.314s] -- Up-to-date symlink: /home/karthik/turtlesim_ws/install/turtlesim_interfaces/lib/python3.8/site-packages/turtlesim_interfaces/msg/_turtle_array.py
[0.314s] -- Up-to-date symlink: /home/karthik/turtlesim_ws/install/turtlesim_interfaces/lib/python3.8/site-packages/turtlesim_interfaces/srv/__init__.py
[0.315s] -- Up-to-date symlink: /home/karthik/turtlesim_ws/install/turtlesim_interfaces/lib/python3.8/site-packages/turtlesim_interfaces/srv/_catch_turtle.py
[0.315s] -- Up-to-date symlink: /home/karthik/turtlesim_ws/install/turtlesim_interfaces/lib/python3.8/site-packages/turtlesim_interfaces/turtlesim_interfaces_s__rosidl_typesupport_fastrtps_c.cpython-38-x86_64-linux-gnu.so
[0.315s] -- Up-to-date symlink: /home/karthik/turtlesim_ws/install/turtlesim_interfaces/lib/python3.8/site-packages/turtlesim_interfaces/turtlesim_interfaces_s__rosidl_typesupport_introspection_c.cpython-38-x86_64-linux-gnu.so
[0.316s] -- Up-to-date symlink: /home/karthik/turtlesim_ws/install/turtlesim_interfaces/lib/python3.8/site-packages/turtlesim_interfaces/turtlesim_interfaces_s__rosidl_typesupport_c.cpython-38-x86_64-linux-gnu.so
[0.316s] -- Up-to-date symlink: /home/karthik/turtlesim_ws/install/turtlesim_interfaces/lib/libturtlesim_interfaces__python.so
[0.316s] -- Up-to-date symlink: /home/karthik/turtlesim_ws/install/turtlesim_interfaces/share/turtlesim_interfaces/msg/Turtle.idl
[0.316s] -- Up-to-date symlink: /home/karthik/turtlesim_ws/install/turtlesim_interfaces/share/turtlesim_interfaces/msg/TurtleArray.idl
[0.317s] -- Up-to-date symlink: /home/karthik/turtlesim_ws/install/turtlesim_interfaces/share/turtlesim_interfaces/srv/CatchTurtle.idl
[0.317s] -- Up-to-date symlink: /home/karthik/turtlesim_ws/install/turtlesim_interfaces/share/turtlesim_interfaces/msg/Turtle.msg
[0.317s] -- Up-to-date symlink: /home/karthik/turtlesim_ws/install/turtlesim_interfaces/share/turtlesim_interfaces/msg/TurtleArray.msg
[0.317s] -- Up-to-date symlink: /home/karthik/turtlesim_ws/install/turtlesim_interfaces/share/turtlesim_interfaces/srv/CatchTurtle.srv
[0.318s] -- Up-to-date symlink: /home/karthik/turtlesim_ws/install/turtlesim_interfaces/share/turtlesim_interfaces/srv/CatchTurtle_Request.msg
[0.318s] -- Up-to-date symlink: /home/karthik/turtlesim_ws/install/turtlesim_interfaces/share/turtlesim_interfaces/srv/CatchTurtle_Response.msg
[0.318s] -- Up-to-date symlink: /home/karthik/turtlesim_ws/install/turtlesim_interfaces/share/ament_index/resource_index/package_run_dependencies/turtlesim_interfaces
[0.318s] -- Up-to-date symlink: /home/karthik/turtlesim_ws/install/turtlesim_interfaces/share/ament_index/resource_index/parent_prefix_path/turtlesim_interfaces
[0.319s] -- Up-to-date symlink: /home/karthik/turtlesim_ws/install/turtlesim_interfaces/share/turtlesim_interfaces/environment/ament_prefix_path.sh
[0.319s] -- Up-to-date symlink: /home/karthik/turtlesim_ws/install/turtlesim_interfaces/share/turtlesim_interfaces/environment/ament_prefix_path.dsv
[0.319s] -- Up-to-date symlink: /home/karthik/turtlesim_ws/install/turtlesim_interfaces/share/turtlesim_interfaces/environment/path.sh
[0.319s] -- Up-to-date symlink: /home/karthik/turtlesim_ws/install/turtlesim_interfaces/share/turtlesim_interfaces/environment/path.dsv
[0.319s] -- Up-to-date symlink: /home/karthik/turtlesim_ws/install/turtlesim_interfaces/share/turtlesim_interfaces/local_setup.bash
[0.320s] -- Up-to-date symlink: /home/karthik/turtlesim_ws/install/turtlesim_interfaces/share/turtlesim_interfaces/local_setup.sh
[0.320s] -- Up-to-date symlink: /home/karthik/turtlesim_ws/install/turtlesim_interfaces/share/turtlesim_interfaces/local_setup.zsh
[0.320s] -- Up-to-date symlink: /home/karthik/turtlesim_ws/install/turtlesim_interfaces/share/turtlesim_interfaces/local_setup.dsv
[0.320s] -- Symlinking: /home/karthik/turtlesim_ws/install/turtlesim_interfaces/share/turtlesim_interfaces/package.dsv
[0.329s] -- Up-to-date symlink: /home/karthik/turtlesim_ws/install/turtlesim_interfaces/share/ament_index/resource_index/packages/turtlesim_interfaces
[0.329s] -- Up-to-date symlink: /home/karthik/turtlesim_ws/install/turtlesim_interfaces/share/turtlesim_interfaces/cmake/rosidl_cmake-extras.cmake
[0.329s] -- Up-to-date symlink: /home/karthik/turtlesim_ws/install/turtlesim_interfaces/share/turtlesim_interfaces/cmake/ament_cmake_export_dependencies-extras.cmake
[0.329s] -- Up-to-date symlink: /home/karthik/turtlesim_ws/install/turtlesim_interfaces/share/turtlesim_interfaces/cmake/ament_cmake_export_libraries-extras.cmake
[0.330s] -- Up-to-date symlink: /home/karthik/turtlesim_ws/install/turtlesim_interfaces/share/turtlesim_interfaces/cmake/ament_cmake_export_targets-extras.cmake
[0.330s] -- Up-to-date symlink: /home/karthik/turtlesim_ws/install/turtlesim_interfaces/share/turtlesim_interfaces/cmake/ament_cmake_export_include_directories-extras.cmake
[0.330s] -- Up-to-date symlink: /home/karthik/turtlesim_ws/install/turtlesim_interfaces/share/turtlesim_interfaces/cmake/rosidl_cmake_export_typesupport_libraries-extras.cmake
[0.330s] -- Up-to-date symlink: /home/karthik/turtlesim_ws/install/turtlesim_interfaces/share/turtlesim_interfaces/cmake/rosidl_cmake_export_typesupport_targets-extras.cmake
[0.331s] -- Up-to-date symlink: /home/karthik/turtlesim_ws/install/turtlesim_interfaces/share/turtlesim_interfaces/cmake/turtlesim_interfacesConfig.cmake
[0.331s] -- Up-to-date symlink: /home/karthik/turtlesim_ws/install/turtlesim_interfaces/share/turtlesim_interfaces/cmake/turtlesim_interfacesConfig-version.cmake
[0.331s] -- Up-to-date symlink: /home/karthik/turtlesim_ws/install/turtlesim_interfaces/share/turtlesim_interfaces/package.xml
[0.331s] -- Up-to-date: /home/karthik/turtlesim_ws/install/turtlesim_interfaces/lib/libturtlesim_interfaces__rosidl_generator_c.so
[0.332s] -- Up-to-date: /home/karthik/turtlesim_ws/install/turtlesim_interfaces/lib/libturtlesim_interfaces__rosidl_typesupport_introspection_c.so
[0.332s] -- Up-to-date: /home/karthik/turtlesim_ws/install/turtlesim_interfaces/lib/libturtlesim_interfaces__rosidl_typesupport_c.so
[0.332s] -- Up-to-date: /home/karthik/turtlesim_ws/install/turtlesim_interfaces/lib/libturtlesim_interfaces__rosidl_typesupport_introspection_cpp.so
[0.333s] -- Up-to-date: /home/karthik/turtlesim_ws/install/turtlesim_interfaces/lib/libturtlesim_interfaces__rosidl_typesupport_cpp.so
[0.366s] -- Up-to-date: /home/karthik/turtlesim_ws/install/turtlesim_interfaces/share/turtlesim_interfaces/cmake/turtlesim_interfaces__rosidl_generator_cExport.cmake
[0.366s] -- Up-to-date: /home/karthik/turtlesim_ws/install/turtlesim_interfaces/share/turtlesim_interfaces/cmake/turtlesim_interfaces__rosidl_generator_cExport-noconfig.cmake
[0.366s] -- Up-to-date: /home/karthik/turtlesim_ws/install/turtlesim_interfaces/share/turtlesim_interfaces/cmake/turtlesim_interfaces__rosidl_typesupport_introspection_cExport.cmake
[0.366s] -- Up-to-date: /home/karthik/turtlesim_ws/install/turtlesim_interfaces/share/turtlesim_interfaces/cmake/turtlesim_interfaces__rosidl_typesupport_introspection_cExport-noconfig.cmake
[0.366s] -- Up-to-date: /home/karthik/turtlesim_ws/install/turtlesim_interfaces/share/turtlesim_interfaces/cmake/turtlesim_interfaces__rosidl_typesupport_cExport.cmake
[0.366s] -- Up-to-date: /home/karthik/turtlesim_ws/install/turtlesim_interfaces/share/turtlesim_interfaces/cmake/turtlesim_interfaces__rosidl_typesupport_cExport-noconfig.cmake
[0.366s] -- Up-to-date: /home/karthik/turtlesim_ws/install/turtlesim_interfaces/share/turtlesim_interfaces/cmake/turtlesim_interfaces__rosidl_generator_cppExport.cmake
[0.366s] -- Up-to-date: /home/karthik/turtlesim_ws/install/turtlesim_interfaces/share/turtlesim_interfaces/cmake/turtlesim_interfaces__rosidl_typesupport_introspection_cppExport.cmake
[0.366s] -- Up-to-date: /home/karthik/turtlesim_ws/install/turtlesim_interfaces/share/turtlesim_interfaces/cmake/turtlesim_interfaces__rosidl_typesupport_introspection_cppExport-noconfig.cmake
[0.366s] -- Up-to-date: /home/karthik/turtlesim_ws/install/turtlesim_interfaces/share/turtlesim_interfaces/cmake/turtlesim_interfaces__rosidl_typesupport_cppExport.cmake
[0.366s] -- Up-to-date: /home/karthik/turtlesim_ws/install/turtlesim_interfaces/share/turtlesim_interfaces/cmake/turtlesim_interfaces__rosidl_typesupport_cppExport-noconfig.cmake
[0.369s] Invoked command in '/home/karthik/turtlesim_ws/build/turtlesim_interfaces' returned '0': CMAKE_PREFIX_PATH=${CMAKE_PREFIX_PATH}:/home/karthik/turtlesim_ws/install/turtlesim_catch_them_all:/home/karthik/turtlesim_ws/install/snake_turtle:/home/karthik/ros2_ws/install/my_py_pkg:/opt/ros/foxy /usr/bin/cmake --install /home/karthik/turtlesim_ws/build/turtlesim_interfaces
