[0.012s] Invoking command in '/home/karthik/turtlesim_ws/build/turtlesim_interfaces': CMAKE_PREFIX_PATH=${CMAKE_PREFIX_PATH}:/home/karthik/turtlesim_ws/install/turtlesim_catch_them_all:/home/karthik/turtlesim_ws/install/snake_turtle:/home/karthik/ros2_ws/install/my_py_pkg:/opt/ros/foxy /usr/bin/cmake /home/karthik/turtlesim_ws/src/turtlesim_interfaces -DAMENT_CMAKE_SYMLINK_INSTALL=1 -DCMAKE_INSTALL_PREFIX=/home/karthik/turtlesim_ws/install/turtlesim_interfaces
[0.243s] -- The C compiler identification is GNU 9.4.0
[0.398s] -- The CXX compiler identification is GNU 9.4.0
[0.407s] -- Check for working C compiler: /usr/bin/cc
[0.469s] -- Check for working C compiler: /usr/bin/cc -- works
[0.471s] -- Detecting C compiler ABI info
[0.535s] -- Detecting C compiler ABI info - done
[0.547s] -- Detecting C compile features
[0.547s] -- Detecting C compile features - done
[0.551s] -- Check for working CXX compiler: /usr/bin/c++
[0.619s] -- Check for working CXX compiler: /usr/bin/c++ -- works
[0.620s] -- Detecting CXX compiler ABI info
[0.688s] -- Detecting CXX compiler ABI info - done
[0.700s] -- Detecting CXX compile features
[0.700s] -- Detecting CXX compile features - done
[0.708s] -- Found ament_cmake: 0.9.11 (/opt/ros/foxy/share/ament_cmake/cmake)
[0.739s] -- Found PythonInterp: /usr/bin/python3 (found suitable version "3.8.10", minimum required is "3") 
[0.739s] -- Using PYTHON_EXECUTABLE: /usr/bin/python3
[0.896s] -- Override CMake install command with custom implementation using symlinks instead of copying resources
[0.935s] -- Found rosidl_default_generators: 1.0.1 (/opt/ros/foxy/share/rosidl_default_generators/cmake)
[0.941s] -- Using all available rosidl_typesupport_c: rosidl_typesupport_fastrtps_c;rosidl_typesupport_introspection_c
[0.951s] -- Found rosidl_adapter: 1.3.0 (/opt/ros/foxy/share/rosidl_adapter/cmake)
[1.095s] -- Found OpenSSL: /usr/lib/x86_64-linux-gnu/libcrypto.so (found version "1.1.1f")  
[1.125s] -- Found FastRTPS: /opt/ros/foxy/include  
[1.210s] -- Using all available rosidl_typesupport_cpp: rosidl_typesupport_fastrtps_cpp;rosidl_typesupport_introspection_cpp
[1.265s] -- Found PythonInterp: /usr/bin/python3 (found version "3.8.10") 
[1.391s] CMake Error at /opt/ros/foxy/share/rosidl_cmake/cmake/rosidl_generate_interfaces.cmake:229 (message):
[1.391s]   Packages installing interfaces must include
[1.391s]   '<member_of_group>rosidl_interface_packages</member_of_group>' in their
[1.391s]   package.xml
[1.391s] Call Stack (most recent call first):
[1.391s]   CMakeLists.txt:19 (rosidl_generate_interfaces)
[1.391s] 
[1.392s] 
[1.393s] -- Configuring incomplete, errors occurred!
[1.393s] See also "/home/karthik/turtlesim_ws/build/turtlesim_interfaces/CMakeFiles/CMakeOutput.log".
[1.402s] Invoked command in '/home/karthik/turtlesim_ws/build/turtlesim_interfaces' returned '1': CMAKE_PREFIX_PATH=${CMAKE_PREFIX_PATH}:/home/karthik/turtlesim_ws/install/turtlesim_catch_them_all:/home/karthik/turtlesim_ws/install/snake_turtle:/home/karthik/ros2_ws/install/my_py_pkg:/opt/ros/foxy /usr/bin/cmake /home/karthik/turtlesim_ws/src/turtlesim_interfaces -DAMENT_CMAKE_SYMLINK_INSTALL=1 -DCMAKE_INSTALL_PREFIX=/home/karthik/turtlesim_ws/install/turtlesim_interfaces
