[  2%] Built target turtlesim_interfaces__cpp
[ 12%] Built target turtlesim_interfaces__rosidl_generator_c
[ 23%] Built target turtlesim_interfaces__rosidl_typesupport_introspection_cpp
[ 34%] Built target turtlesim_interfaces__rosidl_typesupport_introspection_c
[ 44%] Built target turtlesim_interfaces__rosidl_typesupport_fastrtps_cpp
[ 55%] Built target turtlesim_interfaces__rosidl_typesupport_c
[ 65%] Built target turtlesim_interfaces__rosidl_typesupport_cpp
[ 76%] Built target turtlesim_interfaces__rosidl_typesupport_fastrtps_c
[ 76%] Built target turtlesim_interfaces
[ 78%] Built target turtlesim_interfaces__py
[ 87%] Built target turtlesim_interfaces__python
[100%] Built target turtlesim_interfaces__rosidl_typesupport_c__pyext
[100%] Built target turtlesim_interfaces__rosidl_typesupport_fastrtps_c__pyext
[100%] Built target turtlesim_interfaces__rosidl_typesupport_introspection_c__pyext
-- Install configuration: ""
-- Execute custom install script
-- Up-to-date symlink: /home/karthik/turtlesim_ws/install/turtlesim_interfaces/share/ament_index/resource_index/rosidl_interfaces/turtlesim_interfaces
-- Up-to-date symlink: /home/karthik/turtlesim_ws/install/turtlesim_interfaces/include/turtlesim_interfaces/msg/detail/turtle__functions.h
-- Up-to-date symlink: /home/karthik/turtlesim_ws/install/turtlesim_interfaces/include/turtlesim_interfaces/msg/detail/turtle__struct.h
-- Up-to-date symlink: /home/karthik/turtlesim_ws/install/turtlesim_interfaces/include/turtlesim_interfaces/msg/detail/turtle__type_support.h
-- Up-to-date symlink: /home/karthik/turtlesim_ws/install/turtlesim_interfaces/include/turtlesim_interfaces/msg/detail/turtle_array__functions.h
-- Up-to-date symlink: /home/karthik/turtlesim_ws/install/turtlesim_interfaces/include/turtlesim_interfaces/msg/detail/turtle_array__struct.h
-- Up-to-date symlink: /home/karthik/turtlesim_ws/install/turtlesim_interfaces/include/turtlesim_interfaces/msg/detail/turtle_array__type_support.h
-- Up-to-date symlink: /home/karthik/turtlesim_ws/install/turtlesim_interfaces/include/turtlesim_interfaces/msg/rosidl_generator_c__visibility_control.h
-- Up-to-date symlink: /home/karthik/turtlesim_ws/install/turtlesim_interfaces/include/turtlesim_interfaces/msg/turtle.h
-- Up-to-date symlink: /home/karthik/turtlesim_ws/install/turtlesim_interfaces/include/turtlesim_interfaces/msg/turtle_array.h
-- Up-to-date symlink: /home/karthik/turtlesim_ws/install/turtlesim_interfaces/include/turtlesim_interfaces/srv/catch_turtle.h
-- Up-to-date symlink: /home/karthik/turtlesim_ws/install/turtlesim_interfaces/include/turtlesim_interfaces/srv/detail/catch_turtle__functions.h
-- Up-to-date symlink: /home/karthik/turtlesim_ws/install/turtlesim_interfaces/include/turtlesim_interfaces/srv/detail/catch_turtle__struct.h
-- Up-to-date symlink: /home/karthik/turtlesim_ws/install/turtlesim_interfaces/include/turtlesim_interfaces/srv/detail/catch_turtle__type_support.h
-- Up-to-date symlink: /home/karthik/turtlesim_ws/install/turtlesim_interfaces/share/turtlesim_interfaces/environment/library_path.sh
-- Up-to-date symlink: /home/karthik/turtlesim_ws/install/turtlesim_interfaces/share/turtlesim_interfaces/environment/library_path.dsv
-- Up-to-date symlink: /home/karthik/turtlesim_ws/install/turtlesim_interfaces/include/turtlesim_interfaces/msg/detail/turtle__rosidl_typesupport_fastrtps_c.h
-- Up-to-date symlink: /home/karthik/turtlesim_ws/install/turtlesim_interfaces/include/turtlesim_interfaces/msg/detail/turtle_array__rosidl_typesupport_fastrtps_c.h
-- Up-to-date symlink: /home/karthik/turtlesim_ws/install/turtlesim_interfaces/include/turtlesim_interfaces/msg/rosidl_typesupport_fastrtps_c__visibility_control.h
-- Up-to-date symlink: /home/karthik/turtlesim_ws/install/turtlesim_interfaces/include/turtlesim_interfaces/srv/detail/catch_turtle__rosidl_typesupport_fastrtps_c.h
-- Up-to-date symlink: /home/karthik/turtlesim_ws/install/turtlesim_interfaces/lib/libturtlesim_interfaces__rosidl_typesupport_fastrtps_c.so
-- Up-to-date symlink: /home/karthik/turtlesim_ws/install/turtlesim_interfaces/include/turtlesim_interfaces/msg/detail/turtle__rosidl_typesupport_fastrtps_cpp.hpp
-- Up-to-date symlink: /home/karthik/turtlesim_ws/install/turtlesim_interfaces/include/turtlesim_interfaces/msg/detail/turtle_array__rosidl_typesupport_fastrtps_cpp.hpp
-- Up-to-date symlink: /home/karthik/turtlesim_ws/install/turtlesim_interfaces/include/turtlesim_interfaces/msg/rosidl_typesupport_fastrtps_cpp__visibility_control.h
-- Up-to-date symlink: /home/karthik/turtlesim_ws/install/turtlesim_interfaces/include/turtlesim_interfaces/srv/detail/catch_turtle__rosidl_typesupport_fastrtps_cpp.hpp
-- Up-to-date symlink: /home/karthik/turtlesim_ws/install/turtlesim_interfaces/lib/libturtlesim_interfaces__rosidl_typesupport_fastrtps_cpp.so
-- Up-to-date symlink: /home/karthik/turtlesim_ws/install/turtlesim_interfaces/include/turtlesim_interfaces/msg/detail/turtle__rosidl_typesupport_introspection_c.h
-- Up-to-date symlink: /home/karthik/turtlesim_ws/install/turtlesim_interfaces/include/turtlesim_interfaces/msg/detail/turtle_array__rosidl_typesupport_introspection_c.h
-- Up-to-date symlink: /home/karthik/turtlesim_ws/install/turtlesim_interfaces/include/turtlesim_interfaces/msg/rosidl_typesupport_introspection_c__visibility_control.h
-- Up-to-date symlink: /home/karthik/turtlesim_ws/install/turtlesim_interfaces/include/turtlesim_interfaces/srv/detail/catch_turtle__rosidl_typesupport_introspection_c.h
-- Up-to-date symlink: /home/karthik/turtlesim_ws/install/turtlesim_interfaces/include/turtlesim_interfaces/msg/detail/turtle__builder.hpp
-- Up-to-date symlink: /home/karthik/turtlesim_ws/install/turtlesim_interfaces/include/turtlesim_interfaces/msg/detail/turtle__struct.hpp
-- Up-to-date symlink: /home/karthik/turtlesim_ws/install/turtlesim_interfaces/include/turtlesim_interfaces/msg/detail/turtle__traits.hpp
-- Up-to-date symlink: /home/karthik/turtlesim_ws/install/turtlesim_interfaces/include/turtlesim_interfaces/msg/detail/turtle_array__builder.hpp
-- Up-to-date symlink: /home/karthik/turtlesim_ws/install/turtlesim_interfaces/include/turtlesim_interfaces/msg/detail/turtle_array__struct.hpp
-- Up-to-date symlink: /home/karthik/turtlesim_ws/install/turtlesim_interfaces/include/turtlesim_interfaces/msg/detail/turtle_array__traits.hpp
-- Up-to-date symlink: /home/karthik/turtlesim_ws/install/turtlesim_interfaces/include/turtlesim_interfaces/msg/turtle.hpp
-- Up-to-date symlink: /home/karthik/turtlesim_ws/install/turtlesim_interfaces/include/turtlesim_interfaces/msg/turtle_array.hpp
-- Up-to-date symlink: /home/karthik/turtlesim_ws/install/turtlesim_interfaces/include/turtlesim_interfaces/srv/catch_turtle.hpp
-- Up-to-date symlink: /home/karthik/turtlesim_ws/install/turtlesim_interfaces/include/turtlesim_interfaces/srv/detail/catch_turtle__builder.hpp
-- Up-to-date symlink: /home/karthik/turtlesim_ws/install/turtlesim_interfaces/include/turtlesim_interfaces/srv/detail/catch_turtle__struct.hpp
-- Up-to-date symlink: /home/karthik/turtlesim_ws/install/turtlesim_interfaces/include/turtlesim_interfaces/srv/detail/catch_turtle__traits.hpp
-- Up-to-date symlink: /home/karthik/turtlesim_ws/install/turtlesim_interfaces/include/turtlesim_interfaces/msg/detail/turtle__rosidl_typesupport_introspection_cpp.hpp
-- Up-to-date symlink: /home/karthik/turtlesim_ws/install/turtlesim_interfaces/include/turtlesim_interfaces/msg/detail/turtle_array__rosidl_typesupport_introspection_cpp.hpp
-- Up-to-date symlink: /home/karthik/turtlesim_ws/install/turtlesim_interfaces/include/turtlesim_interfaces/srv/detail/catch_turtle__rosidl_typesupport_introspection_cpp.hpp
-- Up-to-date symlink: /home/karthik/turtlesim_ws/install/turtlesim_interfaces/share/turtlesim_interfaces/environment/pythonpath.sh
-- Up-to-date symlink: /home/karthik/turtlesim_ws/install/turtlesim_interfaces/share/turtlesim_interfaces/environment/pythonpath.dsv
-- Up-to-date symlink: /home/karthik/turtlesim_ws/install/turtlesim_interfaces/lib/python3.8/site-packages/turtlesim_interfaces/__init__.py
-- Up-to-date symlink: /home/karthik/turtlesim_ws/install/turtlesim_interfaces/lib/python3.8/site-packages/turtlesim_interfaces/msg/__init__.py
-- Up-to-date symlink: /home/karthik/turtlesim_ws/install/turtlesim_interfaces/lib/python3.8/site-packages/turtlesim_interfaces/msg/_turtle.py
-- Up-to-date symlink: /home/karthik/turtlesim_ws/install/turtlesim_interfaces/lib/python3.8/site-packages/turtlesim_interfaces/msg/_turtle_array.py
-- Up-to-date symlink: /home/karthik/turtlesim_ws/install/turtlesim_interfaces/lib/python3.8/site-packages/turtlesim_interfaces/srv/__init__.py
-- Up-to-date symlink: /home/karthik/turtlesim_ws/install/turtlesim_interfaces/lib/python3.8/site-packages/turtlesim_interfaces/srv/_catch_turtle.py
-- Up-to-date symlink: /home/karthik/turtlesim_ws/install/turtlesim_interfaces/lib/python3.8/site-packages/turtlesim_interfaces/turtlesim_interfaces_s__rosidl_typesupport_fastrtps_c.cpython-38-x86_64-linux-gnu.so
-- Up-to-date symlink: /home/karthik/turtlesim_ws/install/turtlesim_interfaces/lib/python3.8/site-packages/turtlesim_interfaces/turtlesim_interfaces_s__rosidl_typesupport_introspection_c.cpython-38-x86_64-linux-gnu.so
-- Up-to-date symlink: /home/karthik/turtlesim_ws/install/turtlesim_interfaces/lib/python3.8/site-packages/turtlesim_interfaces/turtlesim_interfaces_s__rosidl_typesupport_c.cpython-38-x86_64-linux-gnu.so
-- Up-to-date symlink: /home/karthik/turtlesim_ws/install/turtlesim_interfaces/lib/libturtlesim_interfaces__python.so
-- Up-to-date symlink: /home/karthik/turtlesim_ws/install/turtlesim_interfaces/share/turtlesim_interfaces/msg/Turtle.idl
-- Up-to-date symlink: /home/karthik/turtlesim_ws/install/turtlesim_interfaces/share/turtlesim_interfaces/msg/TurtleArray.idl
-- Up-to-date symlink: /home/karthik/turtlesim_ws/install/turtlesim_interfaces/share/turtlesim_interfaces/srv/CatchTurtle.idl
-- Up-to-date symlink: /home/karthik/turtlesim_ws/install/turtlesim_interfaces/share/turtlesim_interfaces/msg/Turtle.msg
-- Up-to-date symlink: /home/karthik/turtlesim_ws/install/turtlesim_interfaces/share/turtlesim_interfaces/msg/TurtleArray.msg
-- Up-to-date symlink: /home/karthik/turtlesim_ws/install/turtlesim_interfaces/share/turtlesim_interfaces/srv/CatchTurtle.srv
-- Up-to-date symlink: /home/karthik/turtlesim_ws/install/turtlesim_interfaces/share/turtlesim_interfaces/srv/CatchTurtle_Request.msg
-- Up-to-date symlink: /home/karthik/turtlesim_ws/install/turtlesim_interfaces/share/turtlesim_interfaces/srv/CatchTurtle_Response.msg
-- Up-to-date symlink: /home/karthik/turtlesim_ws/install/turtlesim_interfaces/share/ament_index/resource_index/package_run_dependencies/turtlesim_interfaces
-- Up-to-date symlink: /home/karthik/turtlesim_ws/install/turtlesim_interfaces/share/ament_index/resource_index/parent_prefix_path/turtlesim_interfaces
-- Up-to-date symlink: /home/karthik/turtlesim_ws/install/turtlesim_interfaces/share/turtlesim_interfaces/environment/ament_prefix_path.sh
-- Up-to-date symlink: /home/karthik/turtlesim_ws/install/turtlesim_interfaces/share/turtlesim_interfaces/environment/ament_prefix_path.dsv
-- Up-to-date symlink: /home/karthik/turtlesim_ws/install/turtlesim_interfaces/share/turtlesim_interfaces/environment/path.sh
-- Up-to-date symlink: /home/karthik/turtlesim_ws/install/turtlesim_interfaces/share/turtlesim_interfaces/environment/path.dsv
-- Up-to-date symlink: /home/karthik/turtlesim_ws/install/turtlesim_interfaces/share/turtlesim_interfaces/local_setup.bash
-- Up-to-date symlink: /home/karthik/turtlesim_ws/install/turtlesim_interfaces/share/turtlesim_interfaces/local_setup.sh
-- Up-to-date symlink: /home/karthik/turtlesim_ws/install/turtlesim_interfaces/share/turtlesim_interfaces/local_setup.zsh
-- Up-to-date symlink: /home/karthik/turtlesim_ws/install/turtlesim_interfaces/share/turtlesim_interfaces/local_setup.dsv
-- Symlinking: /home/karthik/turtlesim_ws/install/turtlesim_interfaces/share/turtlesim_interfaces/package.dsv
-- Up-to-date symlink: /home/karthik/turtlesim_ws/install/turtlesim_interfaces/share/ament_index/resource_index/packages/turtlesim_interfaces
-- Up-to-date symlink: /home/karthik/turtlesim_ws/install/turtlesim_interfaces/share/turtlesim_interfaces/cmake/rosidl_cmake-extras.cmake
-- Up-to-date symlink: /home/karthik/turtlesim_ws/install/turtlesim_interfaces/share/turtlesim_interfaces/cmake/ament_cmake_export_dependencies-extras.cmake
-- Up-to-date symlink: /home/karthik/turtlesim_ws/install/turtlesim_interfaces/share/turtlesim_interfaces/cmake/ament_cmake_export_libraries-extras.cmake
-- Up-to-date symlink: /home/karthik/turtlesim_ws/install/turtlesim_interfaces/share/turtlesim_interfaces/cmake/ament_cmake_export_targets-extras.cmake
-- Up-to-date symlink: /home/karthik/turtlesim_ws/install/turtlesim_interfaces/share/turtlesim_interfaces/cmake/ament_cmake_export_include_directories-extras.cmake
-- Up-to-date symlink: /home/karthik/turtlesim_ws/install/turtlesim_interfaces/share/turtlesim_interfaces/cmake/rosidl_cmake_export_typesupport_libraries-extras.cmake
-- Up-to-date symlink: /home/karthik/turtlesim_ws/install/turtlesim_interfaces/share/turtlesim_interfaces/cmake/rosidl_cmake_export_typesupport_targets-extras.cmake
-- Up-to-date symlink: /home/karthik/turtlesim_ws/install/turtlesim_interfaces/share/turtlesim_interfaces/cmake/turtlesim_interfacesConfig.cmake
-- Up-to-date symlink: /home/karthik/turtlesim_ws/install/turtlesim_interfaces/share/turtlesim_interfaces/cmake/turtlesim_interfacesConfig-version.cmake
-- Up-to-date symlink: /home/karthik/turtlesim_ws/install/turtlesim_interfaces/share/turtlesim_interfaces/package.xml
-- Up-to-date: /home/karthik/turtlesim_ws/install/turtlesim_interfaces/lib/libturtlesim_interfaces__rosidl_generator_c.so
-- Up-to-date: /home/karthik/turtlesim_ws/install/turtlesim_interfaces/lib/libturtlesim_interfaces__rosidl_typesupport_introspection_c.so
-- Up-to-date: /home/karthik/turtlesim_ws/install/turtlesim_interfaces/lib/libturtlesim_interfaces__rosidl_typesupport_c.so
-- Up-to-date: /home/karthik/turtlesim_ws/install/turtlesim_interfaces/lib/libturtlesim_interfaces__rosidl_typesupport_introspection_cpp.so
-- Up-to-date: /home/karthik/turtlesim_ws/install/turtlesim_interfaces/lib/libturtlesim_interfaces__rosidl_typesupport_cpp.so
-- Up-to-date: /home/karthik/turtlesim_ws/install/turtlesim_interfaces/share/turtlesim_interfaces/cmake/turtlesim_interfaces__rosidl_generator_cExport.cmake
-- Up-to-date: /home/karthik/turtlesim_ws/install/turtlesim_interfaces/share/turtlesim_interfaces/cmake/turtlesim_interfaces__rosidl_generator_cExport-noconfig.cmake
-- Up-to-date: /home/karthik/turtlesim_ws/install/turtlesim_interfaces/share/turtlesim_interfaces/cmake/turtlesim_interfaces__rosidl_typesupport_introspection_cExport.cmake
-- Up-to-date: /home/karthik/turtlesim_ws/install/turtlesim_interfaces/share/turtlesim_interfaces/cmake/turtlesim_interfaces__rosidl_typesupport_introspection_cExport-noconfig.cmake
-- Up-to-date: /home/karthik/turtlesim_ws/install/turtlesim_interfaces/share/turtlesim_interfaces/cmake/turtlesim_interfaces__rosidl_typesupport_cExport.cmake
-- Up-to-date: /home/karthik/turtlesim_ws/install/turtlesim_interfaces/share/turtlesim_interfaces/cmake/turtlesim_interfaces__rosidl_typesupport_cExport-noconfig.cmake
-- Up-to-date: /home/karthik/turtlesim_ws/install/turtlesim_interfaces/share/turtlesim_interfaces/cmake/turtlesim_interfaces__rosidl_generator_cppExport.cmake
-- Up-to-date: /home/karthik/turtlesim_ws/install/turtlesim_interfaces/share/turtlesim_interfaces/cmake/turtlesim_interfaces__rosidl_typesupport_introspection_cppExport.cmake
-- Up-to-date: /home/karthik/turtlesim_ws/install/turtlesim_interfaces/share/turtlesim_interfaces/cmake/turtlesim_interfaces__rosidl_typesupport_introspection_cppExport-noconfig.cmake
-- Up-to-date: /home/karthik/turtlesim_ws/install/turtlesim_interfaces/share/turtlesim_interfaces/cmake/turtlesim_interfaces__rosidl_typesupport_cppExport.cmake
-- Up-to-date: /home/karthik/turtlesim_ws/install/turtlesim_interfaces/share/turtlesim_interfaces/cmake/turtlesim_interfaces__rosidl_typesupport_cppExport-noconfig.cmake
