[0.016s] Invoking command in '/home/karthik/turtlesim_ws/build/turtlesim_interfaces': CMAKE_PREFIX_PATH=${CMAKE_PREFIX_PATH}:/home/karthik/turtlesim_ws/install/turtlesim_catch_them_all:/home/karthik/turtlesim_ws/install/snake_turtle:/home/karthik/ros2_ws/install/my_py_pkg:/opt/ros/foxy /usr/bin/cmake --build /home/karthik/turtlesim_ws/build/turtlesim_interfaces -- -j8 -l8
[0.065s] [  2%] Built target turtlesim_interfaces__cpp
[0.066s] [ 12%] Built target turtlesim_interfaces__rosidl_generator_c
[0.107s] [ 23%] Built target turtlesim_interfaces__rosidl_typesupport_introspection_cpp
[0.110s] [ 34%] Built target turtlesim_interfaces__rosidl_typesupport_introspection_c
[0.112s] [ 44%] Built target turtlesim_interfaces__rosidl_typesupport_fastrtps_cpp
[0.114s] [ 55%] Built target turtlesim_interfaces__rosidl_typesupport_c
[0.114s] [ 65%] Built target turtlesim_interfaces__rosidl_typesupport_cpp
[0.137s] [ 76%] Built target turtlesim_interfaces__rosidl_typesupport_fastrtps_c
[0.155s] [ 76%] Built target turtlesim_interfaces
[0.173s] [ 78%] Built target turtlesim_interfaces__py
[0.198s] [ 87%] Built target turtlesim_interfaces__python
[0.221s] [100%] Built target turtlesim_interfaces__rosidl_typesupport_c__pyext
[0.221s] [100%] Built target turtlesim_interfaces__rosidl_typesupport_fastrtps_c__pyext
[0.222s] [100%] Built target turtlesim_interfaces__rosidl_typesupport_introspection_c__pyext
[0.234s] Invoked command in '/home/karthik/turtlesim_ws/build/turtlesim_interfaces' returned '0': CMAKE_PREFIX_PATH=${CMAKE_PREFIX_PATH}:/home/karthik/turtlesim_ws/install/turtlesim_catch_them_all:/home/karthik/turtlesim_ws/install/snake_turtle:/home/karthik/ros2_ws/install/my_py_pkg:/opt/ros/foxy /usr/bin/cmake --build /home/karthik/turtlesim_ws/build/turtlesim_interfaces -- -j8 -l8
[0.311s] Invoking command in '/home/karthik/turtlesim_ws/build/turtlesim_interfaces': CMAKE_PREFIX_PATH=${CMAKE_PREFIX_PATH}:/home/karthik/turtlesim_ws/install/turtlesim_catch_them_all:/home/karthik/turtlesim_ws/install/snake_turtle:/home/karthik/ros2_ws/install/my_py_pkg:/opt/ros/foxy /usr/bin/cmake --install /home/karthik/turtlesim_ws/build/turtlesim_interfaces
[0.319s] -- Install configuration: ""
[0.319s] -- Execute custom install script
[0.319s] -- Up-to-date symlink: /home/karthik/turtlesim_ws/install/turtlesim_interfaces/share/ament_index/resource_index/rosidl_interfaces/turtlesim_interfaces
[0.320s] -- Up-to-date symlink: /home/karthik/turtlesim_ws/install/turtlesim_interfaces/include/turtlesim_interfaces/msg/detail/turtle__functions.h
[0.320s] -- Up-to-date symlink: /home/karthik/turtlesim_ws/install/turtlesim_interfaces/include/turtlesim_interfaces/msg/detail/turtle__struct.h
[0.320s] -- Up-to-date symlink: /home/karthik/turtlesim_ws/install/turtlesim_interfaces/include/turtlesim_interfaces/msg/detail/turtle__type_support.h
[0.320s] -- Up-to-date symlink: /home/karthik/turtlesim_ws/install/turtlesim_interfaces/include/turtlesim_interfaces/msg/detail/turtle_array__functions.h
[0.321s] -- Up-to-date symlink: /home/karthik/turtlesim_ws/install/turtlesim_interfaces/include/turtlesim_interfaces/msg/detail/turtle_array__struct.h
[0.321s] -- Up-to-date symlink: /home/karthik/turtlesim_ws/install/turtlesim_interfaces/include/turtlesim_interfaces/msg/detail/turtle_array__type_support.h
[0.321s] -- Up-to-date symlink: /home/karthik/turtlesim_ws/install/turtlesim_interfaces/include/turtlesim_interfaces/msg/rosidl_generator_c__visibility_control.h
[0.321s] -- Up-to-date symlink: /home/karthik/turtlesim_ws/install/turtlesim_interfaces/include/turtlesim_interfaces/msg/turtle.h
[0.321s] -- Up-to-date symlink: /home/karthik/turtlesim_ws/install/turtlesim_interfaces/include/turtlesim_interfaces/msg/turtle_array.h
[0.321s] -- Up-to-date symlink: /home/karthik/turtlesim_ws/install/turtlesim_interfaces/include/turtlesim_interfaces/srv/catch_turtle.h
[0.322s] -- Up-to-date symlink: /home/karthik/turtlesim_ws/install/turtlesim_interfaces/include/turtlesim_interfaces/srv/detail/catch_turtle__functions.h
[0.322s] -- Up-to-date symlink: /home/karthik/turtlesim_ws/install/turtlesim_interfaces/include/turtlesim_interfaces/srv/detail/catch_turtle__struct.h
[0.322s] -- Up-to-date symlink: /home/karthik/turtlesim_ws/install/turtlesim_interfaces/include/turtlesim_interfaces/srv/detail/catch_turtle__type_support.h
[0.322s] -- Up-to-date symlink: /home/karthik/turtlesim_ws/install/turtlesim_interfaces/share/turtlesim_interfaces/environment/library_path.sh
[0.323s] -- Up-to-date symlink: /home/karthik/turtlesim_ws/install/turtlesim_interfaces/share/turtlesim_interfaces/environment/library_path.dsv
[0.323s] -- Up-to-date symlink: /home/karthik/turtlesim_ws/install/turtlesim_interfaces/include/turtlesim_interfaces/msg/detail/turtle__rosidl_typesupport_fastrtps_c.h
[0.323s] -- Up-to-date symlink: /home/karthik/turtlesim_ws/install/turtlesim_interfaces/include/turtlesim_interfaces/msg/detail/turtle_array__rosidl_typesupport_fastrtps_c.h
[0.324s] -- Up-to-date symlink: /home/karthik/turtlesim_ws/install/turtlesim_interfaces/include/turtlesim_interfaces/msg/rosidl_typesupport_fastrtps_c__visibility_control.h
[0.324s] -- Up-to-date symlink: /home/karthik/turtlesim_ws/install/turtlesim_interfaces/include/turtlesim_interfaces/srv/detail/catch_turtle__rosidl_typesupport_fastrtps_c.h
[0.324s] -- Up-to-date symlink: /home/karthik/turtlesim_ws/install/turtlesim_interfaces/lib/libturtlesim_interfaces__rosidl_typesupport_fastrtps_c.so
[0.325s] -- Up-to-date symlink: /home/karthik/turtlesim_ws/install/turtlesim_interfaces/include/turtlesim_interfaces/msg/detail/turtle__rosidl_typesupport_fastrtps_cpp.hpp
[0.325s] -- Up-to-date symlink: /home/karthik/turtlesim_ws/install/turtlesim_interfaces/include/turtlesim_interfaces/msg/detail/turtle_array__rosidl_typesupport_fastrtps_cpp.hpp
[0.325s] -- Up-to-date symlink: /home/karthik/turtlesim_ws/install/turtlesim_interfaces/include/turtlesim_interfaces/msg/rosidl_typesupport_fastrtps_cpp__visibility_control.h
[0.326s] -- Up-to-date symlink: /home/karthik/turtlesim_ws/install/turtlesim_interfaces/include/turtlesim_interfaces/srv/detail/catch_turtle__rosidl_typesupport_fastrtps_cpp.hpp
[0.326s] -- Up-to-date symlink: /home/karthik/turtlesim_ws/install/turtlesim_interfaces/lib/libturtlesim_interfaces__rosidl_typesupport_fastrtps_cpp.so
[0.326s] -- Up-to-date symlink: /home/karthik/turtlesim_ws/install/turtlesim_interfaces/include/turtlesim_interfaces/msg/detail/turtle__rosidl_typesupport_introspection_c.h
[0.327s] -- Up-to-date symlink: /home/karthik/turtlesim_ws/install/turtlesim_interfaces/include/turtlesim_interfaces/msg/detail/turtle_array__rosidl_typesupport_introspection_c.h
[0.327s] -- Up-to-date symlink: /home/karthik/turtlesim_ws/install/turtlesim_interfaces/include/turtlesim_interfaces/msg/rosidl_typesupport_introspection_c__visibility_control.h
[0.327s] -- Up-to-date symlink: /home/karthik/turtlesim_ws/install/turtlesim_interfaces/include/turtlesim_interfaces/srv/detail/catch_turtle__rosidl_typesupport_introspection_c.h
[0.328s] -- Up-to-date symlink: /home/karthik/turtlesim_ws/install/turtlesim_interfaces/include/turtlesim_interfaces/msg/detail/turtle__builder.hpp
[0.328s] -- Up-to-date symlink: /home/karthik/turtlesim_ws/install/turtlesim_interfaces/include/turtlesim_interfaces/msg/detail/turtle__struct.hpp
[0.328s] -- Up-to-date symlink: /home/karthik/turtlesim_ws/install/turtlesim_interfaces/include/turtlesim_interfaces/msg/detail/turtle__traits.hpp
[0.328s] -- Up-to-date symlink: /home/karthik/turtlesim_ws/install/turtlesim_interfaces/include/turtlesim_interfaces/msg/detail/turtle_array__builder.hpp
[0.328s] -- Up-to-date symlink: /home/karthik/turtlesim_ws/install/turtlesim_interfaces/include/turtlesim_interfaces/msg/detail/turtle_array__struct.hpp
[0.328s] -- Up-to-date symlink: /home/karthik/turtlesim_ws/install/turtlesim_interfaces/include/turtlesim_interfaces/msg/detail/turtle_array__traits.hpp
[0.329s] -- Up-to-date symlink: /home/karthik/turtlesim_ws/install/turtlesim_interfaces/include/turtlesim_interfaces/msg/turtle.hpp
[0.329s] -- Up-to-date symlink: /home/karthik/turtlesim_ws/install/turtlesim_interfaces/include/turtlesim_interfaces/msg/turtle_array.hpp
[0.329s] -- Up-to-date symlink: /home/karthik/turtlesim_ws/install/turtlesim_interfaces/include/turtlesim_interfaces/srv/catch_turtle.hpp
[0.329s] -- Up-to-date symlink: /home/karthik/turtlesim_ws/install/turtlesim_interfaces/include/turtlesim_interfaces/srv/detail/catch_turtle__builder.hpp
[0.329s] -- Up-to-date symlink: /home/karthik/turtlesim_ws/install/turtlesim_interfaces/include/turtlesim_interfaces/srv/detail/catch_turtle__struct.hpp
[0.330s] -- Up-to-date symlink: /home/karthik/turtlesim_ws/install/turtlesim_interfaces/include/turtlesim_interfaces/srv/detail/catch_turtle__traits.hpp
[0.330s] -- Up-to-date symlink: /home/karthik/turtlesim_ws/install/turtlesim_interfaces/include/turtlesim_interfaces/msg/detail/turtle__rosidl_typesupport_introspection_cpp.hpp
[0.330s] -- Up-to-date symlink: /home/karthik/turtlesim_ws/install/turtlesim_interfaces/include/turtlesim_interfaces/msg/detail/turtle_array__rosidl_typesupport_introspection_cpp.hpp
[0.331s] -- Up-to-date symlink: /home/karthik/turtlesim_ws/install/turtlesim_interfaces/include/turtlesim_interfaces/srv/detail/catch_turtle__rosidl_typesupport_introspection_cpp.hpp
[0.331s] -- Up-to-date symlink: /home/karthik/turtlesim_ws/install/turtlesim_interfaces/share/turtlesim_interfaces/environment/pythonpath.sh
[0.331s] -- Up-to-date symlink: /home/karthik/turtlesim_ws/install/turtlesim_interfaces/share/turtlesim_interfaces/environment/pythonpath.dsv
[0.332s] -- Up-to-date symlink: /home/karthik/turtlesim_ws/install/turtlesim_interfaces/lib/python3.8/site-packages/turtlesim_interfaces/__init__.py
[0.332s] -- Up-to-date symlink: /home/karthik/turtlesim_ws/install/turtlesim_interfaces/lib/python3.8/site-packages/turtlesim_interfaces/msg/__init__.py
[0.333s] -- Up-to-date symlink: /home/karthik/turtlesim_ws/install/turtlesim_interfaces/lib/python3.8/site-packages/turtlesim_interfaces/msg/_turtle.py
[0.333s] -- Up-to-date symlink: /home/karthik/turtlesim_ws/install/turtlesim_interfaces/lib/python3.8/site-packages/turtlesim_interfaces/msg/_turtle_array.py
[0.333s] -- Up-to-date symlink: /home/karthik/turtlesim_ws/install/turtlesim_interfaces/lib/python3.8/site-packages/turtlesim_interfaces/srv/__init__.py
[0.334s] -- Up-to-date symlink: /home/karthik/turtlesim_ws/install/turtlesim_interfaces/lib/python3.8/site-packages/turtlesim_interfaces/srv/_catch_turtle.py
[0.334s] -- Up-to-date symlink: /home/karthik/turtlesim_ws/install/turtlesim_interfaces/lib/python3.8/site-packages/turtlesim_interfaces/turtlesim_interfaces_s__rosidl_typesupport_fastrtps_c.cpython-38-x86_64-linux-gnu.so
[0.334s] -- Up-to-date symlink: /home/karthik/turtlesim_ws/install/turtlesim_interfaces/lib/python3.8/site-packages/turtlesim_interfaces/turtlesim_interfaces_s__rosidl_typesupport_introspection_c.cpython-38-x86_64-linux-gnu.so
[0.335s] -- Up-to-date symlink: /home/karthik/turtlesim_ws/install/turtlesim_interfaces/lib/python3.8/site-packages/turtlesim_interfaces/turtlesim_interfaces_s__rosidl_typesupport_c.cpython-38-x86_64-linux-gnu.so
[0.335s] -- Up-to-date symlink: /home/karthik/turtlesim_ws/install/turtlesim_interfaces/lib/libturtlesim_interfaces__python.so
[0.335s] -- Up-to-date symlink: /home/karthik/turtlesim_ws/install/turtlesim_interfaces/share/turtlesim_interfaces/msg/Turtle.idl
[0.336s] -- Up-to-date symlink: /home/karthik/turtlesim_ws/install/turtlesim_interfaces/share/turtlesim_interfaces/msg/TurtleArray.idl
[0.336s] -- Up-to-date symlink: /home/karthik/turtlesim_ws/install/turtlesim_interfaces/share/turtlesim_interfaces/srv/CatchTurtle.idl
[0.336s] -- Up-to-date symlink: /home/karthik/turtlesim_ws/install/turtlesim_interfaces/share/turtlesim_interfaces/msg/Turtle.msg
[0.337s] -- Up-to-date symlink: /home/karthik/turtlesim_ws/install/turtlesim_interfaces/share/turtlesim_interfaces/msg/TurtleArray.msg
[0.337s] -- Up-to-date symlink: /home/karthik/turtlesim_ws/install/turtlesim_interfaces/share/turtlesim_interfaces/srv/CatchTurtle.srv
[0.337s] -- Up-to-date symlink: /home/karthik/turtlesim_ws/install/turtlesim_interfaces/share/turtlesim_interfaces/srv/CatchTurtle_Request.msg
[0.337s] -- Up-to-date symlink: /home/karthik/turtlesim_ws/install/turtlesim_interfaces/share/turtlesim_interfaces/srv/CatchTurtle_Response.msg
[0.338s] -- Up-to-date symlink: /home/karthik/turtlesim_ws/install/turtlesim_interfaces/share/ament_index/resource_index/package_run_dependencies/turtlesim_interfaces
[0.338s] -- Up-to-date symlink: /home/karthik/turtlesim_ws/install/turtlesim_interfaces/share/ament_index/resource_index/parent_prefix_path/turtlesim_interfaces
[0.338s] -- Up-to-date symlink: /home/karthik/turtlesim_ws/install/turtlesim_interfaces/share/turtlesim_interfaces/environment/ament_prefix_path.sh
[0.338s] -- Up-to-date symlink: /home/karthik/turtlesim_ws/install/turtlesim_interfaces/share/turtlesim_interfaces/environment/ament_prefix_path.dsv
[0.339s] -- Up-to-date symlink: /home/karthik/turtlesim_ws/install/turtlesim_interfaces/share/turtlesim_interfaces/environment/path.sh
[0.339s] -- Up-to-date symlink: /home/karthik/turtlesim_ws/install/turtlesim_interfaces/share/turtlesim_interfaces/environment/path.dsv
[0.339s] -- Up-to-date symlink: /home/karthik/turtlesim_ws/install/turtlesim_interfaces/share/turtlesim_interfaces/local_setup.bash
[0.340s] -- Up-to-date symlink: /home/karthik/turtlesim_ws/install/turtlesim_interfaces/share/turtlesim_interfaces/local_setup.sh
[0.340s] -- Up-to-date symlink: /home/karthik/turtlesim_ws/install/turtlesim_interfaces/share/turtlesim_interfaces/local_setup.zsh
[0.340s] -- Up-to-date symlink: /home/karthik/turtlesim_ws/install/turtlesim_interfaces/share/turtlesim_interfaces/local_setup.dsv
[0.340s] -- Symlinking: /home/karthik/turtlesim_ws/install/turtlesim_interfaces/share/turtlesim_interfaces/package.dsv
[0.349s] -- Up-to-date symlink: /home/karthik/turtlesim_ws/install/turtlesim_interfaces/share/ament_index/resource_index/packages/turtlesim_interfaces
[0.349s] -- Up-to-date symlink: /home/karthik/turtlesim_ws/install/turtlesim_interfaces/share/turtlesim_interfaces/cmake/rosidl_cmake-extras.cmake
[0.349s] -- Up-to-date symlink: /home/karthik/turtlesim_ws/install/turtlesim_interfaces/share/turtlesim_interfaces/cmake/ament_cmake_export_dependencies-extras.cmake
[0.350s] -- Up-to-date symlink: /home/karthik/turtlesim_ws/install/turtlesim_interfaces/share/turtlesim_interfaces/cmake/ament_cmake_export_libraries-extras.cmake
[0.350s] -- Up-to-date symlink: /home/karthik/turtlesim_ws/install/turtlesim_interfaces/share/turtlesim_interfaces/cmake/ament_cmake_export_targets-extras.cmake
[0.350s] -- Up-to-date symlink: /home/karthik/turtlesim_ws/install/turtlesim_interfaces/share/turtlesim_interfaces/cmake/ament_cmake_export_include_directories-extras.cmake
[0.350s] -- Up-to-date symlink: /home/karthik/turtlesim_ws/install/turtlesim_interfaces/share/turtlesim_interfaces/cmake/rosidl_cmake_export_typesupport_libraries-extras.cmake
[0.351s] -- Up-to-date symlink: /home/karthik/turtlesim_ws/install/turtlesim_interfaces/share/turtlesim_interfaces/cmake/rosidl_cmake_export_typesupport_targets-extras.cmake
[0.351s] -- Up-to-date symlink: /home/karthik/turtlesim_ws/install/turtlesim_interfaces/share/turtlesim_interfaces/cmake/turtlesim_interfacesConfig.cmake
[0.351s] -- Up-to-date symlink: /home/karthik/turtlesim_ws/install/turtlesim_interfaces/share/turtlesim_interfaces/cmake/turtlesim_interfacesConfig-version.cmake
[0.352s] -- Up-to-date symlink: /home/karthik/turtlesim_ws/install/turtlesim_interfaces/share/turtlesim_interfaces/package.xml
[0.352s] -- Up-to-date: /home/karthik/turtlesim_ws/install/turtlesim_interfaces/lib/libturtlesim_interfaces__rosidl_generator_c.so
[0.352s] -- Up-to-date: /home/karthik/turtlesim_ws/install/turtlesim_interfaces/lib/libturtlesim_interfaces__rosidl_typesupport_introspection_c.so
[0.353s] -- Up-to-date: /home/karthik/turtlesim_ws/install/turtlesim_interfaces/lib/libturtlesim_interfaces__rosidl_typesupport_c.so
[0.353s] -- Up-to-date: /home/karthik/turtlesim_ws/install/turtlesim_interfaces/lib/libturtlesim_interfaces__rosidl_typesupport_introspection_cpp.so
[0.354s] -- Up-to-date: /home/karthik/turtlesim_ws/install/turtlesim_interfaces/lib/libturtlesim_interfaces__rosidl_typesupport_cpp.so
[0.384s] -- Up-to-date: /home/karthik/turtlesim_ws/install/turtlesim_interfaces/share/turtlesim_interfaces/cmake/turtlesim_interfaces__rosidl_generator_cExport.cmake
[0.384s] -- Up-to-date: /home/karthik/turtlesim_ws/install/turtlesim_interfaces/share/turtlesim_interfaces/cmake/turtlesim_interfaces__rosidl_generator_cExport-noconfig.cmake
[0.384s] -- Up-to-date: /home/karthik/turtlesim_ws/install/turtlesim_interfaces/share/turtlesim_interfaces/cmake/turtlesim_interfaces__rosidl_typesupport_introspection_cExport.cmake
[0.384s] -- Up-to-date: /home/karthik/turtlesim_ws/install/turtlesim_interfaces/share/turtlesim_interfaces/cmake/turtlesim_interfaces__rosidl_typesupport_introspection_cExport-noconfig.cmake
[0.385s] -- Up-to-date: /home/karthik/turtlesim_ws/install/turtlesim_interfaces/share/turtlesim_interfaces/cmake/turtlesim_interfaces__rosidl_typesupport_cExport.cmake
[0.385s] -- Up-to-date: /home/karthik/turtlesim_ws/install/turtlesim_interfaces/share/turtlesim_interfaces/cmake/turtlesim_interfaces__rosidl_typesupport_cExport-noconfig.cmake
[0.385s] -- Up-to-date: /home/karthik/turtlesim_ws/install/turtlesim_interfaces/share/turtlesim_interfaces/cmake/turtlesim_interfaces__rosidl_generator_cppExport.cmake
[0.385s] -- Up-to-date: /home/karthik/turtlesim_ws/install/turtlesim_interfaces/share/turtlesim_interfaces/cmake/turtlesim_interfaces__rosidl_typesupport_introspection_cppExport.cmake
[0.385s] -- Up-to-date: /home/karthik/turtlesim_ws/install/turtlesim_interfaces/share/turtlesim_interfaces/cmake/turtlesim_interfaces__rosidl_typesupport_introspection_cppExport-noconfig.cmake
[0.386s] -- Up-to-date: /home/karthik/turtlesim_ws/install/turtlesim_interfaces/share/turtlesim_interfaces/cmake/turtlesim_interfaces__rosidl_typesupport_cppExport.cmake
[0.386s] -- Up-to-date: /home/karthik/turtlesim_ws/install/turtlesim_interfaces/share/turtlesim_interfaces/cmake/turtlesim_interfaces__rosidl_typesupport_cppExport-noconfig.cmake
[0.388s] Invoked command in '/home/karthik/turtlesim_ws/build/turtlesim_interfaces' returned '0': CMAKE_PREFIX_PATH=${CMAKE_PREFIX_PATH}:/home/karthik/turtlesim_ws/install/turtlesim_catch_them_all:/home/karthik/turtlesim_ws/install/snake_turtle:/home/karthik/ros2_ws/install/my_py_pkg:/opt/ros/foxy /usr/bin/cmake --install /home/karthik/turtlesim_ws/build/turtlesim_interfaces
