[0.013s] Invoking command in '/home/karthik/turtlesim_ws/build/my_robot_interfaces': CMAKE_PREFIX_PATH=${CMAKE_PREFIX_PATH}:/home/karthik/turtlesim_ws/install/turtlesim_catch_them_all:/home/karthik/turtlesim_ws/install/snake_turtle:/home/karthik/ros2_ws/install/my_py_pkg:/opt/ros/foxy /usr/bin/cmake /home/karthik/turtlesim_ws/src/my_robot_interfaces -DCMAKE_INSTALL_PREFIX=/home/karthik/turtlesim_ws/install/my_robot_interfaces
[0.287s] -- The C compiler identification is GNU 9.4.0
[0.548s] -- The CXX compiler identification is GNU 9.4.0
[0.554s] -- Check for working C compiler: /usr/bin/cc
[0.624s] -- Check for working C compiler: /usr/bin/cc -- works
[0.626s] -- Detecting C compiler ABI info
[0.690s] -- Detecting C compiler ABI info - done
[0.700s] -- Detecting C compile features
[0.701s] -- Detecting C compile features - done
[0.703s] -- Check for working CXX compiler: /usr/bin/c++
[0.771s] -- Check for working CXX compiler: /usr/bin/c++ -- works
[0.772s] -- Detecting CXX compiler ABI info
[0.842s] -- Detecting CXX compiler ABI info - done
[0.852s] -- Detecting CXX compile features
[0.852s] -- Detecting CXX compile features - done
[0.859s] -- Found ament_cmake: 0.9.11 (/opt/ros/foxy/share/ament_cmake/cmake)
[0.904s] -- Found PythonInterp: /usr/bin/python3 (found suitable version "3.8.10", minimum required is "3") 
[0.905s] -- Using PYTHON_EXECUTABLE: /usr/bin/python3
[1.083s] -- Found rosidl_default_generators: 1.0.1 (/opt/ros/foxy/share/rosidl_default_generators/cmake)
[1.086s] -- Using all available rosidl_typesupport_c: rosidl_typesupport_fastrtps_c;rosidl_typesupport_introspection_c
[1.093s] -- Found rosidl_adapter: 1.3.0 (/opt/ros/foxy/share/rosidl_adapter/cmake)
[1.241s] -- Found OpenSSL: /usr/lib/x86_64-linux-gnu/libcrypto.so (found version "1.1.1f")  
[1.266s] -- Found FastRTPS: /opt/ros/foxy/include  
[1.339s] -- Using all available rosidl_typesupport_cpp: rosidl_typesupport_fastrtps_cpp;rosidl_typesupport_introspection_cpp
[1.387s] -- Found PythonInterp: /usr/bin/python3 (found version "3.8.10") 
[1.499s] -- Found ament_cmake_ros: 0.9.2 (/opt/ros/foxy/share/ament_cmake_ros/cmake)
[1.586s] -- Using all available rosidl_typesupport_c: rosidl_typesupport_fastrtps_c;rosidl_typesupport_introspection_c
[1.592s] -- Using all available rosidl_typesupport_cpp: rosidl_typesupport_fastrtps_cpp;rosidl_typesupport_introspection_cpp
[1.617s] -- Found PythonInterp: /usr/bin/python3 (found suitable version "3.8.10", minimum required is "3.5") 
[1.618s] -- Found python_cmake_module: 0.8.1 (/opt/ros/foxy/share/python_cmake_module/cmake)
[1.646s] -- Found PythonLibs: /usr/lib/x86_64-linux-gnu/libpython3.8.so (found suitable version "3.8.10", minimum required is "3.5") 
[1.646s] -- Using PYTHON_EXECUTABLE: /usr/bin/python3
[1.646s] -- Using PYTHON_INCLUDE_DIRS: /usr/include/python3.8
[1.646s] -- Using PYTHON_LIBRARIES: /usr/lib/x86_64-linux-gnu/libpython3.8.so
[1.670s] -- Found PythonExtra: .so  
[1.714s] -- Configuring done
[1.745s] -- Generating done
[1.748s] -- Build files have been written to: /home/karthik/turtlesim_ws/build/my_robot_interfaces
[1.764s] Invoked command in '/home/karthik/turtlesim_ws/build/my_robot_interfaces' returned '0': CMAKE_PREFIX_PATH=${CMAKE_PREFIX_PATH}:/home/karthik/turtlesim_ws/install/turtlesim_catch_them_all:/home/karthik/turtlesim_ws/install/snake_turtle:/home/karthik/ros2_ws/install/my_py_pkg:/opt/ros/foxy /usr/bin/cmake /home/karthik/turtlesim_ws/src/my_robot_interfaces -DCMAKE_INSTALL_PREFIX=/home/karthik/turtlesim_ws/install/my_robot_interfaces
[1.768s] Invoking command in '/home/karthik/turtlesim_ws/build/my_robot_interfaces': CMAKE_PREFIX_PATH=${CMAKE_PREFIX_PATH}:/home/karthik/turtlesim_ws/install/turtlesim_catch_them_all:/home/karthik/turtlesim_ws/install/snake_turtle:/home/karthik/ros2_ws/install/my_py_pkg:/opt/ros/foxy /usr/bin/cmake --build /home/karthik/turtlesim_ws/build/my_robot_interfaces -- -j8 -l8
[1.805s] [  2%] [34m[1mGenerating C code for ROS interfaces[0m
[1.805s] [35m[1mScanning dependencies of target my_robot_interfaces__cpp[0m
[1.815s] [  4%] [34m[1mGenerating C++ code for ROS interfaces[0m
[2.137s] [  4%] Built target my_robot_interfaces__cpp
[2.154s] [  6%] [34m[1mGenerating C++ introspection for ROS interfaces[0m
[2.159s] [ 10%] [34m[1mGenerating C++ type support dispatch for ROS interfaces[0m
[2.159s] [ 10%] [34m[1mGenerating C++ type support for eProsima Fast-RTPS[0m
[2.166s] [35m[1mScanning dependencies of target my_robot_interfaces__rosidl_generator_c[0m
[2.192s] [ 17%] [32mBuilding C object CMakeFiles/my_robot_interfaces__rosidl_generator_c.dir/rosidl_generator_c/my_robot_interfaces/msg/detail/turtle__functions.c.o[0m
[2.193s] [ 17%] [32mBuilding C object CMakeFiles/my_robot_interfaces__rosidl_generator_c.dir/rosidl_generator_c/my_robot_interfaces/srv/detail/catch_turtle__functions.c.o[0m
[2.193s] [ 17%] [32mBuilding C object CMakeFiles/my_robot_interfaces__rosidl_generator_c.dir/rosidl_generator_c/my_robot_interfaces/msg/detail/turtle_array__functions.c.o[0m
[2.320s] [ 19%] [32m[1mLinking C shared library libmy_robot_interfaces__rosidl_generator_c.so[0m
[2.381s] [ 19%] Built target my_robot_interfaces__rosidl_generator_c
[2.392s] [ 21%] [34m[1mGenerating C introspection for ROS interfaces[0m
[2.396s] [ 23%] [34m[1mGenerating C type support dispatch for ROS interfaces[0m
[2.587s] [35m[1mScanning dependencies of target my_robot_interfaces__rosidl_typesupport_cpp[0m
[2.612s] [ 25%] [32mBuilding CXX object CMakeFiles/my_robot_interfaces__rosidl_typesupport_cpp.dir/rosidl_typesupport_cpp/my_robot_interfaces/msg/turtle__type_support.cpp.o[0m
[2.647s] [ 27%] [32mBuilding CXX object CMakeFiles/my_robot_interfaces__rosidl_typesupport_cpp.dir/rosidl_typesupport_cpp/my_robot_interfaces/msg/turtle_array__type_support.cpp.o[0m
[2.653s] [35m[1mScanning dependencies of target my_robot_interfaces__rosidl_typesupport_introspection_cpp[0m
[2.655s] [ 29%] [32mBuilding CXX object CMakeFiles/my_robot_interfaces__rosidl_typesupport_cpp.dir/rosidl_typesupport_cpp/my_robot_interfaces/srv/catch_turtle__type_support.cpp.o[0m
[2.678s] [ 34%] [32mBuilding CXX object CMakeFiles/my_robot_interfaces__rosidl_typesupport_introspection_cpp.dir/rosidl_typesupport_introspection_cpp/my_robot_interfaces/msg/detail/turtle__type_support.cpp.o[0m
[2.679s] [ 34%] [32mBuilding CXX object CMakeFiles/my_robot_interfaces__rosidl_typesupport_introspection_cpp.dir/rosidl_typesupport_introspection_cpp/my_robot_interfaces/msg/detail/turtle_array__type_support.cpp.o[0m
[2.682s] [35m[1mScanning dependencies of target my_robot_interfaces__rosidl_typesupport_fastrtps_cpp[0m
[2.740s] [ 36%] [32mBuilding CXX object CMakeFiles/my_robot_interfaces__rosidl_typesupport_fastrtps_cpp.dir/rosidl_typesupport_fastrtps_cpp/my_robot_interfaces/msg/detail/dds_fastrtps/turtle__type_support.cpp.o[0m
[3.045s] [35m[1mScanning dependencies of target my_robot_interfaces__rosidl_typesupport_c[0m
[3.119s] [ 38%] [32mBuilding CXX object CMakeFiles/my_robot_interfaces__rosidl_typesupport_c.dir/rosidl_typesupport_c/my_robot_interfaces/msg/turtle__type_support.cpp.o[0m
[3.194s] [ 40%] [32mBuilding CXX object CMakeFiles/my_robot_interfaces__rosidl_typesupport_c.dir/rosidl_typesupport_c/my_robot_interfaces/msg/turtle_array__type_support.cpp.o[0m
[3.256s] [35m[1mScanning dependencies of target my_robot_interfaces__rosidl_typesupport_introspection_c[0m
[3.271s] [ 42%] [32mBuilding CXX object CMakeFiles/my_robot_interfaces__rosidl_typesupport_c.dir/rosidl_typesupport_c/my_robot_interfaces/srv/catch_turtle__type_support.cpp.o[0m
[3.336s] [ 44%] [32mBuilding C object CMakeFiles/my_robot_interfaces__rosidl_typesupport_introspection_c.dir/rosidl_typesupport_introspection_c/my_robot_interfaces/msg/detail/turtle__type_support.c.o[0m
[3.351s] [ 46%] [32m[1mLinking CXX shared library libmy_robot_interfaces__rosidl_typesupport_c.so[0m
[3.413s] [ 48%] [32mBuilding C object CMakeFiles/my_robot_interfaces__rosidl_typesupport_introspection_c.dir/rosidl_typesupport_introspection_c/my_robot_interfaces/msg/detail/turtle_array__type_support.c.o[0m
[3.429s] [ 51%] [32mBuilding CXX object CMakeFiles/my_robot_interfaces__rosidl_typesupport_fastrtps_cpp.dir/rosidl_typesupport_fastrtps_cpp/my_robot_interfaces/msg/detail/dds_fastrtps/turtle_array__type_support.cpp.o[0m
[3.448s] [ 53%] [32mBuilding C object CMakeFiles/my_robot_interfaces__rosidl_typesupport_introspection_c.dir/rosidl_typesupport_introspection_c/my_robot_interfaces/srv/detail/catch_turtle__type_support.c.o[0m
[3.458s] [ 53%] Built target my_robot_interfaces__rosidl_typesupport_c
[3.461s] [ 55%] [32mBuilding CXX object CMakeFiles/my_robot_interfaces__rosidl_typesupport_introspection_cpp.dir/rosidl_typesupport_introspection_cpp/my_robot_interfaces/srv/detail/catch_turtle__type_support.cpp.o[0m
[3.462s] [ 57%] [32m[1mLinking CXX shared library libmy_robot_interfaces__rosidl_typesupport_cpp.so[0m
[3.477s] [ 59%] [32mBuilding CXX object CMakeFiles/my_robot_interfaces__rosidl_typesupport_fastrtps_cpp.dir/rosidl_typesupport_fastrtps_cpp/my_robot_interfaces/srv/detail/dds_fastrtps/catch_turtle__type_support.cpp.o[0m
[3.523s] [ 61%] [32m[1mLinking C shared library libmy_robot_interfaces__rosidl_typesupport_introspection_c.so[0m
[3.573s] [ 61%] Built target my_robot_interfaces__rosidl_typesupport_introspection_c
[3.580s] [ 61%] Built target my_robot_interfaces__rosidl_typesupport_cpp
[3.832s] [ 63%] [32m[1mLinking CXX shared library libmy_robot_interfaces__rosidl_typesupport_introspection_cpp.so[0m
[3.906s] [ 63%] Built target my_robot_interfaces__rosidl_typesupport_introspection_cpp
[3.963s] [ 65%] [32m[1mLinking CXX shared library libmy_robot_interfaces__rosidl_typesupport_fastrtps_cpp.so[0m
[4.038s] [ 65%] Built target my_robot_interfaces__rosidl_typesupport_fastrtps_cpp
[4.047s] [ 68%] [34m[1mGenerating C type support for eProsima Fast-RTPS[0m
[4.293s] [35m[1mScanning dependencies of target my_robot_interfaces__rosidl_typesupport_fastrtps_c[0m
[4.321s] [ 70%] [32mBuilding CXX object CMakeFiles/my_robot_interfaces__rosidl_typesupport_fastrtps_c.dir/rosidl_typesupport_fastrtps_c/my_robot_interfaces/msg/detail/turtle__type_support_c.cpp.o[0m
[4.325s] [ 72%] [32mBuilding CXX object CMakeFiles/my_robot_interfaces__rosidl_typesupport_fastrtps_c.dir/rosidl_typesupport_fastrtps_c/my_robot_interfaces/msg/detail/turtle_array__type_support_c.cpp.o[0m
[4.326s] [ 74%] [32mBuilding CXX object CMakeFiles/my_robot_interfaces__rosidl_typesupport_fastrtps_c.dir/rosidl_typesupport_fastrtps_c/my_robot_interfaces/srv/detail/catch_turtle__type_support_c.cpp.o[0m
[4.656s] [ 76%] [32m[1mLinking CXX shared library libmy_robot_interfaces__rosidl_typesupport_fastrtps_c.so[0m
[4.728s] [ 76%] Built target my_robot_interfaces__rosidl_typesupport_fastrtps_c
[4.737s] [35m[1mScanning dependencies of target my_robot_interfaces[0m
[4.746s] [ 76%] Built target my_robot_interfaces
[4.755s] [35m[1mScanning dependencies of target my_robot_interfaces__py[0m
[4.768s] [ 78%] [34m[1mGenerating Python code for ROS interfaces[0m
[5.449s] [ 78%] Built target my_robot_interfaces__py
[5.458s] [35m[1mScanning dependencies of target my_robot_interfaces__python[0m
[5.501s] [ 82%] [32mBuilding C object CMakeFiles/my_robot_interfaces__python.dir/rosidl_generator_py/my_robot_interfaces/msg/_turtle_array_s.c.o[0m
[5.501s] [ 82%] [32mBuilding C object CMakeFiles/my_robot_interfaces__python.dir/rosidl_generator_py/my_robot_interfaces/msg/_turtle_s.c.o[0m
[5.503s] [ 85%] [32mBuilding C object CMakeFiles/my_robot_interfaces__python.dir/rosidl_generator_py/my_robot_interfaces/srv/_catch_turtle_s.c.o[0m
[5.709s] [ 87%] [32m[1mLinking C shared library rosidl_generator_py/my_robot_interfaces/libmy_robot_interfaces__python.so[0m
[5.744s] [ 87%] Built target my_robot_interfaces__python
[5.762s] [35m[1mScanning dependencies of target my_robot_interfaces__rosidl_typesupport_introspection_c__pyext[0m
[5.763s] [35m[1mScanning dependencies of target my_robot_interfaces__rosidl_typesupport_c__pyext[0m
[5.763s] [35m[1mScanning dependencies of target my_robot_interfaces__rosidl_typesupport_fastrtps_c__pyext[0m
[5.851s] [ 89%] [32mBuilding C object CMakeFiles/my_robot_interfaces__rosidl_typesupport_fastrtps_c__pyext.dir/rosidl_generator_py/my_robot_interfaces/_my_robot_interfaces_s.ep.rosidl_typesupport_fastrtps_c.c.o[0m
[5.852s] [ 91%] [32mBuilding C object CMakeFiles/my_robot_interfaces__rosidl_typesupport_introspection_c__pyext.dir/rosidl_generator_py/my_robot_interfaces/_my_robot_interfaces_s.ep.rosidl_typesupport_introspection_c.c.o[0m
[5.854s] [ 93%] [32mBuilding C object CMakeFiles/my_robot_interfaces__rosidl_typesupport_c__pyext.dir/rosidl_generator_py/my_robot_interfaces/_my_robot_interfaces_s.ep.rosidl_typesupport_c.c.o[0m
[6.230s] [ 95%] [32m[1mLinking CXX shared library rosidl_generator_py/my_robot_interfaces/my_robot_interfaces_s__rosidl_typesupport_fastrtps_c.cpython-38-x86_64-linux-gnu.so[0m
[6.231s] [ 97%] [32m[1mLinking C shared library rosidl_generator_py/my_robot_interfaces/my_robot_interfaces_s__rosidl_typesupport_introspection_c.cpython-38-x86_64-linux-gnu.so[0m
[6.245s] [100%] [32m[1mLinking C shared library rosidl_generator_py/my_robot_interfaces/my_robot_interfaces_s__rosidl_typesupport_c.cpython-38-x86_64-linux-gnu.so[0m
[6.380s] [100%] Built target my_robot_interfaces__rosidl_typesupport_introspection_c__pyext
[6.386s] [100%] Built target my_robot_interfaces__rosidl_typesupport_c__pyext
[6.502s] [100%] Built target my_robot_interfaces__rosidl_typesupport_fastrtps_c__pyext
[6.549s] Invoked command in '/home/karthik/turtlesim_ws/build/my_robot_interfaces' returned '0': CMAKE_PREFIX_PATH=${CMAKE_PREFIX_PATH}:/home/karthik/turtlesim_ws/install/turtlesim_catch_them_all:/home/karthik/turtlesim_ws/install/snake_turtle:/home/karthik/ros2_ws/install/my_py_pkg:/opt/ros/foxy /usr/bin/cmake --build /home/karthik/turtlesim_ws/build/my_robot_interfaces -- -j8 -l8
[6.921s] Invoking command in '/home/karthik/turtlesim_ws/build/my_robot_interfaces': CMAKE_PREFIX_PATH=${CMAKE_PREFIX_PATH}:/home/karthik/turtlesim_ws/install/turtlesim_catch_them_all:/home/karthik/turtlesim_ws/install/snake_turtle:/home/karthik/ros2_ws/install/my_py_pkg:/opt/ros/foxy /usr/bin/cmake --install /home/karthik/turtlesim_ws/build/my_robot_interfaces
[6.955s] -- Install configuration: ""
[6.955s] -- Installing: /home/karthik/turtlesim_ws/install/my_robot_interfaces/share/ament_index/resource_index/rosidl_interfaces/my_robot_interfaces
[6.956s] -- Installing: /home/karthik/turtlesim_ws/install/my_robot_interfaces/include/my_robot_interfaces
[6.957s] -- Installing: /home/karthik/turtlesim_ws/install/my_robot_interfaces/include/my_robot_interfaces/msg
[6.958s] -- Installing: /home/karthik/turtlesim_ws/install/my_robot_interfaces/include/my_robot_interfaces/msg/turtle_array.h
[6.959s] -- Installing: /home/karthik/turtlesim_ws/install/my_robot_interfaces/include/my_robot_interfaces/msg/detail
[6.959s] -- Installing: /home/karthik/turtlesim_ws/install/my_robot_interfaces/include/my_robot_interfaces/msg/detail/turtle__type_support.h
[6.960s] -- Installing: /home/karthik/turtlesim_ws/install/my_robot_interfaces/include/my_robot_interfaces/msg/detail/turtle__functions.c
[6.960s] -- Installing: /home/karthik/turtlesim_ws/install/my_robot_interfaces/include/my_robot_interfaces/msg/detail/turtle_array__functions.h
[6.961s] -- Installing: /home/karthik/turtlesim_ws/install/my_robot_interfaces/include/my_robot_interfaces/msg/detail/turtle_array__struct.h
[6.961s] -- Installing: /home/karthik/turtlesim_ws/install/my_robot_interfaces/include/my_robot_interfaces/msg/detail/turtle_array__functions.c
[6.962s] -- Installing: /home/karthik/turtlesim_ws/install/my_robot_interfaces/include/my_robot_interfaces/msg/detail/turtle__functions.h
[6.962s] -- Installing: /home/karthik/turtlesim_ws/install/my_robot_interfaces/include/my_robot_interfaces/msg/detail/turtle__struct.h
[6.963s] -- Installing: /home/karthik/turtlesim_ws/install/my_robot_interfaces/include/my_robot_interfaces/msg/detail/turtle_array__type_support.h
[6.964s] -- Installing: /home/karthik/turtlesim_ws/install/my_robot_interfaces/include/my_robot_interfaces/msg/rosidl_generator_c__visibility_control.h
[6.964s] -- Installing: /home/karthik/turtlesim_ws/install/my_robot_interfaces/include/my_robot_interfaces/msg/turtle.h
[6.965s] -- Installing: /home/karthik/turtlesim_ws/install/my_robot_interfaces/include/my_robot_interfaces/srv
[6.965s] -- Installing: /home/karthik/turtlesim_ws/install/my_robot_interfaces/include/my_robot_interfaces/srv/catch_turtle.h
[6.965s] -- Installing: /home/karthik/turtlesim_ws/install/my_robot_interfaces/include/my_robot_interfaces/srv/detail
[6.966s] -- Installing: /home/karthik/turtlesim_ws/install/my_robot_interfaces/include/my_robot_interfaces/srv/detail/catch_turtle__struct.h
[6.966s] -- Installing: /home/karthik/turtlesim_ws/install/my_robot_interfaces/include/my_robot_interfaces/srv/detail/catch_turtle__functions.c
[6.967s] -- Installing: /home/karthik/turtlesim_ws/install/my_robot_interfaces/include/my_robot_interfaces/srv/detail/catch_turtle__functions.h
[6.967s] -- Installing: /home/karthik/turtlesim_ws/install/my_robot_interfaces/include/my_robot_interfaces/srv/detail/catch_turtle__type_support.h
[6.967s] -- Installing: /home/karthik/turtlesim_ws/install/my_robot_interfaces/share/my_robot_interfaces/environment/library_path.sh
[6.968s] -- Installing: /home/karthik/turtlesim_ws/install/my_robot_interfaces/share/my_robot_interfaces/environment/library_path.dsv
[6.968s] -- Installing: /home/karthik/turtlesim_ws/install/my_robot_interfaces/lib/libmy_robot_interfaces__rosidl_generator_c.so
[6.970s] -- Set runtime path of "/home/karthik/turtlesim_ws/install/my_robot_interfaces/lib/libmy_robot_interfaces__rosidl_generator_c.so" to ""
[6.970s] -- Up-to-date: /home/karthik/turtlesim_ws/install/my_robot_interfaces/include/my_robot_interfaces
[6.971s] -- Up-to-date: /home/karthik/turtlesim_ws/install/my_robot_interfaces/include/my_robot_interfaces/msg
[6.972s] -- Installing: /home/karthik/turtlesim_ws/install/my_robot_interfaces/include/my_robot_interfaces/msg/rosidl_typesupport_fastrtps_c__visibility_control.h
[6.972s] -- Up-to-date: /home/karthik/turtlesim_ws/install/my_robot_interfaces/include/my_robot_interfaces/msg/detail
[6.972s] -- Installing: /home/karthik/turtlesim_ws/install/my_robot_interfaces/include/my_robot_interfaces/msg/detail/turtle_array__rosidl_typesupport_fastrtps_c.h
[6.973s] -- Installing: /home/karthik/turtlesim_ws/install/my_robot_interfaces/include/my_robot_interfaces/msg/detail/turtle__rosidl_typesupport_fastrtps_c.h
[6.973s] -- Up-to-date: /home/karthik/turtlesim_ws/install/my_robot_interfaces/include/my_robot_interfaces/srv
[6.973s] -- Up-to-date: /home/karthik/turtlesim_ws/install/my_robot_interfaces/include/my_robot_interfaces/srv/detail
[6.973s] -- Installing: /home/karthik/turtlesim_ws/install/my_robot_interfaces/include/my_robot_interfaces/srv/detail/catch_turtle__rosidl_typesupport_fastrtps_c.h
[6.974s] -- Installing: /home/karthik/turtlesim_ws/install/my_robot_interfaces/lib/libmy_robot_interfaces__rosidl_typesupport_fastrtps_c.so
[6.975s] -- Set runtime path of "/home/karthik/turtlesim_ws/install/my_robot_interfaces/lib/libmy_robot_interfaces__rosidl_typesupport_fastrtps_c.so" to ""
[6.975s] -- Up-to-date: /home/karthik/turtlesim_ws/install/my_robot_interfaces/include/my_robot_interfaces
[6.976s] -- Up-to-date: /home/karthik/turtlesim_ws/install/my_robot_interfaces/include/my_robot_interfaces/msg
[6.976s] -- Installing: /home/karthik/turtlesim_ws/install/my_robot_interfaces/include/my_robot_interfaces/msg/rosidl_typesupport_fastrtps_cpp__visibility_control.h
[6.977s] -- Up-to-date: /home/karthik/turtlesim_ws/install/my_robot_interfaces/include/my_robot_interfaces/msg/detail
[6.977s] -- Installing: /home/karthik/turtlesim_ws/install/my_robot_interfaces/include/my_robot_interfaces/msg/detail/turtle__rosidl_typesupport_fastrtps_cpp.hpp
[6.978s] -- Installing: /home/karthik/turtlesim_ws/install/my_robot_interfaces/include/my_robot_interfaces/msg/detail/dds_fastrtps
[6.978s] -- Installing: /home/karthik/turtlesim_ws/install/my_robot_interfaces/include/my_robot_interfaces/msg/detail/turtle_array__rosidl_typesupport_fastrtps_cpp.hpp
[6.978s] -- Up-to-date: /home/karthik/turtlesim_ws/install/my_robot_interfaces/include/my_robot_interfaces/srv
[6.979s] -- Up-to-date: /home/karthik/turtlesim_ws/install/my_robot_interfaces/include/my_robot_interfaces/srv/detail
[6.979s] -- Installing: /home/karthik/turtlesim_ws/install/my_robot_interfaces/include/my_robot_interfaces/srv/detail/dds_fastrtps
[6.979s] -- Installing: /home/karthik/turtlesim_ws/install/my_robot_interfaces/include/my_robot_interfaces/srv/detail/catch_turtle__rosidl_typesupport_fastrtps_cpp.hpp
[6.980s] -- Installing: /home/karthik/turtlesim_ws/install/my_robot_interfaces/lib/libmy_robot_interfaces__rosidl_typesupport_fastrtps_cpp.so
[6.980s] -- Set runtime path of "/home/karthik/turtlesim_ws/install/my_robot_interfaces/lib/libmy_robot_interfaces__rosidl_typesupport_fastrtps_cpp.so" to ""
[6.981s] -- Up-to-date: /home/karthik/turtlesim_ws/install/my_robot_interfaces/include/my_robot_interfaces
[6.982s] -- Up-to-date: /home/karthik/turtlesim_ws/install/my_robot_interfaces/include/my_robot_interfaces/msg
[6.982s] -- Up-to-date: /home/karthik/turtlesim_ws/install/my_robot_interfaces/include/my_robot_interfaces/msg/detail
[6.982s] -- Installing: /home/karthik/turtlesim_ws/install/my_robot_interfaces/include/my_robot_interfaces/msg/detail/turtle__rosidl_typesupport_introspection_c.h
[6.983s] -- Installing: /home/karthik/turtlesim_ws/install/my_robot_interfaces/include/my_robot_interfaces/msg/detail/turtle_array__type_support.c
[6.984s] -- Installing: /home/karthik/turtlesim_ws/install/my_robot_interfaces/include/my_robot_interfaces/msg/detail/turtle_array__rosidl_typesupport_introspection_c.h
[6.984s] -- Installing: /home/karthik/turtlesim_ws/install/my_robot_interfaces/include/my_robot_interfaces/msg/detail/turtle__type_support.c
[6.985s] -- Installing: /home/karthik/turtlesim_ws/install/my_robot_interfaces/include/my_robot_interfaces/msg/rosidl_typesupport_introspection_c__visibility_control.h
[6.985s] -- Up-to-date: /home/karthik/turtlesim_ws/install/my_robot_interfaces/include/my_robot_interfaces/srv
[6.985s] -- Up-to-date: /home/karthik/turtlesim_ws/install/my_robot_interfaces/include/my_robot_interfaces/srv/detail
[6.986s] -- Installing: /home/karthik/turtlesim_ws/install/my_robot_interfaces/include/my_robot_interfaces/srv/detail/catch_turtle__rosidl_typesupport_introspection_c.h
[6.986s] -- Installing: /home/karthik/turtlesim_ws/install/my_robot_interfaces/include/my_robot_interfaces/srv/detail/catch_turtle__type_support.c
[6.986s] -- Installing: /home/karthik/turtlesim_ws/install/my_robot_interfaces/lib/libmy_robot_interfaces__rosidl_typesupport_introspection_c.so
[6.987s] -- Set runtime path of "/home/karthik/turtlesim_ws/install/my_robot_interfaces/lib/libmy_robot_interfaces__rosidl_typesupport_introspection_c.so" to ""
[6.987s] -- Installing: /home/karthik/turtlesim_ws/install/my_robot_interfaces/lib/libmy_robot_interfaces__rosidl_typesupport_c.so
[6.989s] -- Set runtime path of "/home/karthik/turtlesim_ws/install/my_robot_interfaces/lib/libmy_robot_interfaces__rosidl_typesupport_c.so" to ""
[6.989s] -- Up-to-date: /home/karthik/turtlesim_ws/install/my_robot_interfaces/include/my_robot_interfaces
[6.990s] -- Up-to-date: /home/karthik/turtlesim_ws/install/my_robot_interfaces/include/my_robot_interfaces/msg
[6.991s] -- Installing: /home/karthik/turtlesim_ws/install/my_robot_interfaces/include/my_robot_interfaces/msg/turtle.hpp
[6.991s] -- Installing: /home/karthik/turtlesim_ws/install/my_robot_interfaces/include/my_robot_interfaces/msg/turtle_array.hpp
[6.992s] -- Up-to-date: /home/karthik/turtlesim_ws/install/my_robot_interfaces/include/my_robot_interfaces/msg/detail
[6.992s] -- Installing: /home/karthik/turtlesim_ws/install/my_robot_interfaces/include/my_robot_interfaces/msg/detail/turtle_array__struct.hpp
[6.993s] -- Installing: /home/karthik/turtlesim_ws/install/my_robot_interfaces/include/my_robot_interfaces/msg/detail/turtle_array__traits.hpp
[6.994s] -- Installing: /home/karthik/turtlesim_ws/install/my_robot_interfaces/include/my_robot_interfaces/msg/detail/turtle__struct.hpp
[6.994s] -- Installing: /home/karthik/turtlesim_ws/install/my_robot_interfaces/include/my_robot_interfaces/msg/detail/turtle__builder.hpp
[6.995s] -- Installing: /home/karthik/turtlesim_ws/install/my_robot_interfaces/include/my_robot_interfaces/msg/detail/turtle__traits.hpp
[6.995s] -- Installing: /home/karthik/turtlesim_ws/install/my_robot_interfaces/include/my_robot_interfaces/msg/detail/turtle_array__builder.hpp
[6.996s] -- Up-to-date: /home/karthik/turtlesim_ws/install/my_robot_interfaces/include/my_robot_interfaces/srv
[6.997s] -- Up-to-date: /home/karthik/turtlesim_ws/install/my_robot_interfaces/include/my_robot_interfaces/srv/detail
[6.997s] -- Installing: /home/karthik/turtlesim_ws/install/my_robot_interfaces/include/my_robot_interfaces/srv/detail/catch_turtle__struct.hpp
[6.998s] -- Installing: /home/karthik/turtlesim_ws/install/my_robot_interfaces/include/my_robot_interfaces/srv/detail/catch_turtle__traits.hpp
[6.998s] -- Installing: /home/karthik/turtlesim_ws/install/my_robot_interfaces/include/my_robot_interfaces/srv/detail/catch_turtle__builder.hpp
[6.999s] -- Installing: /home/karthik/turtlesim_ws/install/my_robot_interfaces/include/my_robot_interfaces/srv/catch_turtle.hpp
[6.999s] -- Up-to-date: /home/karthik/turtlesim_ws/install/my_robot_interfaces/include/my_robot_interfaces
[7.000s] -- Up-to-date: /home/karthik/turtlesim_ws/install/my_robot_interfaces/include/my_robot_interfaces/msg
[7.000s] -- Up-to-date: /home/karthik/turtlesim_ws/install/my_robot_interfaces/include/my_robot_interfaces/msg/detail
[7.001s] -- Installing: /home/karthik/turtlesim_ws/install/my_robot_interfaces/include/my_robot_interfaces/msg/detail/turtle_array__type_support.cpp
[7.001s] -- Installing: /home/karthik/turtlesim_ws/install/my_robot_interfaces/include/my_robot_interfaces/msg/detail/turtle__rosidl_typesupport_introspection_cpp.hpp
[7.001s] -- Installing: /home/karthik/turtlesim_ws/install/my_robot_interfaces/include/my_robot_interfaces/msg/detail/turtle__type_support.cpp
[7.002s] -- Installing: /home/karthik/turtlesim_ws/install/my_robot_interfaces/include/my_robot_interfaces/msg/detail/turtle_array__rosidl_typesupport_introspection_cpp.hpp
[7.002s] -- Up-to-date: /home/karthik/turtlesim_ws/install/my_robot_interfaces/include/my_robot_interfaces/srv
[7.002s] -- Up-to-date: /home/karthik/turtlesim_ws/install/my_robot_interfaces/include/my_robot_interfaces/srv/detail
[7.003s] -- Installing: /home/karthik/turtlesim_ws/install/my_robot_interfaces/include/my_robot_interfaces/srv/detail/catch_turtle__rosidl_typesupport_introspection_cpp.hpp
[7.003s] -- Installing: /home/karthik/turtlesim_ws/install/my_robot_interfaces/include/my_robot_interfaces/srv/detail/catch_turtle__type_support.cpp
[7.003s] -- Installing: /home/karthik/turtlesim_ws/install/my_robot_interfaces/lib/libmy_robot_interfaces__rosidl_typesupport_introspection_cpp.so
[7.004s] -- Set runtime path of "/home/karthik/turtlesim_ws/install/my_robot_interfaces/lib/libmy_robot_interfaces__rosidl_typesupport_introspection_cpp.so" to ""
[7.004s] -- Installing: /home/karthik/turtlesim_ws/install/my_robot_interfaces/lib/libmy_robot_interfaces__rosidl_typesupport_cpp.so
[7.005s] -- Set runtime path of "/home/karthik/turtlesim_ws/install/my_robot_interfaces/lib/libmy_robot_interfaces__rosidl_typesupport_cpp.so" to ""
[7.005s] -- Installing: /home/karthik/turtlesim_ws/install/my_robot_interfaces/share/my_robot_interfaces/environment/pythonpath.sh
[7.005s] -- Installing: /home/karthik/turtlesim_ws/install/my_robot_interfaces/share/my_robot_interfaces/environment/pythonpath.dsv
[7.006s] -- Installing: /home/karthik/turtlesim_ws/install/my_robot_interfaces/lib/python3.8/site-packages/my_robot_interfaces/__init__.py
[7.141s] Compiling '/home/karthik/turtlesim_ws/install/my_robot_interfaces/lib/python3.8/site-packages/my_robot_interfaces/__init__.py'...
[7.155s] -- Installing: /home/karthik/turtlesim_ws/install/my_robot_interfaces/lib/python3.8/site-packages/my_robot_interfaces/msg
[7.156s] -- Installing: /home/karthik/turtlesim_ws/install/my_robot_interfaces/lib/python3.8/site-packages/my_robot_interfaces/msg/_turtle_array_s.c
[7.157s] -- Installing: /home/karthik/turtlesim_ws/install/my_robot_interfaces/lib/python3.8/site-packages/my_robot_interfaces/msg/_turtle_array.py
[7.158s] -- Installing: /home/karthik/turtlesim_ws/install/my_robot_interfaces/lib/python3.8/site-packages/my_robot_interfaces/msg/_turtle.py
[7.158s] -- Installing: /home/karthik/turtlesim_ws/install/my_robot_interfaces/lib/python3.8/site-packages/my_robot_interfaces/msg/_turtle_s.c
[7.158s] -- Installing: /home/karthik/turtlesim_ws/install/my_robot_interfaces/lib/python3.8/site-packages/my_robot_interfaces/msg/__init__.py
[7.159s] -- Installing: /home/karthik/turtlesim_ws/install/my_robot_interfaces/lib/python3.8/site-packages/my_robot_interfaces/srv
[7.159s] -- Installing: /home/karthik/turtlesim_ws/install/my_robot_interfaces/lib/python3.8/site-packages/my_robot_interfaces/srv/_catch_turtle_s.c
[7.159s] -- Installing: /home/karthik/turtlesim_ws/install/my_robot_interfaces/lib/python3.8/site-packages/my_robot_interfaces/srv/_catch_turtle.py
[7.160s] -- Installing: /home/karthik/turtlesim_ws/install/my_robot_interfaces/lib/python3.8/site-packages/my_robot_interfaces/srv/__init__.py
[7.160s] -- Installing: /home/karthik/turtlesim_ws/install/my_robot_interfaces/lib/python3.8/site-packages/my_robot_interfaces/my_robot_interfaces_s__rosidl_typesupport_fastrtps_c.cpython-38-x86_64-linux-gnu.so
[7.163s] -- Set runtime path of "/home/karthik/turtlesim_ws/install/my_robot_interfaces/lib/python3.8/site-packages/my_robot_interfaces/my_robot_interfaces_s__rosidl_typesupport_fastrtps_c.cpython-38-x86_64-linux-gnu.so" to ""
[7.164s] -- Installing: /home/karthik/turtlesim_ws/install/my_robot_interfaces/lib/python3.8/site-packages/my_robot_interfaces/my_robot_interfaces_s__rosidl_typesupport_introspection_c.cpython-38-x86_64-linux-gnu.so
[7.166s] -- Set runtime path of "/home/karthik/turtlesim_ws/install/my_robot_interfaces/lib/python3.8/site-packages/my_robot_interfaces/my_robot_interfaces_s__rosidl_typesupport_introspection_c.cpython-38-x86_64-linux-gnu.so" to ""
[7.167s] -- Installing: /home/karthik/turtlesim_ws/install/my_robot_interfaces/lib/python3.8/site-packages/my_robot_interfaces/my_robot_interfaces_s__rosidl_typesupport_c.cpython-38-x86_64-linux-gnu.so
[7.170s] -- Set runtime path of "/home/karthik/turtlesim_ws/install/my_robot_interfaces/lib/python3.8/site-packages/my_robot_interfaces/my_robot_interfaces_s__rosidl_typesupport_c.cpython-38-x86_64-linux-gnu.so" to ""
[7.170s] -- Installing: /home/karthik/turtlesim_ws/install/my_robot_interfaces/lib/libmy_robot_interfaces__python.so
[7.172s] -- Set runtime path of "/home/karthik/turtlesim_ws/install/my_robot_interfaces/lib/libmy_robot_interfaces__python.so" to ""
[7.173s] -- Installing: /home/karthik/turtlesim_ws/install/my_robot_interfaces/share/my_robot_interfaces/msg/Turtle.idl
[7.174s] -- Installing: /home/karthik/turtlesim_ws/install/my_robot_interfaces/share/my_robot_interfaces/msg/TurtleArray.idl
[7.174s] -- Installing: /home/karthik/turtlesim_ws/install/my_robot_interfaces/share/my_robot_interfaces/srv/CatchTurtle.idl
[7.175s] -- Installing: /home/karthik/turtlesim_ws/install/my_robot_interfaces/share/my_robot_interfaces/msg/Turtle.msg
[7.175s] -- Installing: /home/karthik/turtlesim_ws/install/my_robot_interfaces/share/my_robot_interfaces/msg/TurtleArray.msg
[7.176s] -- Installing: /home/karthik/turtlesim_ws/install/my_robot_interfaces/share/my_robot_interfaces/srv/CatchTurtle.srv
[7.176s] -- Installing: /home/karthik/turtlesim_ws/install/my_robot_interfaces/share/my_robot_interfaces/srv/CatchTurtle_Request.msg
[7.177s] -- Installing: /home/karthik/turtlesim_ws/install/my_robot_interfaces/share/my_robot_interfaces/srv/CatchTurtle_Response.msg
[7.177s] -- Installing: /home/karthik/turtlesim_ws/install/my_robot_interfaces/share/ament_index/resource_index/package_run_dependencies/my_robot_interfaces
[7.178s] -- Installing: /home/karthik/turtlesim_ws/install/my_robot_interfaces/share/ament_index/resource_index/parent_prefix_path/my_robot_interfaces
[7.179s] -- Installing: /home/karthik/turtlesim_ws/install/my_robot_interfaces/share/my_robot_interfaces/environment/ament_prefix_path.sh
[7.179s] -- Installing: /home/karthik/turtlesim_ws/install/my_robot_interfaces/share/my_robot_interfaces/environment/ament_prefix_path.dsv
[7.180s] -- Installing: /home/karthik/turtlesim_ws/install/my_robot_interfaces/share/my_robot_interfaces/environment/path.sh
[7.181s] -- Installing: /home/karthik/turtlesim_ws/install/my_robot_interfaces/share/my_robot_interfaces/environment/path.dsv
[7.182s] -- Installing: /home/karthik/turtlesim_ws/install/my_robot_interfaces/share/my_robot_interfaces/local_setup.bash
[7.182s] -- Installing: /home/karthik/turtlesim_ws/install/my_robot_interfaces/share/my_robot_interfaces/local_setup.sh
[7.183s] -- Installing: /home/karthik/turtlesim_ws/install/my_robot_interfaces/share/my_robot_interfaces/local_setup.zsh
[7.183s] -- Installing: /home/karthik/turtlesim_ws/install/my_robot_interfaces/share/my_robot_interfaces/local_setup.dsv
[7.184s] -- Installing: /home/karthik/turtlesim_ws/install/my_robot_interfaces/share/my_robot_interfaces/package.dsv
[7.184s] -- Installing: /home/karthik/turtlesim_ws/install/my_robot_interfaces/share/ament_index/resource_index/packages/my_robot_interfaces
[7.185s] -- Installing: /home/karthik/turtlesim_ws/install/my_robot_interfaces/share/my_robot_interfaces/cmake/my_robot_interfaces__rosidl_generator_cExport.cmake
[7.186s] -- Installing: /home/karthik/turtlesim_ws/install/my_robot_interfaces/share/my_robot_interfaces/cmake/my_robot_interfaces__rosidl_generator_cExport-noconfig.cmake
[7.186s] -- Installing: /home/karthik/turtlesim_ws/install/my_robot_interfaces/share/my_robot_interfaces/cmake/my_robot_interfaces__rosidl_typesupport_introspection_cExport.cmake
[7.187s] -- Installing: /home/karthik/turtlesim_ws/install/my_robot_interfaces/share/my_robot_interfaces/cmake/my_robot_interfaces__rosidl_typesupport_introspection_cExport-noconfig.cmake
[7.188s] -- Installing: /home/karthik/turtlesim_ws/install/my_robot_interfaces/share/my_robot_interfaces/cmake/my_robot_interfaces__rosidl_typesupport_cExport.cmake
[7.189s] -- Installing: /home/karthik/turtlesim_ws/install/my_robot_interfaces/share/my_robot_interfaces/cmake/my_robot_interfaces__rosidl_typesupport_cExport-noconfig.cmake
[7.190s] -- Installing: /home/karthik/turtlesim_ws/install/my_robot_interfaces/share/my_robot_interfaces/cmake/my_robot_interfaces__rosidl_generator_cppExport.cmake
[7.190s] -- Installing: /home/karthik/turtlesim_ws/install/my_robot_interfaces/share/my_robot_interfaces/cmake/my_robot_interfaces__rosidl_typesupport_introspection_cppExport.cmake
[7.191s] -- Installing: /home/karthik/turtlesim_ws/install/my_robot_interfaces/share/my_robot_interfaces/cmake/my_robot_interfaces__rosidl_typesupport_introspection_cppExport-noconfig.cmake
[7.192s] -- Installing: /home/karthik/turtlesim_ws/install/my_robot_interfaces/share/my_robot_interfaces/cmake/my_robot_interfaces__rosidl_typesupport_cppExport.cmake
[7.192s] -- Installing: /home/karthik/turtlesim_ws/install/my_robot_interfaces/share/my_robot_interfaces/cmake/my_robot_interfaces__rosidl_typesupport_cppExport-noconfig.cmake
[7.193s] -- Installing: /home/karthik/turtlesim_ws/install/my_robot_interfaces/share/my_robot_interfaces/cmake/rosidl_cmake-extras.cmake
[7.194s] -- Installing: /home/karthik/turtlesim_ws/install/my_robot_interfaces/share/my_robot_interfaces/cmake/ament_cmake_export_dependencies-extras.cmake
[7.194s] -- Installing: /home/karthik/turtlesim_ws/install/my_robot_interfaces/share/my_robot_interfaces/cmake/ament_cmake_export_libraries-extras.cmake
[7.195s] -- Installing: /home/karthik/turtlesim_ws/install/my_robot_interfaces/share/my_robot_interfaces/cmake/ament_cmake_export_targets-extras.cmake
[7.195s] -- Installing: /home/karthik/turtlesim_ws/install/my_robot_interfaces/share/my_robot_interfaces/cmake/ament_cmake_export_include_directories-extras.cmake
[7.196s] -- Installing: /home/karthik/turtlesim_ws/install/my_robot_interfaces/share/my_robot_interfaces/cmake/rosidl_cmake_export_typesupport_libraries-extras.cmake
[7.197s] -- Installing: /home/karthik/turtlesim_ws/install/my_robot_interfaces/share/my_robot_interfaces/cmake/rosidl_cmake_export_typesupport_targets-extras.cmake
[7.197s] -- Installing: /home/karthik/turtlesim_ws/install/my_robot_interfaces/share/my_robot_interfaces/cmake/my_robot_interfacesConfig.cmake
[7.198s] -- Installing: /home/karthik/turtlesim_ws/install/my_robot_interfaces/share/my_robot_interfaces/cmake/my_robot_interfacesConfig-version.cmake
[7.198s] -- Installing: /home/karthik/turtlesim_ws/install/my_robot_interfaces/share/my_robot_interfaces/package.xml
[7.207s] Invoked command in '/home/karthik/turtlesim_ws/build/my_robot_interfaces' returned '0': CMAKE_PREFIX_PATH=${CMAKE_PREFIX_PATH}:/home/karthik/turtlesim_ws/install/turtlesim_catch_them_all:/home/karthik/turtlesim_ws/install/snake_turtle:/home/karthik/ros2_ws/install/my_py_pkg:/opt/ros/foxy /usr/bin/cmake --install /home/karthik/turtlesim_ws/build/my_robot_interfaces
