[0.250s] DEBUG:colcon:Command line arguments: ['/usr/bin/colcon', 'build', '--packages-select', 'turtlesim_interfaces', '--symlink-install']
[0.250s] DEBUG:colcon:Parsed command line arguments: Namespace(allow_overriding=[], ament_cmake_args=None, base_paths=['.'], build_base='build', catkin_cmake_args=None, catkin_skip_building_tests=False, cmake_args=None, cmake_clean_cache=False, cmake_clean_first=False, cmake_force_configure=False, cmake_target=None, cmake_target_skip_unavailable=False, continue_on_error=False, event_handlers=None, executor='parallel', ignore_user_meta=False, install_base='install', log_base=None, log_level=None, main=<bound method BuildVerb.main of <colcon_core.verb.build.BuildVerb object at 0x7f25d015ad30>>, merge_install=False, metas=['./colcon.meta'], packages_above=None, packages_above_and_dependencies=None, packages_above_depth=None, packages_end=None, packages_ignore=None, packages_ignore_regex=None, packages_select=['turtlesim_interfaces'], packages_select_build_failed=False, packages_select_by_dep=None, packages_select_regex=None, packages_select_test_failures=False, packages_skip=None, packages_skip_build_finished=False, packages_skip_by_dep=None, packages_skip_regex=None, packages_skip_test_passed=False, packages_skip_up_to=None, packages_start=None, packages_up_to=None, packages_up_to_regex=None, parallel_workers=8, paths=None, symlink_install=True, test_result_base=None, verb_extension=<colcon_core.verb.build.BuildVerb object at 0x7f25d015ad30>, verb_name='build', verb_parser=<colcon_defaults.argument_parser.defaults.DefaultArgumentsDecorator object at 0x7f25d01642e0>)
[0.271s] Level 1:colcon.colcon_core.package_discovery:discover_packages(colcon_meta) check parameters
[0.271s] Level 1:colcon.colcon_core.package_discovery:discover_packages(recursive) check parameters
[0.271s] Level 1:colcon.colcon_core.package_discovery:discover_packages(ignore) check parameters
[0.271s] Level 1:colcon.colcon_core.package_discovery:discover_packages(path) check parameters
[0.271s] Level 1:colcon.colcon_core.package_discovery:discover_packages(colcon_meta) discover
[0.271s] Level 1:colcon.colcon_core.package_discovery:discover_packages(recursive) discover
[0.271s] INFO:colcon.colcon_core.package_discovery:Crawling recursively for packages in '/home/karthik/turtlesim_ws'
[0.272s] Level 1:colcon.colcon_core.package_identification:_identify(.) by extensions ['ignore', 'ignore_ament_install']
[0.272s] Level 1:colcon.colcon_core.package_identification:_identify(.) by extension 'ignore'
[0.272s] Level 1:colcon.colcon_core.package_identification:_identify(.) by extension 'ignore_ament_install'
[0.272s] Level 1:colcon.colcon_core.package_identification:_identify(.) by extensions ['colcon_pkg']
[0.272s] Level 1:colcon.colcon_core.package_identification:_identify(.) by extension 'colcon_pkg'
[0.272s] Level 1:colcon.colcon_core.package_identification:_identify(.) by extensions ['colcon_meta']
[0.272s] Level 1:colcon.colcon_core.package_identification:_identify(.) by extension 'colcon_meta'
[0.272s] Level 1:colcon.colcon_core.package_identification:_identify(.) by extensions ['ros']
[0.272s] Level 1:colcon.colcon_core.package_identification:_identify(.) by extension 'ros'
[0.287s] Level 1:colcon.colcon_core.package_identification:_identify(.) by extensions ['cmake', 'python']
[0.287s] Level 1:colcon.colcon_core.package_identification:_identify(.) by extension 'cmake'
[0.287s] Level 1:colcon.colcon_core.package_identification:_identify(.) by extension 'python'
[0.287s] Level 1:colcon.colcon_core.package_identification:_identify(.) by extensions ['python_setup_py']
[0.287s] Level 1:colcon.colcon_core.package_identification:_identify(.) by extension 'python_setup_py'
[0.287s] Level 1:colcon.colcon_core.package_identification:_identify(build) by extensions ['ignore', 'ignore_ament_install']
[0.288s] Level 1:colcon.colcon_core.package_identification:_identify(build) by extension 'ignore'
[0.288s] Level 1:colcon.colcon_core.package_identification:_identify(build) ignored
[0.288s] Level 1:colcon.colcon_core.package_identification:_identify(install) by extensions ['ignore', 'ignore_ament_install']
[0.288s] Level 1:colcon.colcon_core.package_identification:_identify(install) by extension 'ignore'
[0.288s] Level 1:colcon.colcon_core.package_identification:_identify(install) ignored
[0.288s] Level 1:colcon.colcon_core.package_identification:_identify(log) by extensions ['ignore', 'ignore_ament_install']
[0.288s] Level 1:colcon.colcon_core.package_identification:_identify(log) by extension 'ignore'
[0.288s] Level 1:colcon.colcon_core.package_identification:_identify(log) ignored
[0.288s] Level 1:colcon.colcon_core.package_identification:_identify(src) by extensions ['ignore', 'ignore_ament_install']
[0.288s] Level 1:colcon.colcon_core.package_identification:_identify(src) by extension 'ignore'
[0.289s] Level 1:colcon.colcon_core.package_identification:_identify(src) by extension 'ignore_ament_install'
[0.289s] Level 1:colcon.colcon_core.package_identification:_identify(src) by extensions ['colcon_pkg']
[0.289s] Level 1:colcon.colcon_core.package_identification:_identify(src) by extension 'colcon_pkg'
[0.289s] Level 1:colcon.colcon_core.package_identification:_identify(src) by extensions ['colcon_meta']
[0.289s] Level 1:colcon.colcon_core.package_identification:_identify(src) by extension 'colcon_meta'
[0.289s] Level 1:colcon.colcon_core.package_identification:_identify(src) by extensions ['ros']
[0.289s] Level 1:colcon.colcon_core.package_identification:_identify(src) by extension 'ros'
[0.289s] Level 1:colcon.colcon_core.package_identification:_identify(src) by extensions ['cmake', 'python']
[0.289s] Level 1:colcon.colcon_core.package_identification:_identify(src) by extension 'cmake'
[0.289s] Level 1:colcon.colcon_core.package_identification:_identify(src) by extension 'python'
[0.289s] Level 1:colcon.colcon_core.package_identification:_identify(src) by extensions ['python_setup_py']
[0.289s] Level 1:colcon.colcon_core.package_identification:_identify(src) by extension 'python_setup_py'
[0.289s] Level 1:colcon.colcon_core.package_identification:_identify(src/turtlesim_catch_them_all) by extensions ['ignore', 'ignore_ament_install']
[0.289s] Level 1:colcon.colcon_core.package_identification:_identify(src/turtlesim_catch_them_all) by extension 'ignore'
[0.289s] Level 1:colcon.colcon_core.package_identification:_identify(src/turtlesim_catch_them_all) by extension 'ignore_ament_install'
[0.290s] Level 1:colcon.colcon_core.package_identification:_identify(src/turtlesim_catch_them_all) by extensions ['colcon_pkg']
[0.290s] Level 1:colcon.colcon_core.package_identification:_identify(src/turtlesim_catch_them_all) by extension 'colcon_pkg'
[0.290s] Level 1:colcon.colcon_core.package_identification:_identify(src/turtlesim_catch_them_all) by extensions ['colcon_meta']
[0.290s] Level 1:colcon.colcon_core.package_identification:_identify(src/turtlesim_catch_them_all) by extension 'colcon_meta'
[0.290s] Level 1:colcon.colcon_core.package_identification:_identify(src/turtlesim_catch_them_all) by extensions ['ros']
[0.290s] Level 1:colcon.colcon_core.package_identification:_identify(src/turtlesim_catch_them_all) by extension 'ros'
[0.292s] DEBUG:colcon.colcon_core.package_identification:Package 'src/turtlesim_catch_them_all' with type 'ros.ament_python' and name 'turtlesim_catch_them_all'
[0.292s] Level 1:colcon.colcon_core.package_identification:_identify(src/turtlesim_interfaces) by extensions ['ignore', 'ignore_ament_install']
[0.292s] Level 1:colcon.colcon_core.package_identification:_identify(src/turtlesim_interfaces) by extension 'ignore'
[0.292s] Level 1:colcon.colcon_core.package_identification:_identify(src/turtlesim_interfaces) by extension 'ignore_ament_install'
[0.292s] Level 1:colcon.colcon_core.package_identification:_identify(src/turtlesim_interfaces) by extensions ['colcon_pkg']
[0.292s] Level 1:colcon.colcon_core.package_identification:_identify(src/turtlesim_interfaces) by extension 'colcon_pkg'
[0.292s] Level 1:colcon.colcon_core.package_identification:_identify(src/turtlesim_interfaces) by extensions ['colcon_meta']
[0.292s] Level 1:colcon.colcon_core.package_identification:_identify(src/turtlesim_interfaces) by extension 'colcon_meta'
[0.293s] Level 1:colcon.colcon_core.package_identification:_identify(src/turtlesim_interfaces) by extensions ['ros']
[0.293s] Level 1:colcon.colcon_core.package_identification:_identify(src/turtlesim_interfaces) by extension 'ros'
[0.293s] DEBUG:colcon.colcon_core.package_identification:Package 'src/turtlesim_interfaces' with type 'ros.ament_cmake' and name 'turtlesim_interfaces'
[0.293s] Level 1:colcon.colcon_core.package_discovery:discover_packages(recursive) using defaults
[0.293s] Level 1:colcon.colcon_core.package_discovery:discover_packages(ignore) discover
[0.293s] Level 1:colcon.colcon_core.package_discovery:discover_packages(ignore) using defaults
[0.293s] Level 1:colcon.colcon_core.package_discovery:discover_packages(path) discover
[0.293s] Level 1:colcon.colcon_core.package_discovery:discover_packages(path) using defaults
[0.309s] INFO:colcon.colcon_core.package_selection:Skipping not selected package 'turtlesim_catch_them_all' in 'src/turtlesim_catch_them_all'
[0.310s] Level 1:colcon.colcon_core.package_discovery:discover_packages(prefix_path) check parameters
[0.310s] Level 1:colcon.colcon_core.package_discovery:discover_packages(prefix_path) discover
[0.312s] DEBUG:colcon.colcon_installed_package_information.package_discovery:Found 3 installed packages in /home/karthik/turtlesim_ws/install
[0.313s] DEBUG:colcon.colcon_installed_package_information.package_discovery:Found 3 installed packages in /home/karthik/ros2_ws/install
[0.314s] DEBUG:colcon.colcon_installed_package_information.package_discovery:Found 256 installed packages in /opt/ros/foxy
[0.316s] Level 1:colcon.colcon_core.package_discovery:discover_packages(prefix_path) using defaults
[0.371s] Level 5:colcon.colcon_core.verb:set package 'turtlesim_interfaces' build argument 'cmake_args' from command line to 'None'
[0.371s] Level 5:colcon.colcon_core.verb:set package 'turtlesim_interfaces' build argument 'cmake_target' from command line to 'None'
[0.371s] Level 5:colcon.colcon_core.verb:set package 'turtlesim_interfaces' build argument 'cmake_target_skip_unavailable' from command line to 'False'
[0.371s] Level 5:colcon.colcon_core.verb:set package 'turtlesim_interfaces' build argument 'cmake_clean_cache' from command line to 'False'
[0.371s] Level 5:colcon.colcon_core.verb:set package 'turtlesim_interfaces' build argument 'cmake_clean_first' from command line to 'False'
[0.371s] Level 5:colcon.colcon_core.verb:set package 'turtlesim_interfaces' build argument 'cmake_force_configure' from command line to 'False'
[0.371s] Level 5:colcon.colcon_core.verb:set package 'turtlesim_interfaces' build argument 'ament_cmake_args' from command line to 'None'
[0.371s] Level 5:colcon.colcon_core.verb:set package 'turtlesim_interfaces' build argument 'catkin_cmake_args' from command line to 'None'
[0.371s] Level 5:colcon.colcon_core.verb:set package 'turtlesim_interfaces' build argument 'catkin_skip_building_tests' from command line to 'False'
[0.371s] DEBUG:colcon.colcon_core.verb:Building package 'turtlesim_interfaces' with the following arguments: {'ament_cmake_args': None, 'build_base': '/home/karthik/turtlesim_ws/build/turtlesim_interfaces', 'catkin_cmake_args': None, 'catkin_skip_building_tests': False, 'cmake_args': None, 'cmake_clean_cache': False, 'cmake_clean_first': False, 'cmake_force_configure': False, 'cmake_target': None, 'cmake_target_skip_unavailable': False, 'install_base': '/home/karthik/turtlesim_ws/install/turtlesim_interfaces', 'merge_install': False, 'path': '/home/karthik/turtlesim_ws/src/turtlesim_interfaces', 'symlink_install': True, 'test_result_base': None}
[0.372s] INFO:colcon.colcon_core.executor:Executing jobs using 'parallel' executor
[0.374s] DEBUG:colcon.colcon_parallel_executor.executor.parallel:run_until_complete
[0.375s] INFO:colcon.colcon_ros.task.ament_cmake.build:Building ROS package in '/home/karthik/turtlesim_ws/src/turtlesim_interfaces' with build type 'ament_cmake'
[0.375s] INFO:colcon.colcon_cmake.task.cmake.build:Building CMake package in '/home/karthik/turtlesim_ws/src/turtlesim_interfaces'
[0.379s] INFO:colcon.colcon_core.plugin_system:Skipping extension 'colcon_core.shell.bat': Not used on non-Windows systems
[0.379s] INFO:colcon.colcon_core.shell:Skip shell extension 'powershell' for command environment: Not usable outside of PowerShell
[0.379s] DEBUG:colcon.colcon_core.shell:Skip shell extension 'dsv' for command environment
[0.389s] DEBUG:colcon.colcon_core.event_handler.log_command:Invoking command in '/home/karthik/turtlesim_ws/build/turtlesim_interfaces': CMAKE_PREFIX_PATH=${CMAKE_PREFIX_PATH}:/home/karthik/turtlesim_ws/install/turtlesim_catch_them_all:/home/karthik/turtlesim_ws/install/snake_turtle:/home/karthik/ros2_ws/install/my_py_pkg:/opt/ros/foxy /usr/bin/cmake /home/karthik/turtlesim_ws/src/turtlesim_interfaces -DAMENT_CMAKE_SYMLINK_INSTALL=1 -DCMAKE_INSTALL_PREFIX=/home/karthik/turtlesim_ws/install/turtlesim_interfaces
[1.149s] DEBUG:colcon.colcon_core.event_handler.log_command:Invoked command in '/home/karthik/turtlesim_ws/build/turtlesim_interfaces' returned '0': CMAKE_PREFIX_PATH=${CMAKE_PREFIX_PATH}:/home/karthik/turtlesim_ws/install/turtlesim_catch_them_all:/home/karthik/turtlesim_ws/install/snake_turtle:/home/karthik/ros2_ws/install/my_py_pkg:/opt/ros/foxy /usr/bin/cmake /home/karthik/turtlesim_ws/src/turtlesim_interfaces -DAMENT_CMAKE_SYMLINK_INSTALL=1 -DCMAKE_INSTALL_PREFIX=/home/karthik/turtlesim_ws/install/turtlesim_interfaces
[1.150s] DEBUG:colcon.colcon_core.event_handler.log_command:Invoking command in '/home/karthik/turtlesim_ws/build/turtlesim_interfaces': CMAKE_PREFIX_PATH=${CMAKE_PREFIX_PATH}:/home/karthik/turtlesim_ws/install/turtlesim_catch_them_all:/home/karthik/turtlesim_ws/install/snake_turtle:/home/karthik/ros2_ws/install/my_py_pkg:/opt/ros/foxy /usr/bin/cmake --build /home/karthik/turtlesim_ws/build/turtlesim_interfaces -- -j8 -l8
[11.383s] DEBUG:colcon.colcon_core.event_handler.log_command:Invoked command in '/home/karthik/turtlesim_ws/build/turtlesim_interfaces' returned '0': CMAKE_PREFIX_PATH=${CMAKE_PREFIX_PATH}:/home/karthik/turtlesim_ws/install/turtlesim_catch_them_all:/home/karthik/turtlesim_ws/install/snake_turtle:/home/karthik/ros2_ws/install/my_py_pkg:/opt/ros/foxy /usr/bin/cmake --build /home/karthik/turtlesim_ws/build/turtlesim_interfaces -- -j8 -l8
[11.479s] DEBUG:colcon.colcon_core.event_handler.log_command:Invoking command in '/home/karthik/turtlesim_ws/build/turtlesim_interfaces': CMAKE_PREFIX_PATH=${CMAKE_PREFIX_PATH}:/home/karthik/turtlesim_ws/install/turtlesim_catch_them_all:/home/karthik/turtlesim_ws/install/snake_turtle:/home/karthik/ros2_ws/install/my_py_pkg:/opt/ros/foxy /usr/bin/cmake --install /home/karthik/turtlesim_ws/build/turtlesim_interfaces
[12.223s] Level 1:colcon.colcon_core.environment:create_environment_scripts_only(turtlesim_interfaces)
[12.224s] DEBUG:colcon.colcon_core.event_handler.log_command:Invoked command in '/home/karthik/turtlesim_ws/build/turtlesim_interfaces' returned '0': CMAKE_PREFIX_PATH=${CMAKE_PREFIX_PATH}:/home/karthik/turtlesim_ws/install/turtlesim_catch_them_all:/home/karthik/turtlesim_ws/install/snake_turtle:/home/karthik/ros2_ws/install/my_py_pkg:/opt/ros/foxy /usr/bin/cmake --install /home/karthik/turtlesim_ws/build/turtlesim_interfaces
[12.228s] Level 1:colcon.colcon_core.environment:checking '/home/karthik/turtlesim_ws/install/turtlesim_interfaces' for CMake module files
[12.229s] Level 1:colcon.colcon_core.environment:checking '/home/karthik/turtlesim_ws/install/turtlesim_interfaces' for CMake config files
[12.229s] Level 1:colcon.colcon_core.shell:create_environment_hook('turtlesim_interfaces', 'cmake_prefix_path')
[12.230s] INFO:colcon.colcon_core.shell:Creating environment hook '/home/karthik/turtlesim_ws/install/turtlesim_interfaces/share/turtlesim_interfaces/hook/cmake_prefix_path.ps1'
[12.231s] INFO:colcon.colcon_core.shell:Creating environment descriptor '/home/karthik/turtlesim_ws/install/turtlesim_interfaces/share/turtlesim_interfaces/hook/cmake_prefix_path.dsv'
[12.231s] INFO:colcon.colcon_core.shell:Creating environment hook '/home/karthik/turtlesim_ws/install/turtlesim_interfaces/share/turtlesim_interfaces/hook/cmake_prefix_path.sh'
[12.232s] Level 1:colcon.colcon_core.environment:checking '/home/karthik/turtlesim_ws/install/turtlesim_interfaces/lib'
[12.232s] Level 1:colcon.colcon_core.shell:create_environment_hook('turtlesim_interfaces', 'ld_library_path_lib')
[12.233s] INFO:colcon.colcon_core.shell:Creating environment hook '/home/karthik/turtlesim_ws/install/turtlesim_interfaces/share/turtlesim_interfaces/hook/ld_library_path_lib.ps1'
[12.234s] INFO:colcon.colcon_core.shell:Creating environment descriptor '/home/karthik/turtlesim_ws/install/turtlesim_interfaces/share/turtlesim_interfaces/hook/ld_library_path_lib.dsv'
[12.234s] INFO:colcon.colcon_core.shell:Creating environment hook '/home/karthik/turtlesim_ws/install/turtlesim_interfaces/share/turtlesim_interfaces/hook/ld_library_path_lib.sh'
[12.234s] Level 1:colcon.colcon_core.environment:checking '/home/karthik/turtlesim_ws/install/turtlesim_interfaces/bin'
[12.234s] Level 1:colcon.colcon_core.environment:checking '/home/karthik/turtlesim_ws/install/turtlesim_interfaces/lib/pkgconfig/turtlesim_interfaces.pc'
[12.235s] Level 1:colcon.colcon_core.environment:checking '/home/karthik/turtlesim_ws/install/turtlesim_interfaces/lib/python3.8/site-packages'
[12.235s] Level 1:colcon.colcon_core.shell:create_environment_hook('turtlesim_interfaces', 'pythonpath')
[12.236s] INFO:colcon.colcon_core.shell:Creating environment hook '/home/karthik/turtlesim_ws/install/turtlesim_interfaces/share/turtlesim_interfaces/hook/pythonpath.ps1'
[12.236s] INFO:colcon.colcon_core.shell:Creating environment descriptor '/home/karthik/turtlesim_ws/install/turtlesim_interfaces/share/turtlesim_interfaces/hook/pythonpath.dsv'
[12.236s] INFO:colcon.colcon_core.shell:Creating environment hook '/home/karthik/turtlesim_ws/install/turtlesim_interfaces/share/turtlesim_interfaces/hook/pythonpath.sh'
[12.237s] Level 1:colcon.colcon_core.environment:checking '/home/karthik/turtlesim_ws/install/turtlesim_interfaces/bin'
[12.238s] INFO:colcon.colcon_core.shell:Creating package script '/home/karthik/turtlesim_ws/install/turtlesim_interfaces/share/turtlesim_interfaces/package.ps1'
[12.239s] INFO:colcon.colcon_core.shell:Creating package descriptor '/home/karthik/turtlesim_ws/install/turtlesim_interfaces/share/turtlesim_interfaces/package.dsv'
[12.239s] INFO:colcon.colcon_core.shell:Creating package script '/home/karthik/turtlesim_ws/install/turtlesim_interfaces/share/turtlesim_interfaces/package.sh'
[12.240s] INFO:colcon.colcon_core.shell:Creating package script '/home/karthik/turtlesim_ws/install/turtlesim_interfaces/share/turtlesim_interfaces/package.bash'
[12.240s] INFO:colcon.colcon_core.shell:Creating package script '/home/karthik/turtlesim_ws/install/turtlesim_interfaces/share/turtlesim_interfaces/package.zsh'
[12.241s] Level 1:colcon.colcon_core.environment:create_file_with_runtime_dependencies(/home/karthik/turtlesim_ws/install/turtlesim_interfaces/share/colcon-core/packages/turtlesim_interfaces)
[12.307s] Level 1:colcon.colcon_core.environment:create_environment_scripts_only(turtlesim_interfaces)
[12.309s] Level 1:colcon.colcon_core.environment:checking '/home/karthik/turtlesim_ws/install/turtlesim_interfaces' for CMake module files
[12.309s] Level 1:colcon.colcon_core.environment:checking '/home/karthik/turtlesim_ws/install/turtlesim_interfaces' for CMake config files
[12.310s] Level 1:colcon.colcon_core.shell:create_environment_hook('turtlesim_interfaces', 'cmake_prefix_path')
[12.311s] INFO:colcon.colcon_core.shell:Creating environment hook '/home/karthik/turtlesim_ws/install/turtlesim_interfaces/share/turtlesim_interfaces/hook/cmake_prefix_path.ps1'
[12.311s] INFO:colcon.colcon_core.shell:Creating environment descriptor '/home/karthik/turtlesim_ws/install/turtlesim_interfaces/share/turtlesim_interfaces/hook/cmake_prefix_path.dsv'
[12.311s] INFO:colcon.colcon_core.shell:Creating environment hook '/home/karthik/turtlesim_ws/install/turtlesim_interfaces/share/turtlesim_interfaces/hook/cmake_prefix_path.sh'
[12.312s] Level 1:colcon.colcon_core.environment:checking '/home/karthik/turtlesim_ws/install/turtlesim_interfaces/lib'
[12.312s] Level 1:colcon.colcon_core.shell:create_environment_hook('turtlesim_interfaces', 'ld_library_path_lib')
[12.313s] INFO:colcon.colcon_core.shell:Creating environment hook '/home/karthik/turtlesim_ws/install/turtlesim_interfaces/share/turtlesim_interfaces/hook/ld_library_path_lib.ps1'
[12.313s] INFO:colcon.colcon_core.shell:Creating environment descriptor '/home/karthik/turtlesim_ws/install/turtlesim_interfaces/share/turtlesim_interfaces/hook/ld_library_path_lib.dsv'
[12.313s] INFO:colcon.colcon_core.shell:Creating environment hook '/home/karthik/turtlesim_ws/install/turtlesim_interfaces/share/turtlesim_interfaces/hook/ld_library_path_lib.sh'
[12.314s] Level 1:colcon.colcon_core.environment:checking '/home/karthik/turtlesim_ws/install/turtlesim_interfaces/bin'
[12.314s] Level 1:colcon.colcon_core.environment:checking '/home/karthik/turtlesim_ws/install/turtlesim_interfaces/lib/pkgconfig/turtlesim_interfaces.pc'
[12.314s] Level 1:colcon.colcon_core.environment:checking '/home/karthik/turtlesim_ws/install/turtlesim_interfaces/lib/python3.8/site-packages'
[12.314s] Level 1:colcon.colcon_core.shell:create_environment_hook('turtlesim_interfaces', 'pythonpath')
[12.315s] INFO:colcon.colcon_core.shell:Creating environment hook '/home/karthik/turtlesim_ws/install/turtlesim_interfaces/share/turtlesim_interfaces/hook/pythonpath.ps1'
[12.315s] INFO:colcon.colcon_core.shell:Creating environment descriptor '/home/karthik/turtlesim_ws/install/turtlesim_interfaces/share/turtlesim_interfaces/hook/pythonpath.dsv'
[12.315s] INFO:colcon.colcon_core.shell:Creating environment hook '/home/karthik/turtlesim_ws/install/turtlesim_interfaces/share/turtlesim_interfaces/hook/pythonpath.sh'
[12.316s] Level 1:colcon.colcon_core.environment:checking '/home/karthik/turtlesim_ws/install/turtlesim_interfaces/bin'
[12.317s] INFO:colcon.colcon_core.shell:Creating package script '/home/karthik/turtlesim_ws/install/turtlesim_interfaces/share/turtlesim_interfaces/package.ps1'
[12.317s] INFO:colcon.colcon_core.shell:Creating package descriptor '/home/karthik/turtlesim_ws/install/turtlesim_interfaces/share/turtlesim_interfaces/package.dsv'
[12.318s] INFO:colcon.colcon_core.shell:Creating package script '/home/karthik/turtlesim_ws/install/turtlesim_interfaces/share/turtlesim_interfaces/package.sh'
[12.318s] INFO:colcon.colcon_core.shell:Creating package script '/home/karthik/turtlesim_ws/install/turtlesim_interfaces/share/turtlesim_interfaces/package.bash'
[12.318s] INFO:colcon.colcon_core.shell:Creating package script '/home/karthik/turtlesim_ws/install/turtlesim_interfaces/share/turtlesim_interfaces/package.zsh'
[12.319s] Level 1:colcon.colcon_core.environment:create_file_with_runtime_dependencies(/home/karthik/turtlesim_ws/install/turtlesim_interfaces/share/colcon-core/packages/turtlesim_interfaces)
[12.319s] DEBUG:colcon.colcon_parallel_executor.executor.parallel:closing loop
[12.319s] DEBUG:colcon.colcon_parallel_executor.executor.parallel:loop closed
[12.319s] DEBUG:colcon.colcon_parallel_executor.executor.parallel:run_until_complete finished with '0'
[12.319s] DEBUG:colcon.colcon_core.event_reactor:joining thread
[12.324s] INFO:colcon.colcon_core.plugin_system:Skipping extension 'colcon_notification.desktop_notification.terminal_notifier': Not used on non-Darwin systems
[12.324s] INFO:colcon.colcon_core.plugin_system:Skipping extension 'colcon_notification.desktop_notification.win32': Not used on non-Windows systems
[12.324s] INFO:colcon.colcon_notification.desktop_notification:Sending desktop notification using 'notify2'
[12.336s] DEBUG:colcon.colcon_core.event_reactor:joined thread
[12.337s] INFO:colcon.colcon_core.shell:Creating prefix script '/home/karthik/turtlesim_ws/install/local_setup.ps1'
[12.338s] INFO:colcon.colcon_core.shell:Creating prefix util module '/home/karthik/turtlesim_ws/install/_local_setup_util_ps1.py'
[12.339s] INFO:colcon.colcon_core.shell:Creating prefix chain script '/home/karthik/turtlesim_ws/install/setup.ps1'
[12.341s] INFO:colcon.colcon_core.shell:Creating prefix script '/home/karthik/turtlesim_ws/install/local_setup.sh'
[12.341s] INFO:colcon.colcon_core.shell:Creating prefix util module '/home/karthik/turtlesim_ws/install/_local_setup_util_sh.py'
[12.342s] INFO:colcon.colcon_core.shell:Creating prefix chain script '/home/karthik/turtlesim_ws/install/setup.sh'
[12.343s] INFO:colcon.colcon_core.shell:Creating prefix script '/home/karthik/turtlesim_ws/install/local_setup.bash'
[12.343s] INFO:colcon.colcon_core.shell:Creating prefix chain script '/home/karthik/turtlesim_ws/install/setup.bash'
[12.344s] INFO:colcon.colcon_core.shell:Creating prefix script '/home/karthik/turtlesim_ws/install/local_setup.zsh'
[12.344s] INFO:colcon.colcon_core.shell:Creating prefix chain script '/home/karthik/turtlesim_ws/install/setup.zsh'
